<?xml version="1.0" encoding="UTF-8"?>
<testsuite xmlns:xsi="http://www.w3.org/2001/XMLSchema-instance" xsi:noNamespaceSchemaLocation="https://maven.apache.org/surefire/maven-surefire-plugin/xsd/surefire-test-report-3.0.xsd" version="3.0" name="RestAssuredProject.Restful_bookerTest" time="2.845" tests="10" errors="0" skipped="0" failures="1">
  <properties>
    <property name="java.specification.version" value="19"/>
    <property name="sun.jnu.encoding" value="UTF-8"/>
    <property name="java.class.path" value="/Users/nanirambhujel/eclipse-workspace/ATBmaven/target/test-classes:/Users/nanirambhujel/eclipse-workspace/ATBmaven/target/classes:/Users/nanirambhujel/.m2/repository/io/rest-assured/rest-assured/5.3.0/rest-assured-5.3.0.jar:/Users/nanirambhujel/.m2/repository/org/apache/groovy/groovy/4.0.6/groovy-4.0.6.jar:/Users/nanirambhujel/.m2/repository/org/apache/groovy/groovy-xml/4.0.6/groovy-xml-4.0.6.jar:/Users/nanirambhujel/.m2/repository/org/apache/httpcomponents/httpclient/4.5.13/httpclient-4.5.13.jar:/Users/nanirambhujel/.m2/repository/org/apache/httpcomponents/httpcore/4.4.13/httpcore-4.4.13.jar:/Users/nanirambhujel/.m2/repository/commons-logging/commons-logging/1.2/commons-logging-1.2.jar:/Users/nanirambhujel/.m2/repository/commons-codec/commons-codec/1.11/commons-codec-1.11.jar:/Users/nanirambhujel/.m2/repository/org/apache/httpcomponents/httpmime/4.5.13/httpmime-4.5.13.jar:/Users/nanirambhujel/.m2/repository/org/hamcrest/hamcrest/2.1/hamcrest-2.1.jar:/Users/nanirambhujel/.m2/repository/org/ccil/cowan/tagsoup/tagsoup/1.2.1/tagsoup-1.2.1.jar:/Users/nanirambhujel/.m2/repository/io/rest-assured/xml-path/5.3.0/xml-path-5.3.0.jar:/Users/nanirambhujel/.m2/repository/org/apache/commons/commons-lang3/3.11/commons-lang3-3.11.jar:/Users/nanirambhujel/.m2/repository/org/testng/testng/7.7.1/testng-7.7.1.jar:/Users/nanirambhujel/.m2/repository/org/slf4j/slf4j-api/1.7.36/slf4j-api-1.7.36.jar:/Users/nanirambhujel/.m2/repository/com/beust/jcommander/1.82/jcommander-1.82.jar:/Users/nanirambhujel/.m2/repository/org/webjars/jquery/3.6.1/jquery-3.6.1.jar:/Users/nanirambhujel/.m2/repository/io/rest-assured/json-path/5.3.0/json-path-5.3.0.jar:/Users/nanirambhujel/.m2/repository/org/apache/groovy/groovy-json/4.0.6/groovy-json-4.0.6.jar:/Users/nanirambhujel/.m2/repository/io/rest-assured/rest-assured-common/5.3.0/rest-assured-common-5.3.0.jar:/Users/nanirambhujel/.m2/repository/org/json/json/20220924/json-20220924.jar:/Users/nanirambhujel/.m2/repository/com/google/code/gson/gson/2.10.1/gson-2.10.1.jar:/Users/nanirambhujel/.m2/repository/com/github/scribejava/scribejava-apis/8.3.3/scribejava-apis-8.3.3.jar:/Users/nanirambhujel/.m2/repository/com/github/scribejava/scribejava-core/8.3.3/scribejava-core-8.3.3.jar:/Users/nanirambhujel/.m2/repository/com/github/scribejava/scribejava-java8/8.3.3/scribejava-java8-8.3.3.jar:/Users/nanirambhujel/.m2/repository/com/fasterxml/jackson/core/jackson-databind/2.14.2/jackson-databind-2.14.2.jar:/Users/nanirambhujel/.m2/repository/com/fasterxml/jackson/core/jackson-annotations/2.14.2/jackson-annotations-2.14.2.jar:/Users/nanirambhujel/.m2/repository/com/fasterxml/jackson/core/jackson-core/2.14.2/jackson-core-2.14.2.jar:/Users/nanirambhujel/.m2/repository/io/rest-assured/json-schema-validator/5.1.1/json-schema-validator-5.1.1.jar:/Users/nanirambhujel/.m2/repository/com/github/java-json-tools/json-schema-validator/2.2.14/json-schema-validator-2.2.14.jar:/Users/nanirambhujel/.m2/repository/com/google/guava/guava/28.2-android/guava-28.2-android.jar:/Users/nanirambhujel/.m2/repository/com/google/guava/failureaccess/1.0.1/failureaccess-1.0.1.jar:/Users/nanirambhujel/.m2/repository/com/google/guava/listenablefuture/9999.0-empty-to-avoid-conflict-with-guava/listenablefuture-9999.0-empty-to-avoid-conflict-with-guava.jar:/Users/nanirambhujel/.m2/repository/org/checkerframework/checker-compat-qual/2.5.5/checker-compat-qual-2.5.5.jar:/Users/nanirambhujel/.m2/repository/com/google/errorprone/error_prone_annotations/2.3.4/error_prone_annotations-2.3.4.jar:/Users/nanirambhujel/.m2/repository/com/google/j2objc/j2objc-annotations/1.3/j2objc-annotations-1.3.jar:/Users/nanirambhujel/.m2/repository/com/github/java-json-tools/jackson-coreutils-equivalence/1.0/jackson-coreutils-equivalence-1.0.jar:/Users/nanirambhujel/.m2/repository/com/github/java-json-tools/jackson-coreutils/2.0/jackson-coreutils-2.0.jar:/Users/nanirambhujel/.m2/repository/com/github/java-json-tools/msg-simple/1.2/msg-simple-1.2.jar:/Users/nanirambhujel/.m2/repository/com/github/java-json-tools/btf/1.3/btf-1.3.jar:/Users/nanirambhujel/.m2/repository/com/github/java-json-tools/json-schema-core/1.2.14/json-schema-core-1.2.14.jar:/Users/nanirambhujel/.m2/repository/com/github/java-json-tools/uri-template/0.10/uri-template-0.10.jar:/Users/nanirambhujel/.m2/repository/org/mozilla/rhino/1.7.7.2/rhino-1.7.7.2.jar:/Users/nanirambhujel/.m2/repository/com/sun/mail/mailapi/1.6.2/mailapi-1.6.2.jar:/Users/nanirambhujel/.m2/repository/joda-time/joda-time/2.10.5/joda-time-2.10.5.jar:/Users/nanirambhujel/.m2/repository/com/googlecode/libphonenumber/libphonenumber/8.11.1/libphonenumber-8.11.1.jar:/Users/nanirambhujel/.m2/repository/com/google/code/findbugs/jsr305/3.0.2/jsr305-3.0.2.jar:/Users/nanirambhujel/.m2/repository/net/sf/jopt-simple/jopt-simple/5.0.4/jopt-simple-5.0.4.jar:/Users/nanirambhujel/.m2/repository/org/skyscreamer/jsonassert/1.5.1/jsonassert-1.5.1.jar:/Users/nanirambhujel/.m2/repository/com/vaadin/external/google/android-json/0.0.20131108.vaadin1/android-json-0.0.20131108.vaadin1.jar:/Users/nanirambhujel/.m2/repository/io/qameta/allure/allure-testng/2.21.0/allure-testng-2.21.0.jar:/Users/nanirambhujel/.m2/repository/io/qameta/allure/allure-java-commons/2.21.0/allure-java-commons-2.21.0.jar:/Users/nanirambhujel/.m2/repository/io/qameta/allure/allure-model/2.21.0/allure-model-2.21.0.jar:/Users/nanirambhujel/.m2/repository/io/qameta/allure/allure-test-filter/2.21.0/allure-test-filter-2.21.0.jar:"/>
    <property name="java.vm.vendor" value="Homebrew"/>
    <property name="sun.arch.data.model" value="64"/>
    <property name="java.vendor.url" value="https://github.com/Homebrew/homebrew-core/issues"/>
    <property name="user.timezone" value="America/New_York"/>
    <property name="suiteXmlFile" value="testng.xml"/>
    <property name="os.name" value="Mac OS X"/>
    <property name="java.vm.specification.version" value="19"/>
    <property name="sun.java.launcher" value="SUN_STANDARD"/>
    <property name="user.country" value="US"/>
    <property name="sun.boot.library.path" value="/opt/homebrew/Cellar/openjdk/19.0.2/libexec/openjdk.jdk/Contents/Home/lib"/>
    <property name="sun.java.command" value="/Users/nanirambhujel/eclipse-workspace/ATBmaven/target/surefire/surefirebooter-20230219115836120_3.jar /Users/nanirambhujel/eclipse-workspace/ATBmaven/target/surefire 2023-02-19T11-58-35_505-jvmRun1 surefire-20230219115836120_1tmp surefire_0-20230219115836120_2tmp"/>
    <property name="http.nonProxyHosts" value="local|*.local|169.254/16|*.169.254/16"/>
    <property name="jdk.debug" value="release"/>
    <property name="surefire.test.class.path" value="/Users/nanirambhujel/eclipse-workspace/ATBmaven/target/test-classes:/Users/nanirambhujel/eclipse-workspace/ATBmaven/target/classes:/Users/nanirambhujel/.m2/repository/io/rest-assured/rest-assured/5.3.0/rest-assured-5.3.0.jar:/Users/nanirambhujel/.m2/repository/org/apache/groovy/groovy/4.0.6/groovy-4.0.6.jar:/Users/nanirambhujel/.m2/repository/org/apache/groovy/groovy-xml/4.0.6/groovy-xml-4.0.6.jar:/Users/nanirambhujel/.m2/repository/org/apache/httpcomponents/httpclient/4.5.13/httpclient-4.5.13.jar:/Users/nanirambhujel/.m2/repository/org/apache/httpcomponents/httpcore/4.4.13/httpcore-4.4.13.jar:/Users/nanirambhujel/.m2/repository/commons-logging/commons-logging/1.2/commons-logging-1.2.jar:/Users/nanirambhujel/.m2/repository/commons-codec/commons-codec/1.11/commons-codec-1.11.jar:/Users/nanirambhujel/.m2/repository/org/apache/httpcomponents/httpmime/4.5.13/httpmime-4.5.13.jar:/Users/nanirambhujel/.m2/repository/org/hamcrest/hamcrest/2.1/hamcrest-2.1.jar:/Users/nanirambhujel/.m2/repository/org/ccil/cowan/tagsoup/tagsoup/1.2.1/tagsoup-1.2.1.jar:/Users/nanirambhujel/.m2/repository/io/rest-assured/xml-path/5.3.0/xml-path-5.3.0.jar:/Users/nanirambhujel/.m2/repository/org/apache/commons/commons-lang3/3.11/commons-lang3-3.11.jar:/Users/nanirambhujel/.m2/repository/org/testng/testng/7.7.1/testng-7.7.1.jar:/Users/nanirambhujel/.m2/repository/org/slf4j/slf4j-api/1.7.36/slf4j-api-1.7.36.jar:/Users/nanirambhujel/.m2/repository/com/beust/jcommander/1.82/jcommander-1.82.jar:/Users/nanirambhujel/.m2/repository/org/webjars/jquery/3.6.1/jquery-3.6.1.jar:/Users/nanirambhujel/.m2/repository/io/rest-assured/json-path/5.3.0/json-path-5.3.0.jar:/Users/nanirambhujel/.m2/repository/org/apache/groovy/groovy-json/4.0.6/groovy-json-4.0.6.jar:/Users/nanirambhujel/.m2/repository/io/rest-assured/rest-assured-common/5.3.0/rest-assured-common-5.3.0.jar:/Users/nanirambhujel/.m2/repository/org/json/json/20220924/json-20220924.jar:/Users/nanirambhujel/.m2/repository/com/google/code/gson/gson/2.10.1/gson-2.10.1.jar:/Users/nanirambhujel/.m2/repository/com/github/scribejava/scribejava-apis/8.3.3/scribejava-apis-8.3.3.jar:/Users/nanirambhujel/.m2/repository/com/github/scribejava/scribejava-core/8.3.3/scribejava-core-8.3.3.jar:/Users/nanirambhujel/.m2/repository/com/github/scribejava/scribejava-java8/8.3.3/scribejava-java8-8.3.3.jar:/Users/nanirambhujel/.m2/repository/com/fasterxml/jackson/core/jackson-databind/2.14.2/jackson-databind-2.14.2.jar:/Users/nanirambhujel/.m2/repository/com/fasterxml/jackson/core/jackson-annotations/2.14.2/jackson-annotations-2.14.2.jar:/Users/nanirambhujel/.m2/repository/com/fasterxml/jackson/core/jackson-core/2.14.2/jackson-core-2.14.2.jar:/Users/nanirambhujel/.m2/repository/io/rest-assured/json-schema-validator/5.1.1/json-schema-validator-5.1.1.jar:/Users/nanirambhujel/.m2/repository/com/github/java-json-tools/json-schema-validator/2.2.14/json-schema-validator-2.2.14.jar:/Users/nanirambhujel/.m2/repository/com/google/guava/guava/28.2-android/guava-28.2-android.jar:/Users/nanirambhujel/.m2/repository/com/google/guava/failureaccess/1.0.1/failureaccess-1.0.1.jar:/Users/nanirambhujel/.m2/repository/com/google/guava/listenablefuture/9999.0-empty-to-avoid-conflict-with-guava/listenablefuture-9999.0-empty-to-avoid-conflict-with-guava.jar:/Users/nanirambhujel/.m2/repository/org/checkerframework/checker-compat-qual/2.5.5/checker-compat-qual-2.5.5.jar:/Users/nanirambhujel/.m2/repository/com/google/errorprone/error_prone_annotations/2.3.4/error_prone_annotations-2.3.4.jar:/Users/nanirambhujel/.m2/repository/com/google/j2objc/j2objc-annotations/1.3/j2objc-annotations-1.3.jar:/Users/nanirambhujel/.m2/repository/com/github/java-json-tools/jackson-coreutils-equivalence/1.0/jackson-coreutils-equivalence-1.0.jar:/Users/nanirambhujel/.m2/repository/com/github/java-json-tools/jackson-coreutils/2.0/jackson-coreutils-2.0.jar:/Users/nanirambhujel/.m2/repository/com/github/java-json-tools/msg-simple/1.2/msg-simple-1.2.jar:/Users/nanirambhujel/.m2/repository/com/github/java-json-tools/btf/1.3/btf-1.3.jar:/Users/nanirambhujel/.m2/repository/com/github/java-json-tools/json-schema-core/1.2.14/json-schema-core-1.2.14.jar:/Users/nanirambhujel/.m2/repository/com/github/java-json-tools/uri-template/0.10/uri-template-0.10.jar:/Users/nanirambhujel/.m2/repository/org/mozilla/rhino/1.7.7.2/rhino-1.7.7.2.jar:/Users/nanirambhujel/.m2/repository/com/sun/mail/mailapi/1.6.2/mailapi-1.6.2.jar:/Users/nanirambhujel/.m2/repository/joda-time/joda-time/2.10.5/joda-time-2.10.5.jar:/Users/nanirambhujel/.m2/repository/com/googlecode/libphonenumber/libphonenumber/8.11.1/libphonenumber-8.11.1.jar:/Users/nanirambhujel/.m2/repository/com/google/code/findbugs/jsr305/3.0.2/jsr305-3.0.2.jar:/Users/nanirambhujel/.m2/repository/net/sf/jopt-simple/jopt-simple/5.0.4/jopt-simple-5.0.4.jar:/Users/nanirambhujel/.m2/repository/org/skyscreamer/jsonassert/1.5.1/jsonassert-1.5.1.jar:/Users/nanirambhujel/.m2/repository/com/vaadin/external/google/android-json/0.0.20131108.vaadin1/android-json-0.0.20131108.vaadin1.jar:/Users/nanirambhujel/.m2/repository/io/qameta/allure/allure-testng/2.21.0/allure-testng-2.21.0.jar:/Users/nanirambhujel/.m2/repository/io/qameta/allure/allure-java-commons/2.21.0/allure-java-commons-2.21.0.jar:/Users/nanirambhujel/.m2/repository/io/qameta/allure/allure-model/2.21.0/allure-model-2.21.0.jar:/Users/nanirambhujel/.m2/repository/io/qameta/allure/allure-test-filter/2.21.0/allure-test-filter-2.21.0.jar:"/>
    <property name="sun.cpu.endian" value="little"/>
    <property name="user.home" value="/Users/nanirambhujel"/>
    <property name="user.language" value="en"/>
    <property name="java.specification.vendor" value="Oracle Corporation"/>
    <property name="java.version.date" value="2023-01-17"/>
    <property name="java.home" value="/opt/homebrew/Cellar/openjdk/19.0.2/libexec/openjdk.jdk/Contents/Home"/>
    <property name="file.separator" value="/"/>
    <property name="basedir" value="/Users/nanirambhujel/eclipse-workspace/ATBmaven"/>
    <property name="java.vm.compressedOopsMode" value="Zero based"/>
    <property name="line.separator" value="&#10;"/>
    <property name="java.vm.specification.vendor" value="Oracle Corporation"/>
    <property name="java.specification.name" value="Java Platform API Specification"/>
    <property name="apple.awt.application.name" value="ForkedBooter"/>
    <property name="surefire.real.class.path" value="/Users/nanirambhujel/eclipse-workspace/ATBmaven/target/surefire/surefirebooter-20230219115836120_3.jar"/>
    <property name="sun.management.compiler" value="HotSpot 64-Bit Tiered Compilers"/>
    <property name="ftp.nonProxyHosts" value="local|*.local|169.254/16|*.169.254/16"/>
    <property name="java.runtime.version" value="19.0.2"/>
    <property name="user.name" value="nanirambhujel"/>
    <property name="stdout.encoding" value="UTF-8"/>
    <property name="path.separator" value=":"/>
    <property name="os.version" value="13.0.1"/>
    <property name="java.runtime.name" value="OpenJDK Runtime Environment"/>
    <property name="file.encoding" value="UTF-8"/>
    <property name="java.vm.name" value="OpenJDK 64-Bit Server VM"/>
    <property name="java.vendor.version" value="Homebrew"/>
    <property name="localRepository" value="/Users/nanirambhujel/.m2/repository"/>
    <property name="java.vendor.url.bug" value="https://github.com/Homebrew/homebrew-core/issues"/>
    <property name="java.io.tmpdir" value="/var/folders/qc/yfvq_mzs0z1gcncs6bkz39nh0000gn/T/"/>
    <property name="java.version" value="19.0.2"/>
    <property name="user.dir" value="/Users/nanirambhujel/eclipse-workspace/ATBmaven"/>
    <property name="os.arch" value="aarch64"/>
    <property name="java.vm.specification.name" value="Java Virtual Machine Specification"/>
    <property name="native.encoding" value="UTF-8"/>
    <property name="java.library.path" value="/Users/nanirambhujel/Library/Java/Extensions:/Library/Java/Extensions:/Network/Library/Java/Extensions:/System/Library/Java/Extensions:/usr/lib/java:."/>
    <property name="java.vm.info" value="mixed mode, sharing"/>
    <property name="stderr.encoding" value="UTF-8"/>
    <property name="java.vendor" value="Homebrew"/>
    <property name="java.vm.version" value="19.0.2"/>
    <property name="sun.io.unicode.encoding" value="UnicodeBig"/>
    <property name="socksNonProxyHosts" value="local|*.local|169.254/16|*.169.254/16"/>
    <property name="java.class.version" value="63.0"/>
  </properties>
  <testcase name="getAllRequest" classname="RestAssuredProject.Restful_bookerTest" time="1.205">
    <system-out><![CDATA[HTTP/1.1 200 OK
Server: Cowboy
Connection: keep-alive
X-Powered-By: Express
Content-Type: application/json; charset=utf-8
Content-Length: 95637
Etag: W/"17595-+Q7B7k+fzpjAeSpuf3FzUHcQkKY"
Date: Sun, 19 Feb 2023 16:58:37 GMT
Via: 1.1 vegur

[
    {
        "bookingid": 7212
    },
    {
        "bookingid": 4090
    },
    {
        "bookingid": 6526
    },
    {
        "bookingid": 1622
    },
    {
        "bookingid": 2735
    },
    {
        "bookingid": 6437
    },
    {
        "bookingid": 6840
    },
    {
        "bookingid": 7300
    },
    {
        "bookingid": 1640
    },
    {
        "bookingid": 4309
    },
    {
        "bookingid": 5558
    },
    {
        "bookingid": 1812
    },
    {
        "bookingid": 953
    },
    {
        "bookingid": 4423
    },
    {
        "bookingid": 5171
    },
    {
        "bookingid": 1988
    },
    {
        "bookingid": 5583
    },
    {
        "bookingid": 3826
    },
    {
        "bookingid": 5719
    },
    {
        "bookingid": 3766
    },
    {
        "bookingid": 2368
    },
    {
        "bookingid": 3356
    },
    {
        "bookingid": 2596
    },
    {
        "bookingid": 643
    },
    {
        "bookingid": 2214
    },
    {
        "bookingid": 4290
    },
    {
        "bookingid": 4553
    },
    {
        "bookingid": 1284
    },
    {
        "bookingid": 4499
    },
    {
        "bookingid": 1078
    },
    {
        "bookingid": 5444
    },
    {
        "bookingid": 6894
    },
    {
        "bookingid": 2056
    },
    {
        "bookingid": 1893
    },
    {
        "bookingid": 4647
    },
    {
        "bookingid": 4220
    },
    {
        "bookingid": 5391
    },
    {
        "bookingid": 2204
    },
    {
        "bookingid": 2296
    },
    {
        "bookingid": 6199
    },
    {
        "bookingid": 7360
    },
    {
        "bookingid": 2315
    },
    {
        "bookingid": 7183
    },
    {
        "bookingid": 2802
    },
    {
        "bookingid": 4098
    },
    {
        "bookingid": 1405
    },
    {
        "bookingid": 6571
    },
    {
        "bookingid": 165
    },
    {
        "bookingid": 1977
    },
    {
        "bookingid": 3893
    },
    {
        "bookingid": 6814
    },
    {
        "bookingid": 2297
    },
    {
        "bookingid": 2038
    },
    {
        "bookingid": 7393
    },
    {
        "bookingid": 3922
    },
    {
        "bookingid": 4033
    },
    {
        "bookingid": 7445
    },
    {
        "bookingid": 5441
    },
    {
        "bookingid": 2778
    },
    {
        "bookingid": 3095
    },
    {
        "bookingid": 101
    },
    {
        "bookingid": 321
    },
    {
        "bookingid": 33
    },
    {
        "bookingid": 3043
    },
    {
        "bookingid": 2073
    },
    {
        "bookingid": 1881
    },
    {
        "bookingid": 5273
    },
    {
        "bookingid": 2179
    },
    {
        "bookingid": 1207
    },
    {
        "bookingid": 7228
    },
    {
        "bookingid": 4607
    },
    {
        "bookingid": 4826
    },
    {
        "bookingid": 4684
    },
    {
        "bookingid": 2584
    },
    {
        "bookingid": 6180
    },
    {
        "bookingid": 5247
    },
    {
        "bookingid": 6130
    },
    {
        "bookingid": 3464
    },
    {
        "bookingid": 4519
    },
    {
        "bookingid": 539
    },
    {
        "bookingid": 6709
    },
    {
        "bookingid": 5663
    },
    {
        "bookingid": 6158
    },
    {
        "bookingid": 1611
    },
    {
        "bookingid": 3980
    },
    {
        "bookingid": 1826
    },
    {
        "bookingid": 6556
    },
    {
        "bookingid": 7330
    },
    {
        "bookingid": 5407
    },
    {
        "bookingid": 2003
    },
    {
        "bookingid": 4478
    },
    {
        "bookingid": 4632
    },
    {
        "bookingid": 5792
    },
    {
        "bookingid": 5728
    },
    {
        "bookingid": 6771
    },
    {
        "bookingid": 3071
    },
    {
        "bookingid": 3099
    },
    {
        "bookingid": 6118
    },
    {
        "bookingid": 6349
    },
    {
        "bookingid": 3032
    },
    {
        "bookingid": 6047
    },
    {
        "bookingid": 290
    },
    {
        "bookingid": 6811
    },
    {
        "bookingid": 2462
    },
    {
        "bookingid": 963
    },
    {
        "bookingid": 5060
    },
    {
        "bookingid": 1621
    },
    {
        "bookingid": 559
    },
    {
        "bookingid": 2002
    },
    {
        "bookingid": 1234
    },
    {
        "bookingid": 5436
    },
    {
        "bookingid": 4900
    },
    {
        "bookingid": 904
    },
    {
        "bookingid": 41
    },
    {
        "bookingid": 6320
    },
    {
        "bookingid": 32
    },
    {
        "bookingid": 3881
    },
    {
        "bookingid": 1192
    },
    {
        "bookingid": 4407
    },
    {
        "bookingid": 817
    },
    {
        "bookingid": 6910
    },
    {
        "bookingid": 7416
    },
    {
        "bookingid": 2910
    },
    {
        "bookingid": 6153
    },
    {
        "bookingid": 6754
    },
    {
        "bookingid": 4738
    },
    {
        "bookingid": 4886
    },
    {
        "bookingid": 2711
    },
    {
        "bookingid": 7234
    },
    {
        "bookingid": 458
    },
    {
        "bookingid": 5385
    },
    {
        "bookingid": 4137
    },
    {
        "bookingid": 6382
    },
    {
        "bookingid": 2455
    },
    {
        "bookingid": 5851
    },
    {
        "bookingid": 5072
    },
    {
        "bookingid": 5409
    },
    {
        "bookingid": 347
    },
    {
        "bookingid": 2900
    },
    {
        "bookingid": 2643
    },
    {
        "bookingid": 6694
    },
    {
        "bookingid": 1246
    },
    {
        "bookingid": 6161
    },
    {
        "bookingid": 2851
    },
    {
        "bookingid": 1645
    },
    {
        "bookingid": 6764
    },
    {
        "bookingid": 5099
    },
    {
        "bookingid": 1034
    },
    {
        "bookingid": 3731
    },
    {
        "bookingid": 2535
    },
    {
        "bookingid": 1811
    },
    {
        "bookingid": 106
    },
    {
        "bookingid": 5308
    },
    {
        "bookingid": 3539
    },
    {
        "bookingid": 1955
    },
    {
        "bookingid": 4457
    },
    {
        "bookingid": 95
    },
    {
        "bookingid": 1942
    },
    {
        "bookingid": 5104
    },
    {
        "bookingid": 2846
    },
    {
        "bookingid": 5523
    },
    {
        "bookingid": 1717
    },
    {
        "bookingid": 3507
    },
    {
        "bookingid": 1914
    },
    {
        "bookingid": 3692
    },
    {
        "bookingid": 1434
    },
    {
        "bookingid": 536
    },
    {
        "bookingid": 2231
    },
    {
        "bookingid": 3434
    },
    {
        "bookingid": 5169
    },
    {
        "bookingid": 1895
    },
    {
        "bookingid": 3534
    },
    {
        "bookingid": 5722
    },
    {
        "bookingid": 5414
    },
    {
        "bookingid": 4588
    },
    {
        "bookingid": 2849
    },
    {
        "bookingid": 2925
    },
    {
        "bookingid": 4408
    },
    {
        "bookingid": 2655
    },
    {
        "bookingid": 4653
    },
    {
        "bookingid": 957
    },
    {
        "bookingid": 461
    },
    {
        "bookingid": 23
    },
    {
        "bookingid": 4561
    },
    {
        "bookingid": 2225
    },
    {
        "bookingid": 4337
    },
    {
        "bookingid": 3542
    },
    {
        "bookingid": 7401
    },
    {
        "bookingid": 902
    },
    {
        "bookingid": 3540
    },
    {
        "bookingid": 4494
    },
    {
        "bookingid": 3439
    },
    {
        "bookingid": 4024
    },
    {
        "bookingid": 4399
    },
    {
        "bookingid": 995
    },
    {
        "bookingid": 1787
    },
    {
        "bookingid": 6550
    },
    {
        "bookingid": 3353
    },
    {
        "bookingid": 6538
    },
    {
        "bookingid": 4492
    },
    {
        "bookingid": 127
    },
    {
        "bookingid": 4007
    },
    {
        "bookingid": 3517
    },
    {
        "bookingid": 5355
    },
    {
        "bookingid": 2628
    },
    {
        "bookingid": 5015
    },
    {
        "bookingid": 2041
    },
    {
        "bookingid": 7355
    },
    {
        "bookingid": 709
    },
    {
        "bookingid": 2918
    },
    {
        "bookingid": 919
    },
    {
        "bookingid": 3666
    },
    {
        "bookingid": 803
    },
    {
        "bookingid": 5473
    },
    {
        "bookingid": 3565
    },
    {
        "bookingid": 2689
    },
    {
        "bookingid": 6763
    },
    {
        "bookingid": 3110
    },
    {
        "bookingid": 3824
    },
    {
        "bookingid": 3492
    },
    {
        "bookingid": 5362
    },
    {
        "bookingid": 3072
    },
    {
        "bookingid": 4143
    },
    {
        "bookingid": 6189
    },
    {
        "bookingid": 3230
    },
    {
        "bookingid": 4157
    },
    {
        "bookingid": 4640
    },
    {
        "bookingid": 4362
    },
    {
        "bookingid": 4182
    },
    {
        "bookingid": 7133
    },
    {
        "bookingid": 3900
    },
    {
        "bookingid": 1455
    },
    {
        "bookingid": 381
    },
    {
        "bookingid": 1265
    },
    {
        "bookingid": 3376
    },
    {
        "bookingid": 5641
    },
    {
        "bookingid": 4080
    },
    {
        "bookingid": 5766
    },
    {
        "bookingid": 5301
    },
    {
        "bookingid": 6890
    },
    {
        "bookingid": 2670
    },
    {
        "bookingid": 5833
    },
    {
        "bookingid": 4760
    },
    {
        "bookingid": 3520
    },
    {
        "bookingid": 5274
    },
    {
        "bookingid": 3393
    },
    {
        "bookingid": 3711
    },
    {
        "bookingid": 1886
    },
    {
        "bookingid": 2824
    },
    {
        "bookingid": 1760
    },
    {
        "bookingid": 3167
    },
    {
        "bookingid": 2351
    },
    {
        "bookingid": 5477
    },
    {
        "bookingid": 3016
    },
    {
        "bookingid": 6975
    },
    {
        "bookingid": 1177
    },
    {
        "bookingid": 6869
    },
    {
        "bookingid": 462
    },
    {
        "bookingid": 6143
    },
    {
        "bookingid": 693
    },
    {
        "bookingid": 2503
    },
    {
        "bookingid": 876
    },
    {
        "bookingid": 7209
    },
    {
        "bookingid": 6835
    },
    {
        "bookingid": 4594
    },
    {
        "bookingid": 5112
    },
    {
        "bookingid": 3134
    },
    {
        "bookingid": 4966
    },
    {
        "bookingid": 6470
    },
    {
        "bookingid": 383
    },
    {
        "bookingid": 670
    },
    {
        "bookingid": 2219
    },
    {
        "bookingid": 2988
    },
    {
        "bookingid": 4539
    },
    {
        "bookingid": 2576
    },
    {
        "bookingid": 1029
    },
    {
        "bookingid": 4656
    },
    {
        "bookingid": 3675
    },
    {
        "bookingid": 6989
    },
    {
        "bookingid": 487
    },
    {
        "bookingid": 6963
    },
    {
        "bookingid": 7288
    },
    {
        "bookingid": 1606
    },
    {
        "bookingid": 204
    },
    {
        "bookingid": 398
    },
    {
        "bookingid": 638
    },
    {
        "bookingid": 7007
    },
    {
        "bookingid": 4328
    },
    {
        "bookingid": 4405
    },
    {
        "bookingid": 5367
    },
    {
        "bookingid": 5794
    },
    {
        "bookingid": 5725
    },
    {
        "bookingid": 3370
    },
    {
        "bookingid": 1591
    },
    {
        "bookingid": 714
    },
    {
        "bookingid": 1772
    },
    {
        "bookingid": 4231
    },
    {
        "bookingid": 6518
    },
    {
        "bookingid": 1214
    },
    {
        "bookingid": 5340
    },
    {
        "bookingid": 3176
    },
    {
        "bookingid": 4200
    },
    {
        "bookingid": 2208
    },
    {
        "bookingid": 3435
    },
    {
        "bookingid": 3908
    },
    {
        "bookingid": 2665
    },
    {
        "bookingid": 5767
    },
    {
        "bookingid": 5000
    },
    {
        "bookingid": 6116
    },
    {
        "bookingid": 2459
    },
    {
        "bookingid": 3633
    },
    {
        "bookingid": 1922
    },
    {
        "bookingid": 4913
    },
    {
        "bookingid": 499
    },
    {
        "bookingid": 5775
    },
    {
        "bookingid": 3589
    },
    {
        "bookingid": 289
    },
    {
        "bookingid": 6933
    },
    {
        "bookingid": 2091
    },
    {
        "bookingid": 5258
    },
    {
        "bookingid": 4198
    },
    {
        "bookingid": 4577
    },
    {
        "bookingid": 6962
    },
    {
        "bookingid": 541
    },
    {
        "bookingid": 3470
    },
    {
        "bookingid": 1352
    },
    {
        "bookingid": 7161
    },
    {
        "bookingid": 4074
    },
    {
        "bookingid": 7307
    },
    {
        "bookingid": 1687
    },
    {
        "bookingid": 3914
    },
    {
        "bookingid": 1160
    },
    {
        "bookingid": 5687
    },
    {
        "bookingid": 6115
    },
    {
        "bookingid": 6223
    },
    {
        "bookingid": 1742
    },
    {
        "bookingid": 1585
    },
    {
        "bookingid": 6752
    },
    {
        "bookingid": 5100
    },
    {
        "bookingid": 7104
    },
    {
        "bookingid": 7243
    },
    {
        "bookingid": 7024
    },
    {
        "bookingid": 306
    },
    {
        "bookingid": 2837
    },
    {
        "bookingid": 3812
    },
    {
        "bookingid": 405
    },
    {
        "bookingid": 3624
    },
    {
        "bookingid": 3904
    },
    {
        "bookingid": 4916
    },
    {
        "bookingid": 2788
    },
    {
        "bookingid": 3846
    },
    {
        "bookingid": 4536
    },
    {
        "bookingid": 6477
    },
    {
        "bookingid": 2921
    },
    {
        "bookingid": 2317
    },
    {
        "bookingid": 3166
    },
    {
        "bookingid": 3291
    },
    {
        "bookingid": 936
    },
    {
        "bookingid": 4360
    },
    {
        "bookingid": 5211
    },
    {
        "bookingid": 3820
    },
    {
        "bookingid": 2174
    },
    {
        "bookingid": 1502
    },
    {
        "bookingid": 3406
    },
    {
        "bookingid": 5037
    },
    {
        "bookingid": 378
    },
    {
        "bookingid": 1488
    },
    {
        "bookingid": 3604
    },
    {
        "bookingid": 4551
    },
    {
        "bookingid": 4453
    },
    {
        "bookingid": 2577
    },
    {
        "bookingid": 5224
    },
    {
        "bookingid": 4700
    },
    {
        "bookingid": 3302
    },
    {
        "bookingid": 6673
    },
    {
        "bookingid": 9
    },
    {
        "bookingid": 3871
    },
    {
        "bookingid": 1612
    },
    {
        "bookingid": 3189
    },
    {
        "bookingid": 3960
    },
    {
        "bookingid": 574
    },
    {
        "bookingid": 5073
    },
    {
        "bookingid": 7176
    },
    {
        "bookingid": 681
    },
    {
        "bookingid": 4166
    },
    {
        "bookingid": 6760
    },
    {
        "bookingid": 3775
    },
    {
        "bookingid": 7198
    },
    {
        "bookingid": 7405
    },
    {
        "bookingid": 1665
    },
    {
        "bookingid": 6004
    },
    {
        "bookingid": 2395
    },
    {
        "bookingid": 2722
    },
    {
        "bookingid": 1838
    },
    {
        "bookingid": 5495
    },
    {
        "bookingid": 5631
    },
    {
        "bookingid": 7262
    },
    {
        "bookingid": 2528
    },
    {
        "bookingid": 320
    },
    {
        "bookingid": 6148
    },
    {
        "bookingid": 3810
    },
    {
        "bookingid": 3174
    },
    {
        "bookingid": 4225
    },
    {
        "bookingid": 4947
    },
    {
        "bookingid": 1734
    },
    {
        "bookingid": 193
    },
    {
        "bookingid": 6992
    },
    {
        "bookingid": 2927
    },
    {
        "bookingid": 5574
    },
    {
        "bookingid": 4683
    },
    {
        "bookingid": 5532
    },
    {
        "bookingid": 5797
    },
    {
        "bookingid": 5862
    },
    {
        "bookingid": 1835
    },
    {
        "bookingid": 161
    },
    {
        "bookingid": 2533
    },
    {
        "bookingid": 5179
    },
    {
        "bookingid": 2248
    },
    {
        "bookingid": 3932
    },
    {
        "bookingid": 4208
    },
    {
        "bookingid": 5584
    },
    {
        "bookingid": 7298
    },
    {
        "bookingid": 5887
    },
    {
        "bookingid": 4568
    },
    {
        "bookingid": 5817
    },
    {
        "bookingid": 6742
    },
    {
        "bookingid": 357
    },
    {
        "bookingid": 5613
    },
    {
        "bookingid": 2435
    },
    {
        "bookingid": 2823
    },
    {
        "bookingid": 6799
    },
    {
        "bookingid": 7448
    },
    {
        "bookingid": 6780
    },
    {
        "bookingid": 99
    },
    {
        "bookingid": 1741
    },
    {
        "bookingid": 4021
    },
    {
        "bookingid": 4696
    },
    {
        "bookingid": 1311
    },
    {
        "bookingid": 511
    },
    {
        "bookingid": 7384
    },
    {
        "bookingid": 3491
    },
    {
        "bookingid": 1309
    },
    {
        "bookingid": 4236
    },
    {
        "bookingid": 4486
    },
    {
        "bookingid": 606
    },
    {
        "bookingid": 6541
    },
    {
        "bookingid": 4601
    },
    {
        "bookingid": 749
    },
    {
        "bookingid": 438
    },
    {
        "bookingid": 7023
    },
    {
        "bookingid": 6348
    },
    {
        "bookingid": 6980
    },
    {
        "bookingid": 210
    },
    {
        "bookingid": 5061
    },
    {
        "bookingid": 2283
    },
    {
        "bookingid": 6929
    },
    {
        "bookingid": 3987
    },
    {
        "bookingid": 4764
    },
    {
        "bookingid": 2396
    },
    {
        "bookingid": 1218
    },
    {
        "bookingid": 6040
    },
    {
        "bookingid": 1732
    },
    {
        "bookingid": 4546
    },
    {
        "bookingid": 6046
    },
    {
        "bookingid": 5116
    },
    {
        "bookingid": 2474
    },
    {
        "bookingid": 5174
    },
    {
        "bookingid": 1357
    },
    {
        "bookingid": 7429
    },
    {
        "bookingid": 785
    },
    {
        "bookingid": 4447
    },
    {
        "bookingid": 4276
    },
    {
        "bookingid": 241
    },
    {
        "bookingid": 5360
    },
    {
        "bookingid": 4956
    },
    {
        "bookingid": 3425
    },
    {
        "bookingid": 154
    },
    {
        "bookingid": 4602
    },
    {
        "bookingid": 6590
    },
    {
        "bookingid": 2592
    },
    {
        "bookingid": 5219
    },
    {
        "bookingid": 25
    },
    {
        "bookingid": 6288
    },
    {
        "bookingid": 1725
    },
    {
        "bookingid": 3195
    },
    {
        "bookingid": 3040
    },
    {
        "bookingid": 7204
    },
    {
        "bookingid": 537
    },
    {
        "bookingid": 3937
    },
    {
        "bookingid": 4901
    },
    {
        "bookingid": 5877
    },
    {
        "bookingid": 5012
    },
    {
        "bookingid": 1154
    },
    {
        "bookingid": 5295
    },
    {
        "bookingid": 7224
    },
    {
        "bookingid": 4268
    },
    {
        "bookingid": 2897
    },
    {
        "bookingid": 7283
    },
    {
        "bookingid": 2922
    },
    {
        "bookingid": 1138
    },
    {
        "bookingid": 1430
    },
    {
        "bookingid": 2305
    },
    {
        "bookingid": 170
    },
    {
        "bookingid": 1616
    },
    {
        "bookingid": 72
    },
    {
        "bookingid": 7326
    },
    {
        "bookingid": 2992
    },
    {
        "bookingid": 660
    },
    {
        "bookingid": 5307
    },
    {
        "bookingid": 4617
    },
    {
        "bookingid": 6702
    },
    {
        "bookingid": 5668
    },
    {
        "bookingid": 5648
    },
    {
        "bookingid": 7123
    },
    {
        "bookingid": 6091
    },
    {
        "bookingid": 6128
    },
    {
        "bookingid": 1248
    },
    {
        "bookingid": 1883
    },
    {
        "bookingid": 6914
    },
    {
        "bookingid": 6406
    },
    {
        "bookingid": 5271
    },
    {
        "bookingid": 6165
    },
    {
        "bookingid": 6270
    },
    {
        "bookingid": 36
    },
    {
        "bookingid": 3428
    },
    {
        "bookingid": 3219
    },
    {
        "bookingid": 5412
    },
    {
        "bookingid": 6482
    },
    {
        "bookingid": 3874
    },
    {
        "bookingid": 1536
    },
    {
        "bookingid": 4855
    },
    {
        "bookingid": 5404
    },
    {
        "bookingid": 4170
    },
    {
        "bookingid": 5346
    },
    {
        "bookingid": 4651
    },
    {
        "bookingid": 4865
    },
    {
        "bookingid": 1653
    },
    {
        "bookingid": 7172
    },
    {
        "bookingid": 77
    },
    {
        "bookingid": 3315
    },
    {
        "bookingid": 4237
    },
    {
        "bookingid": 4168
    },
    {
        "bookingid": 6897
    },
    {
        "bookingid": 1668
    },
    {
        "bookingid": 5417
    },
    {
        "bookingid": 897
    },
    {
        "bookingid": 1652
    },
    {
        "bookingid": 5445
    },
    {
        "bookingid": 6908
    },
    {
        "bookingid": 813
    },
    {
        "bookingid": 79
    },
    {
        "bookingid": 4840
    },
    {
        "bookingid": 1356
    },
    {
        "bookingid": 4142
    },
    {
        "bookingid": 4372
    },
    {
        "bookingid": 1320
    },
    {
        "bookingid": 6106
    },
    {
        "bookingid": 3990
    },
    {
        "bookingid": 3106
    },
    {
        "bookingid": 513
    },
    {
        "bookingid": 3381
    },
    {
        "bookingid": 6387
    },
    {
        "bookingid": 1932
    },
    {
        "bookingid": 7278
    },
    {
        "bookingid": 2580
    },
    {
        "bookingid": 4059
    },
    {
        "bookingid": 2035
    },
    {
        "bookingid": 4257
    },
    {
        "bookingid": 4914
    },
    {
        "bookingid": 7030
    },
    {
        "bookingid": 1037
    },
    {
        "bookingid": 639
    },
    {
        "bookingid": 329
    },
    {
        "bookingid": 3375
    },
    {
        "bookingid": 2889
    },
    {
        "bookingid": 5140
    },
    {
        "bookingid": 5476
    },
    {
        "bookingid": 5305
    },
    {
        "bookingid": 4154
    },
    {
        "bookingid": 2546
    },
    {
        "bookingid": 5048
    },
    {
        "bookingid": 469
    },
    {
        "bookingid": 1073
    },
    {
        "bookingid": 735
    },
    {
        "bookingid": 1479
    },
    {
        "bookingid": 302
    },
    {
        "bookingid": 4284
    },
    {
        "bookingid": 3037
    },
    {
        "bookingid": 1217
    },
    {
        "bookingid": 5857
    },
    {
        "bookingid": 2040
    },
    {
        "bookingid": 3066
    },
    {
        "bookingid": 2215
    },
    {
        "bookingid": 6284
    },
    {
        "bookingid": 118
    },
    {
        "bookingid": 5105
    },
    {
        "bookingid": 298
    },
    {
        "bookingid": 1092
    },
    {
        "bookingid": 3544
    },
    {
        "bookingid": 2481
    },
    {
        "bookingid": 389
    },
    {
        "bookingid": 4595
    },
    {
        "bookingid": 5102
    },
    {
        "bookingid": 1756
    },
    {
        "bookingid": 1692
    },
    {
        "bookingid": 3264
    },
    {
        "bookingid": 6839
    },
    {
        "bookingid": 7005
    },
    {
        "bookingid": 2196
    },
    {
        "bookingid": 1972
    },
    {
        "bookingid": 7236
    },
    {
        "bookingid": 3019
    },
    {
        "bookingid": 5958
    },
    {
        "bookingid": 2445
    },
    {
        "bookingid": 1998
    },
    {
        "bookingid": 4427
    },
    {
        "bookingid": 4389
    },
    {
        "bookingid": 4156
    },
    {
        "bookingid": 2680
    },
    {
        "bookingid": 4285
    },
    {
        "bookingid": 6652
    },
    {
        "bookingid": 2354
    },
    {
        "bookingid": 6097
    },
    {
        "bookingid": 3837
    },
    {
        "bookingid": 4624
    },
    {
        "bookingid": 4754
    },
    {
        "bookingid": 667
    },
    {
        "bookingid": 7420
    },
    {
        "bookingid": 5621
    },
    {
        "bookingid": 1660
    },
    {
        "bookingid": 3999
    },
    {
        "bookingid": 1500
    },
    {
        "bookingid": 2413
    },
    {
        "bookingid": 7211
    },
    {
        "bookingid": 3284
    },
    {
        "bookingid": 521
    },
    {
        "bookingid": 3684
    },
    {
        "bookingid": 3707
    },
    {
        "bookingid": 548
    },
    {
        "bookingid": 5196
    },
    {
        "bookingid": 7027
    },
    {
        "bookingid": 3510
    },
    {
        "bookingid": 364
    },
    {
        "bookingid": 2349
    },
    {
        "bookingid": 2715
    },
    {
        "bookingid": 1878
    },
    {
        "bookingid": 6813
    },
    {
        "bookingid": 5044
    },
    {
        "bookingid": 6203
    },
    {
        "bookingid": 2397
    },
    {
        "bookingid": 1600
    },
    {
        "bookingid": 985
    },
    {
        "bookingid": 423
    },
    {
        "bookingid": 2600
    },
    {
        "bookingid": 6299
    },
    {
        "bookingid": 2444
    },
    {
        "bookingid": 2935
    },
    {
        "bookingid": 5051
    },
    {
        "bookingid": 7230
    },
    {
        "bookingid": 2024
    },
    {
        "bookingid": 1799
    },
    {
        "bookingid": 1268
    },
    {
        "bookingid": 1607
    },
    {
        "bookingid": 7411
    },
    {
        "bookingid": 6083
    },
    {
        "bookingid": 2
    },
    {
        "bookingid": 5525
    },
    {
        "bookingid": 5246
    },
    {
        "bookingid": 300
    },
    {
        "bookingid": 7310
    },
    {
        "bookingid": 3739
    },
    {
        "bookingid": 5043
    },
    {
        "bookingid": 1313
    },
    {
        "bookingid": 2536
    },
    {
        "bookingid": 1810
    },
    {
        "bookingid": 205
    },
    {
        "bookingid": 3590
    },
    {
        "bookingid": 6469
    },
    {
        "bookingid": 4254
    },
    {
        "bookingid": 5920
    },
    {
        "bookingid": 3636
    },
    {
        "bookingid": 633
    },
    {
        "bookingid": 5655
    },
    {
        "bookingid": 978
    },
    {
        "bookingid": 593
    },
    {
        "bookingid": 5923
    },
    {
        "bookingid": 322
    },
    {
        "bookingid": 870
    },
    {
        "bookingid": 2274
    },
    {
        "bookingid": 4
    },
    {
        "bookingid": 4969
    },
    {
        "bookingid": 4660
    },
    {
        "bookingid": 7380
    },
    {
        "bookingid": 6367
    },
    {
        "bookingid": 4881
    },
    {
        "bookingid": 7258
    },
    {
        "bookingid": 4893
    },
    {
        "bookingid": 3991
    },
    {
        "bookingid": 3074
    },
    {
        "bookingid": 5377
    },
    {
        "bookingid": 5666
    },
    {
        "bookingid": 4188
    },
    {
        "bookingid": 5460
    },
    {
        "bookingid": 2332
    },
    {
        "bookingid": 782
    },
    {
        "bookingid": 2111
    },
    {
        "bookingid": 3245
    },
    {
        "bookingid": 7315
    },
    {
        "bookingid": 1596
    },
    {
        "bookingid": 37
    },
    {
        "bookingid": 4811
    },
    {
        "bookingid": 7050
    },
    {
        "bookingid": 6947
    },
    {
        "bookingid": 3764
    },
    {
        "bookingid": 5446
    },
    {
        "bookingid": 6830
    },
    {
        "bookingid": 3548
    },
    {
        "bookingid": 6737
    },
    {
        "bookingid": 3518
    },
    {
        "bookingid": 5329
    },
    {
        "bookingid": 2845
    },
    {
        "bookingid": 1857
    },
    {
        "bookingid": 6193
    },
    {
        "bookingid": 1247
    },
    {
        "bookingid": 6716
    },
    {
        "bookingid": 6976
    },
    {
        "bookingid": 3248
    },
    {
        "bookingid": 2414
    },
    {
        "bookingid": 4968
    },
    {
        "bookingid": 3800
    },
    {
        "bookingid": 6341
    },
    {
        "bookingid": 4041
    },
    {
        "bookingid": 2707
    },
    {
        "bookingid": 5285
    },
    {
        "bookingid": 2147
    },
    {
        "bookingid": 4742
    },
    {
        "bookingid": 1702
    },
    {
        "bookingid": 2072
    },
    {
        "bookingid": 4745
    },
    {
        "bookingid": 3279
    },
    {
        "bookingid": 3977
    },
    {
        "bookingid": 4989
    },
    {
        "bookingid": 746
    },
    {
        "bookingid": 2791
    },
    {
        "bookingid": 5680
    },
    {
        "bookingid": 2057
    },
    {
        "bookingid": 2065
    },
    {
        "bookingid": 567
    },
    {
        "bookingid": 4255
    },
    {
        "bookingid": 3017
    },
    {
        "bookingid": 6088
    },
    {
        "bookingid": 3776
    },
    {
        "bookingid": 7259
    },
    {
        "bookingid": 264
    },
    {
        "bookingid": 2198
    },
    {
        "bookingid": 5653
    },
    {
        "bookingid": 5876
    },
    {
        "bookingid": 3306
    },
    {
        "bookingid": 6242
    },
    {
        "bookingid": 6990
    },
    {
        "bookingid": 1992
    },
    {
        "bookingid": 6465
    },
    {
        "bookingid": 1850
    },
    {
        "bookingid": 851
    },
    {
        "bookingid": 3906
    },
    {
        "bookingid": 4787
    },
    {
        "bookingid": 3307
    },
    {
        "bookingid": 5032
    },
    {
        "bookingid": 3954
    },
    {
        "bookingid": 2270
    },
    {
        "bookingid": 1189
    },
    {
        "bookingid": 5164
    },
    {
        "bookingid": 4424
    },
    {
        "bookingid": 1866
    },
    {
        "bookingid": 5433
    },
    {
        "bookingid": 65
    },
    {
        "bookingid": 1109
    },
    {
        "bookingid": 3237
    },
    {
        "bookingid": 615
    },
    {
        "bookingid": 1341
    },
    {
        "bookingid": 3722
    },
    {
        "bookingid": 2268
    },
    {
        "bookingid": 6824
    },
    {
        "bookingid": 6196
    },
    {
        "bookingid": 3941
    },
    {
        "bookingid": 5242
    },
    {
        "bookingid": 2815
    },
    {
        "bookingid": 5251
    },
    {
        "bookingid": 3147
    },
    {
        "bookingid": 4019
    },
    {
        "bookingid": 5501
    },
    {
        "bookingid": 4333
    },
    {
        "bookingid": 6681
    },
    {
        "bookingid": 7169
    },
    {
        "bookingid": 2677
    },
    {
        "bookingid": 1746
    },
    {
        "bookingid": 4210
    },
    {
        "bookingid": 948
    },
    {
        "bookingid": 1298
    },
    {
        "bookingid": 854
    },
    {
        "bookingid": 5042
    },
    {
        "bookingid": 1396
    },
    {
        "bookingid": 5098
    },
    {
        "bookingid": 3477
    },
    {
        "bookingid": 4799
    },
    {
        "bookingid": 1952
    },
    {
        "bookingid": 2434
    },
    {
        "bookingid": 3760
    },
    {
        "bookingid": 2610
    },
    {
        "bookingid": 2829
    },
    {
        "bookingid": 5145
    },
    {
        "bookingid": 857
    },
    {
        "bookingid": 31
    },
    {
        "bookingid": 6664
    },
    {
        "bookingid": 4667
    },
    {
        "bookingid": 4344
    },
    {
        "bookingid": 2890
    },
    {
        "bookingid": 1484
    },
    {
        "bookingid": 270
    },
    {
        "bookingid": 6867
    },
    {
        "bookingid": 3199
    },
    {
        "bookingid": 2213
    },
    {
        "bookingid": 2541
    },
    {
        "bookingid": 1270
    },
    {
        "bookingid": 543
    },
    {
        "bookingid": 4549
    },
    {
        "bookingid": 5503
    },
    {
        "bookingid": 3690
    },
    {
        "bookingid": 6888
    },
    {
        "bookingid": 1926
    },
    {
        "bookingid": 4567
    },
    {
        "bookingid": 1637
    },
    {
        "bookingid": 4830
    },
    {
        "bookingid": 4136
    },
    {
        "bookingid": 6416
    },
    {
        "bookingid": 1440
    },
    {
        "bookingid": 3029
    },
    {
        "bookingid": 4037
    },
    {
        "bookingid": 7453
    },
    {
        "bookingid": 315
    },
    {
        "bookingid": 3227
    },
    {
        "bookingid": 2055
    },
    {
        "bookingid": 5867
    },
    {
        "bookingid": 7103
    },
    {
        "bookingid": 7071
    },
    {
        "bookingid": 5865
    },
    {
        "bookingid": 1719
    },
    {
        "bookingid": 2405
    },
    {
        "bookingid": 5135
    },
    {
        "bookingid": 6315
    },
    {
        "bookingid": 2672
    },
    {
        "bookingid": 3379
    },
    {
        "bookingid": 5167
    },
    {
        "bookingid": 525
    },
    {
        "bookingid": 6785
    },
    {
        "bookingid": 855
    },
    {
        "bookingid": 2636
    },
    {
        "bookingid": 1641
    },
    {
        "bookingid": 5086
    },
    {
        "bookingid": 790
    },
    {
        "bookingid": 5260
    },
    {
        "bookingid": 1183
    },
    {
        "bookingid": 5959
    },
    {
        "bookingid": 738
    },
    {
        "bookingid": 3557
    },
    {
        "bookingid": 88
    },
    {
        "bookingid": 5464
    },
    {
        "bookingid": 2197
    },
    {
        "bookingid": 1380
    },
    {
        "bookingid": 1047
    },
    {
        "bookingid": 5443
    },
    {
        "bookingid": 6662
    },
    {
        "bookingid": 168
    },
    {
        "bookingid": 4011
    },
    {
        "bookingid": 2556
    },
    {
        "bookingid": 5334
    },
    {
        "bookingid": 6769
    },
    {
        "bookingid": 766
    },
    {
        "bookingid": 6715
    },
    {
        "bookingid": 585
    },
    {
        "bookingid": 1832
    },
    {
        "bookingid": 396
    },
    {
        "bookingid": 6674
    },
    {
        "bookingid": 5847
    },
    {
        "bookingid": 3013
    },
    {
        "bookingid": 5869
    },
    {
        "bookingid": 3489
    },
    {
        "bookingid": 4520
    },
    {
        "bookingid": 3552
    },
    {
        "bookingid": 5639
    },
    {
        "bookingid": 733
    },
    {
        "bookingid": 6746
    },
    {
        "bookingid": 126
    },
    {
        "bookingid": 3619
    },
    {
        "bookingid": 6932
    },
    {
        "bookingid": 4438
    },
    {
        "bookingid": 7147
    },
    {
        "bookingid": 5892
    },
    {
        "bookingid": 2080
    },
    {
        "bookingid": 1068
    },
    {
        "bookingid": 2924
    },
    {
        "bookingid": 5392
    },
    {
        "bookingid": 3778
    },
    {
        "bookingid": 2032
    },
    {
        "bookingid": 3266
    },
    {
        "bookingid": 4314
    },
    {
        "bookingid": 5636
    },
    {
        "bookingid": 3444
    },
    {
        "bookingid": 1276
    },
    {
        "bookingid": 6391
    },
    {
        "bookingid": 740
    },
    {
        "bookingid": 1468
    },
    {
        "bookingid": 4068
    },
    {
        "bookingid": 658
    },
    {
        "bookingid": 1572
    },
    {
        "bookingid": 2567
    },
    {
        "bookingid": 1131
    },
    {
        "bookingid": 907
    },
    {
        "bookingid": 4702
    },
    {
        "bookingid": 2589
    },
    {
        "bookingid": 7446
    },
    {
        "bookingid": 3155
    },
    {
        "bookingid": 3041
    },
    {
        "bookingid": 7250
    },
    {
        "bookingid": 2070
    },
    {
        "bookingid": 4801
    },
    {
        "bookingid": 5902
    },
    {
        "bookingid": 5088
    },
    {
        "bookingid": 5709
    },
    {
        "bookingid": 6731
    },
    {
        "bookingid": 425
    },
    {
        "bookingid": 602
    },
    {
        "bookingid": 614
    },
    {
        "bookingid": 5289
    },
    {
        "bookingid": 6074
    },
    {
        "bookingid": 2369
    },
    {
        "bookingid": 2293
    },
    {
        "bookingid": 4890
    },
    {
        "bookingid": 351
    },
    {
        "bookingid": 977
    },
    {
        "bookingid": 7180
    },
    {
        "bookingid": 207
    },
    {
        "bookingid": 7369
    },
    {
        "bookingid": 675
    },
    {
        "bookingid": 1458
    },
    {
        "bookingid": 4084
    },
    {
        "bookingid": 594
    },
    {
        "bookingid": 7127
    },
    {
        "bookingid": 2642
    },
    {
        "bookingid": 1655
    },
    {
        "bookingid": 1708
    },
    {
        "bookingid": 4964
    },
    {
        "bookingid": 5024
    },
    {
        "bookingid": 1516
    },
    {
        "bookingid": 4878
    },
    {
        "bookingid": 736
    },
    {
        "bookingid": 990
    },
    {
        "bookingid": 6244
    },
    {
        "bookingid": 5500
    },
    {
        "bookingid": 5291
    },
    {
        "bookingid": 5852
    },
    {
        "bookingid": 3290
    },
    {
        "bookingid": 1264
    },
    {
        "bookingid": 1917
    },
    {
        "bookingid": 7338
    },
    {
        "bookingid": 183
    },
    {
        "bookingid": 3955
    },
    {
        "bookingid": 2569
    },
    {
        "bookingid": 1748
    },
    {
        "bookingid": 4599
    },
    {
        "bookingid": 1279
    },
    {
        "bookingid": 2649
    },
    {
        "bookingid": 2958
    },
    {
        "bookingid": 3484
    },
    {
        "bookingid": 6736
    },
    {
        "bookingid": 5990
    },
    {
        "bookingid": 2375
    },
    {
        "bookingid": 4988
    },
    {
        "bookingid": 1876
    },
    {
        "bookingid": 7461
    },
    {
        "bookingid": 1039
    },
    {
        "bookingid": 1231
    },
    {
        "bookingid": 951
    },
    {
        "bookingid": 2668
    },
    {
        "bookingid": 2976
    },
    {
        "bookingid": 2674
    },
    {
        "bookingid": 1957
    },
    {
        "bookingid": 5471
    },
    {
        "bookingid": 7285
    },
    {
        "bookingid": 1542
    },
    {
        "bookingid": 2755
    },
    {
        "bookingid": 3229
    },
    {
        "bookingid": 3401
    },
    {
        "bookingid": 5023
    },
    {
        "bookingid": 3009
    },
    {
        "bookingid": 5336
    },
    {
        "bookingid": 5616
    },
    {
        "bookingid": 7428
    },
    {
        "bookingid": 3959
    },
    {
        "bookingid": 1544
    },
    {
        "bookingid": 4306
    },
    {
        "bookingid": 6868
    },
    {
        "bookingid": 1557
    },
    {
        "bookingid": 5257
    },
    {
        "bookingid": 2695
    },
    {
        "bookingid": 1142
    },
    {
        "bookingid": 7190
    },
    {
        "bookingid": 6529
    },
    {
        "bookingid": 6766
    },
    {
        "bookingid": 5627
    },
    {
        "bookingid": 5991
    },
    {
        "bookingid": 2565
    },
    {
        "bookingid": 1226
    },
    {
        "bookingid": 583
    },
    {
        "bookingid": 6327
    },
    {
        "bookingid": 3341
    },
    {
        "bookingid": 3875
    },
    {
        "bookingid": 3254
    },
    {
        "bookingid": 7216
    },
    {
        "bookingid": 7148
    },
    {
        "bookingid": 1923
    },
    {
        "bookingid": 1847
    },
    {
        "bookingid": 2818
    },
    {
        "bookingid": 6364
    },
    {
        "bookingid": 5202
    },
    {
        "bookingid": 7303
    },
    {
        "bookingid": 3603
    },
    {
        "bookingid": 4981
    },
    {
        "bookingid": 2048
    },
    {
        "bookingid": 5926
    },
    {
        "bookingid": 2543
    },
    {
        "bookingid": 4952
    },
    {
        "bookingid": 1062
    },
    {
        "bookingid": 6296
    },
    {
        "bookingid": 899
    },
    {
        "bookingid": 5789
    },
    {
        "bookingid": 50
    },
    {
        "bookingid": 5960
    },
    {
        "bookingid": 4079
    },
    {
        "bookingid": 1299
    },
    {
        "bookingid": 1367
    },
    {
        "bookingid": 4417
    },
    {
        "bookingid": 823
    },
    {
        "bookingid": 6384
    },
    {
        "bookingid": 4727
    },
    {
        "bookingid": 1006
    },
    {
        "bookingid": 4716
    },
    {
        "bookingid": 464
    },
    {
        "bookingid": 3524
    },
    {
        "bookingid": 3270
    },
    {
        "bookingid": 2187
    },
    {
        "bookingid": 3377
    },
    {
        "bookingid": 879
    },
    {
        "bookingid": 3076
    },
    {
        "bookingid": 3790
    },
    {
        "bookingid": 1005
    },
    {
        "bookingid": 1570
    },
    {
        "bookingid": 3157
    },
    {
        "bookingid": 974
    },
    {
        "bookingid": 598
    },
    {
        "bookingid": 4511
    },
    {
        "bookingid": 4442
    },
    {
        "bookingid": 2705
    },
    {
        "bookingid": 2562
    },
    {
        "bookingid": 881
    },
    {
        "bookingid": 1212
    },
    {
        "bookingid": 1063
    },
    {
        "bookingid": 682
    },
    {
        "bookingid": 2842
    },
    {
        "bookingid": 4938
    },
    {
        "bookingid": 497
    },
    {
        "bookingid": 1013
    },
    {
        "bookingid": 1174
    },
    {
        "bookingid": 7241
    },
    {
        "bookingid": 244
    },
    {
        "bookingid": 186
    },
    {
        "bookingid": 1583
    },
    {
        "bookingid": 6973
    },
    {
        "bookingid": 6641
    },
    {
        "bookingid": 212
    },
    {
        "bookingid": 3967
    },
    {
        "bookingid": 6611
    },
    {
        "bookingid": 2840
    },
    {
        "bookingid": 1590
    },
    {
        "bookingid": 137
    },
    {
        "bookingid": 7350
    },
    {
        "bookingid": 2124
    },
    {
        "bookingid": 4517
    },
    {
        "bookingid": 7455
    },
    {
        "bookingid": 6369
    },
    {
        "bookingid": 5275
    },
    {
        "bookingid": 4505
    },
    {
        "bookingid": 59
    },
    {
        "bookingid": 1483
    },
    {
        "bookingid": 1644
    },
    {
        "bookingid": 5010
    },
    {
        "bookingid": 4353
    },
    {
        "bookingid": 5915
    },
    {
        "bookingid": 4903
    },
    {
        "bookingid": 7094
    },
    {
        "bookingid": 3272
    },
    {
        "bookingid": 6066
    },
    {
        "bookingid": 218
    },
    {
        "bookingid": 1615
    },
    {
        "bookingid": 6062
    },
    {
        "bookingid": 6722
    },
    {
        "bookingid": 5968
    },
    {
        "bookingid": 2475
    },
    {
        "bookingid": 2919
    },
    {
        "bookingid": 1452
    },
    {
        "bookingid": 1262
    },
    {
        "bookingid": 4880
    },
    {
        "bookingid": 4030
    },
    {
        "bookingid": 4757
    },
    {
        "bookingid": 4598
    },
    {
        "bookingid": 5861
    },
    {
        "bookingid": 2045
    },
    {
        "bookingid": 4851
    },
    {
        "bookingid": 1158
    },
    {
        "bookingid": 3870
    },
    {
        "bookingid": 4241
    },
    {
        "bookingid": 4095
    },
    {
        "bookingid": 6278
    },
    {
        "bookingid": 119
    },
    {
        "bookingid": 2334
    },
    {
        "bookingid": 627
    },
    {
        "bookingid": 3465
    },
    {
        "bookingid": 7059
    },
    {
        "bookingid": 7109
    },
    {
        "bookingid": 7452
    },
    {
        "bookingid": 100
    },
    {
        "bookingid": 5128
    },
    {
        "bookingid": 4687
    },
    {
        "bookingid": 3730
    },
    {
        "bookingid": 3342
    },
    {
        "bookingid": 3972
    },
    {
        "bookingid": 94
    },
    {
        "bookingid": 5450
    },
    {
        "bookingid": 7037
    },
    {
        "bookingid": 5952
    },
    {
        "bookingid": 160
    },
    {
        "bookingid": 788
    },
    {
        "bookingid": 5800
    },
    {
        "bookingid": 6368
    },
    {
        "bookingid": 5022
    },
    {
        "bookingid": 3496
    },
    {
        "bookingid": 4273
    },
    {
        "bookingid": 5480
    },
    {
        "bookingid": 5283
    },
    {
        "bookingid": 3354
    },
    {
        "bookingid": 3331
    },
    {
        "bookingid": 4431
    },
    {
        "bookingid": 1297
    },
    {
        "bookingid": 2416
    },
    {
        "bookingid": 917
    },
    {
        "bookingid": 5657
    },
    {
        "bookingid": 6988
    },
    {
        "bookingid": 4102
    },
    {
        "bookingid": 4934
    },
    {
        "bookingid": 5964
    },
    {
        "bookingid": 5970
    },
    {
        "bookingid": 6730
    },
    {
        "bookingid": 754
    },
    {
        "bookingid": 6
    },
    {
        "bookingid": 4768
    },
    {
        "bookingid": 2428
    },
    {
        "bookingid": 4094
    },
    {
        "bookingid": 3275
    },
    {
        "bookingid": 4877
    },
    {
        "bookingid": 1293
    },
    {
        "bookingid": 5081
    },
    {
        "bookingid": 3002
    },
    {
        "bookingid": 5527
    },
    {
        "bookingid": 250
    },
    {
        "bookingid": 6170
    },
    {
        "bookingid": 6008
    },
    {
        "bookingid": 4267
    },
    {
        "bookingid": 4203
    },
    {
        "bookingid": 2235
    },
    {
        "bookingid": 3204
    },
    {
        "bookingid": 2519
    },
    {
        "bookingid": 3508
    },
    {
        "bookingid": 2718
    },
    {
        "bookingid": 7335
    },
    {
        "bookingid": 3667
    },
    {
        "bookingid": 6994
    },
    {
        "bookingid": 1540
    },
    {
        "bookingid": 4123
    },
    {
        "bookingid": 4648
    },
    {
        "bookingid": 5552
    },
    {
        "bookingid": 3634
    },
    {
        "bookingid": 6562
    },
    {
        "bookingid": 432
    },
    {
        "bookingid": 5571
    },
    {
        "bookingid": 3304
    },
    {
        "bookingid": 5092
    },
    {
        "bookingid": 5317
    },
    {
        "bookingid": 1065
    },
    {
        "bookingid": 6675
    },
    {
        "bookingid": 1864
    },
    {
        "bookingid": 256
    },
    {
        "bookingid": 3596
    },
    {
        "bookingid": 3772
    },
    {
        "bookingid": 7301
    },
    {
        "bookingid": 800
    },
    {
        "bookingid": 1473
    },
    {
        "bookingid": 3077
    },
    {
        "bookingid": 4317
    },
    {
        "bookingid": 5091
    },
    {
        "bookingid": 3848
    },
    {
        "bookingid": 3481
    },
    {
        "bookingid": 391
    },
    {
        "bookingid": 2959
    },
    {
        "bookingid": 413
    },
    {
        "bookingid": 2320
    },
    {
        "bookingid": 491
    },
    {
        "bookingid": 2754
    },
    {
        "bookingid": 7387
    },
    {
        "bookingid": 4759
    },
    {
        "bookingid": 799
    },
    {
        "bookingid": 571
    },
    {
        "bookingid": 4686
    },
    {
        "bookingid": 530
    },
    {
        "bookingid": 4644
    },
    {
        "bookingid": 4603
    },
    {
        "bookingid": 3360
    },
    {
        "bookingid": 5226
    },
    {
        "bookingid": 6905
    },
    {
        "bookingid": 1511
    },
    {
        "bookingid": 6256
    },
    {
        "bookingid": 75
    },
    {
        "bookingid": 2165
    },
    {
        "bookingid": 5966
    },
    {
        "bookingid": 1258
    },
    {
        "bookingid": 4609
    },
    {
        "bookingid": 2167
    },
    {
        "bookingid": 4809
    },
    {
        "bookingid": 3318
    },
    {
        "bookingid": 653
    },
    {
        "bookingid": 176
    },
    {
        "bookingid": 6555
    },
    {
        "bookingid": 3511
    },
    {
        "bookingid": 4715
    },
    {
        "bookingid": 4305
    },
    {
        "bookingid": 6174
    },
    {
        "bookingid": 5505
    },
    {
        "bookingid": 4261
    },
    {
        "bookingid": 4740
    },
    {
        "bookingid": 1091
    },
    {
        "bookingid": 3631
    },
    {
        "bookingid": 591
    },
    {
        "bookingid": 4496
    },
    {
        "bookingid": 7325
    },
    {
        "bookingid": 4889
    },
    {
        "bookingid": 1240
    },
    {
        "bookingid": 871
    },
    {
        "bookingid": 3512
    },
    {
        "bookingid": 3068
    },
    {
        "bookingid": 1149
    },
    {
        "bookingid": 533
    },
    {
        "bookingid": 2892
    },
    {
        "bookingid": 2034
    },
    {
        "bookingid": 7125
    },
    {
        "bookingid": 7396
    },
    {
        "bookingid": 5841
    },
    {
        "bookingid": 3091
    },
    {
        "bookingid": 849
    },
    {
        "bookingid": 130
    },
    {
        "bookingid": 6209
    },
    {
        "bookingid": 5302
    },
    {
        "bookingid": 2989
    },
    {
        "bookingid": 6385
    },
    {
        "bookingid": 7434
    },
    {
        "bookingid": 3351
    },
    {
        "bookingid": 2539
    },
    {
        "bookingid": 4518
    },
    {
        "bookingid": 2977
    },
    {
        "bookingid": 5324
    },
    {
        "bookingid": 3038
    },
    {
        "bookingid": 116
    },
    {
        "bookingid": 3737
    },
    {
        "bookingid": 187
    },
    {
        "bookingid": 1079
    },
    {
        "bookingid": 87
    },
    {
        "bookingid": 5303
    },
    {
        "bookingid": 6023
    },
    {
        "bookingid": 3735
    },
    {
        "bookingid": 5924
    },
    {
        "bookingid": 973
    },
    {
        "bookingid": 6220
    },
    {
        "bookingid": 843
    },
    {
        "bookingid": 5909
    },
    {
        "bookingid": 5807
    },
    {
        "bookingid": 6243
    },
    {
        "bookingid": 4739
    },
    {
        "bookingid": 716
    },
    {
        "bookingid": 628
    },
    {
        "bookingid": 4393
    },
    {
        "bookingid": 717
    },
    {
        "bookingid": 7025
    },
    {
        "bookingid": 4844
    },
    {
        "bookingid": 1599
    },
    {
        "bookingid": 1204
    },
    {
        "bookingid": 1985
    },
    {
        "bookingid": 2053
    },
    {
        "bookingid": 7081
    },
    {
        "bookingid": 1447
    },
    {
        "bookingid": 6659
    },
    {
        "bookingid": 5240
    },
    {
        "bookingid": 151
    },
    {
        "bookingid": 2616
    },
    {
        "bookingid": 6774
    },
    {
        "bookingid": 2766
    },
    {
        "bookingid": 6740
    },
    {
        "bookingid": 91
    },
    {
        "bookingid": 6395
    },
    {
        "bookingid": 2480
    },
    {
        "bookingid": 2339
    },
    {
        "bookingid": 5751
    },
    {
        "bookingid": 5799
    },
    {
        "bookingid": 5843
    },
    {
        "bookingid": 5311
    },
    {
        "bookingid": 3308
    },
    {
        "bookingid": 6800
    },
    {
        "bookingid": 5864
    },
    {
        "bookingid": 2928
    },
    {
        "bookingid": 6960
    },
    {
        "bookingid": 6723
    },
    {
        "bookingid": 1731
    },
    {
        "bookingid": 2979
    },
    {
        "bookingid": 5951
    },
    {
        "bookingid": 2278
    },
    {
        "bookingid": 2853
    },
    {
        "bookingid": 1948
    },
    {
        "bookingid": 422
    },
    {
        "bookingid": 4781
    },
    {
        "bookingid": 6810
    },
    {
        "bookingid": 3085
    },
    {
        "bookingid": 3198
    },
    {
        "bookingid": 5066
    },
    {
        "bookingid": 4334
    },
    {
        "bookingid": 1361
    },
    {
        "bookingid": 2796
    },
    {
        "bookingid": 739
    },
    {
        "bookingid": 4429
    },
    {
        "bookingid": 361
    },
    {
        "bookingid": 962
    },
    {
        "bookingid": 1779
    },
    {
        "bookingid": 4808
    },
    {
        "bookingid": 1765
    },
    {
        "bookingid": 2403
    },
    {
        "bookingid": 4516
    },
    {
        "bookingid": 5401
    },
    {
        "bookingid": 4523
    },
    {
        "bookingid": 4974
    },
    {
        "bookingid": 6340
    },
    {
        "bookingid": 6225
    },
    {
        "bookingid": 5238
    },
    {
        "bookingid": 5
    },
    {
        "bookingid": 4837
    },
    {
        "bookingid": 4654
    },
    {
        "bookingid": 6767
    },
    {
        "bookingid": 5117
    },
    {
        "bookingid": 4378
    },
    {
        "bookingid": 604
    },
    {
        "bookingid": 5770
    },
    {
        "bookingid": 2770
    },
    {
        "bookingid": 6390
    },
    {
        "bookingid": 7282
    },
    {
        "bookingid": 6918
    },
    {
        "bookingid": 3530
    },
    {
        "bookingid": 3878
    },
    {
        "bookingid": 4980
    },
    {
        "bookingid": 6321
    },
    {
        "bookingid": 1104
    },
    {
        "bookingid": 2461
    },
    {
        "bookingid": 3774
    },
    {
        "bookingid": 3317
    },
    {
        "bookingid": 6335
    },
    {
        "bookingid": 2634
    },
    {
        "bookingid": 5661
    },
    {
        "bookingid": 6357
    },
    {
        "bookingid": 318
    },
    {
        "bookingid": 3761
    },
    {
        "bookingid": 2696
    },
    {
        "bookingid": 2529
    },
    {
        "bookingid": 7121
    },
    {
        "bookingid": 140
    },
    {
        "bookingid": 1400
    },
    {
        "bookingid": 7450
    },
    {
        "bookingid": 4666
    },
    {
        "bookingid": 2604
    },
    {
        "bookingid": 1819
    },
    {
        "bookingid": 6458
    },
    {
        "bookingid": 6430
    },
    {
        "bookingid": 3598
    },
    {
        "bookingid": 3696
    },
    {
        "bookingid": 4227
    },
    {
        "bookingid": 1228
    },
    {
        "bookingid": 7150
    },
    {
        "bookingid": 6919
    },
    {
        "bookingid": 5515
    },
    {
        "bookingid": 2093
    },
    {
        "bookingid": 7158
    },
    {
        "bookingid": 3894
    },
    {
        "bookingid": 1331
    },
    {
        "bookingid": 6884
    },
    {
        "bookingid": 3429
    },
    {
        "bookingid": 5742
    },
    {
        "bookingid": 3988
    },
    {
        "bookingid": 5194
    },
    {
        "bookingid": 4197
    },
    {
        "bookingid": 1528
    },
    {
        "bookingid": 4790
    },
    {
        "bookingid": 5013
    },
    {
        "bookingid": 989
    },
    {
        "bookingid": 6750
    },
    {
        "bookingid": 6107
    },
    {
        "bookingid": 4999
    },
    {
        "bookingid": 1961
    },
    {
        "bookingid": 3067
    },
    {
        "bookingid": 7082
    },
    {
        "bookingid": 969
    },
    {
        "bookingid": 2986
    },
    {
        "bookingid": 6595
    },
    {
        "bookingid": 825
    },
    {
        "bookingid": 63
    },
    {
        "bookingid": 1935
    },
    {
        "bookingid": 1704
    },
    {
        "bookingid": 7113
    },
    {
        "bookingid": 1023
    },
    {
        "bookingid": 517
    },
    {
        "bookingid": 5272
    },
    {
        "bookingid": 7112
    },
    {
        "bookingid": 1879
    },
    {
        "bookingid": 1385
    },
    {
        "bookingid": 346
    },
    {
        "bookingid": 1863
    },
    {
        "bookingid": 7370
    },
    {
        "bookingid": 1151
    },
    {
        "bookingid": 726
    },
    {
        "bookingid": 4128
    },
    {
        "bookingid": 2753
    },
    {
        "bookingid": 6865
    },
    {
        "bookingid": 1558
    },
    {
        "bookingid": 4321
    },
    {
        "bookingid": 6982
    },
    {
        "bookingid": 3282
    },
    {
        "bookingid": 1894
    },
    {
        "bookingid": 3865
    },
    {
        "bookingid": 488
    },
    {
        "bookingid": 5855
    },
    {
        "bookingid": 2495
    },
    {
        "bookingid": 2377
    },
    {
        "bookingid": 192
    },
    {
        "bookingid": 5158
    },
    {
        "bookingid": 2460
    },
    {
        "bookingid": 7159
    },
    {
        "bookingid": 4175
    },
    {
        "bookingid": 2551
    },
    {
        "bookingid": 4173
    },
    {
        "bookingid": 3622
    },
    {
        "bookingid": 3033
    },
    {
        "bookingid": 5141
    },
    {
        "bookingid": 844
    },
    {
        "bookingid": 732
    },
    {
        "bookingid": 481
    },
    {
        "bookingid": 1426
    },
    {
        "bookingid": 4610
    },
    {
        "bookingid": 2163
    },
    {
        "bookingid": 7440
    },
    {
        "bookingid": 3467
    },
    {
        "bookingid": 6468
    },
    {
        "bookingid": 768
    },
    {
        "bookingid": 5376
    },
    {
        "bookingid": 5472
    },
    {
        "bookingid": 4860
    },
    {
        "bookingid": 3756
    },
    {
        "bookingid": 5565
    },
    {
        "bookingid": 5697
    },
    {
        "bookingid": 7273
    },
    {
        "bookingid": 3852
    },
    {
        "bookingid": 970
    },
    {
        "bookingid": 5372
    },
    {
        "bookingid": 7333
    },
    {
        "bookingid": 2469
    },
    {
        "bookingid": 2799
    },
    {
        "bookingid": 4145
    },
    {
        "bookingid": 2625
    },
    {
        "bookingid": 822
    },
    {
        "bookingid": 3798
    },
    {
        "bookingid": 6298
    },
    {
        "bookingid": 4104
    },
    {
        "bookingid": 7438
    },
    {
        "bookingid": 5764
    },
    {
        "bookingid": 3736
    },
    {
        "bookingid": 5134
    },
    {
        "bookingid": 3313
    },
    {
        "bookingid": 5492
    },
    {
        "bookingid": 5919
    },
    {
        "bookingid": 6741
    },
    {
        "bookingid": 3433
    },
    {
        "bookingid": 4828
    },
    {
        "bookingid": 945
    },
    {
        "bookingid": 4755
    },
    {
        "bookingid": 5358
    },
    {
        "bookingid": 5485
    },
    {
        "bookingid": 2341
    },
    {
        "bookingid": 5279
    },
    {
        "bookingid": 1800
    },
    {
        "bookingid": 664
    },
    {
        "bookingid": 924
    },
    {
        "bookingid": 1566
    },
    {
        "bookingid": 2415
    },
    {
        "bookingid": 5529
    },
    {
        "bookingid": 2697
    },
    {
        "bookingid": 1306
    },
    {
        "bookingid": 1021
    },
    {
        "bookingid": 2781
    },
    {
        "bookingid": 230
    },
    {
        "bookingid": 1106
    },
    {
        "bookingid": 3113
    },
    {
        "bookingid": 4193
    },
    {
        "bookingid": 856
    },
    {
        "bookingid": 2117
    },
    {
        "bookingid": 4108
    },
    {
        "bookingid": 5831
    },
    {
        "bookingid": 2384
    },
    {
        "bookingid": 7267
    },
    {
        "bookingid": 2008
    },
    {
        "bookingid": 5287
    },
    {
        "bookingid": 622
    },
    {
        "bookingid": 1831
    },
    {
        "bookingid": 1416
    },
    {
        "bookingid": 4852
    },
    {
        "bookingid": 3805
    },
    {
        "bookingid": 1797
    },
    {
        "bookingid": 1995
    },
    {
        "bookingid": 2253
    },
    {
        "bookingid": 5082
    },
    {
        "bookingid": 5143
    },
    {
        "bookingid": 208
    },
    {
        "bookingid": 5844
    },
    {
        "bookingid": 2599
    },
    {
        "bookingid": 1343
    },
    {
        "bookingid": 6503
    },
    {
        "bookingid": 1842
    },
    {
        "bookingid": 890
    },
    {
        "bookingid": 3151
    },
    {
        "bookingid": 6144
    },
    {
        "bookingid": 993
    },
    {
        "bookingid": 4556
    },
    {
        "bookingid": 6724
    },
    {
        "bookingid": 3997
    },
    {
        "bookingid": 387
    },
    {
        "bookingid": 4814
    },
    {
        "bookingid": 7011
    },
    {
        "bookingid": 279
    },
    {
        "bookingid": 1337
    },
    {
        "bookingid": 6431
    },
    {
        "bookingid": 5649
    },
    {
        "bookingid": 2622
    },
    {
        "bookingid": 1967
    },
    {
        "bookingid": 5078
    },
    {
        "bookingid": 6103
    },
    {
        "bookingid": 483
    },
    {
        "bookingid": 5813
    },
    {
        "bookingid": 6021
    },
    {
        "bookingid": 206
    },
    {
        "bookingid": 938
    },
    {
        "bookingid": 4946
    },
    {
        "bookingid": 6305
    },
    {
        "bookingid": 592
    },
    {
        "bookingid": 4413
    },
    {
        "bookingid": 2105
    },
    {
        "bookingid": 5815
    },
    {
        "bookingid": 1937
    },
    {
        "bookingid": 1180
    },
    {
        "bookingid": 1903
    },
    {
        "bookingid": 4838
    },
    {
        "bookingid": 1035
    },
    {
        "bookingid": 1577
    },
    {
        "bookingid": 1345
    },
    {
        "bookingid": 2446
    },
    {
        "bookingid": 741
    },
    {
        "bookingid": 7114
    },
    {
        "bookingid": 5645
    },
    {
        "bookingid": 4869
    },
    {
        "bookingid": 3742
    },
    {
        "bookingid": 4391
    },
    {
        "bookingid": 1433
    },
    {
        "bookingid": 7100
    },
    {
        "bookingid": 85
    },
    {
        "bookingid": 6935
    },
    {
        "bookingid": 2020
    },
    {
        "bookingid": 6310
    },
    {
        "bookingid": 3216
    },
    {
        "bookingid": 2374
    },
    {
        "bookingid": 2279
    },
    {
        "bookingid": 5400
    },
    {
        "bookingid": 6397
    },
    {
        "bookingid": 1519
    },
    {
        "bookingid": 6061
    },
    {
        "bookingid": 5069
    },
    {
        "bookingid": 4626
    },
    {
        "bookingid": 6423
    },
    {
        "bookingid": 964
    },
    {
        "bookingid": 4675
    },
    {
        "bookingid": 5421
    },
    {
        "bookingid": 7257
    },
    {
        "bookingid": 1475
    },
    {
        "bookingid": 5528
    },
    {
        "bookingid": 6354
    },
    {
        "bookingid": 3850
    },
    {
        "bookingid": 3018
    },
    {
        "bookingid": 3022
    },
    {
        "bookingid": 5354
    },
    {
        "bookingid": 253
    },
    {
        "bookingid": 312
    },
    {
        "bookingid": 2033
    },
    {
        "bookingid": 1594
    },
    {
        "bookingid": 3982
    },
    {
        "bookingid": 1259
    },
    {
        "bookingid": 4872
    },
    {
        "bookingid": 1491
    },
    {
        "bookingid": 4615
    },
    {
        "bookingid": 5282
    },
    {
        "bookingid": 3996
    },
    {
        "bookingid": 5003
    },
    {
        "bookingid": 755
    },
    {
        "bookingid": 5685
    },
    {
        "bookingid": 2679
    },
    {
        "bookingid": 78
    },
    {
        "bookingid": 6646
    },
    {
        "bookingid": 6258
    },
    {
        "bookingid": 2601
    },
    {
        "bookingid": 4418
    },
    {
        "bookingid": 468
    },
    {
        "bookingid": 4404
    },
    {
        "bookingid": 1050
    },
    {
        "bookingid": 6182
    },
    {
        "bookingid": 6658
    },
    {
        "bookingid": 2366
    },
    {
        "bookingid": 7439
    },
    {
        "bookingid": 4497
    },
    {
        "bookingid": 3062
    },
    {
        "bookingid": 7265
    },
    {
        "bookingid": 7058
    },
    {
        "bookingid": 18
    },
    {
        "bookingid": 3466
    },
    {
        "bookingid": 6943
    },
    {
        "bookingid": 3283
    },
    {
        "bookingid": 3797
    },
    {
        "bookingid": 4587
    },
    {
        "bookingid": 7046
    },
    {
        "bookingid": 6084
    },
    {
        "bookingid": 6834
    },
    {
        "bookingid": 2264
    },
    {
        "bookingid": 6029
    },
    {
        "bookingid": 2456
    },
    {
        "bookingid": 3613
    },
    {
        "bookingid": 2158
    },
    {
        "bookingid": 1666
    },
    {
        "bookingid": 4836
    },
    {
        "bookingid": 6732
    },
    {
        "bookingid": 7134
    },
    {
        "bookingid": 2448
    },
    {
        "bookingid": 6291
    },
    {
        "bookingid": 5374
    },
    {
        "bookingid": 1959
    },
    {
        "bookingid": 4300
    },
    {
        "bookingid": 771
    },
    {
        "bookingid": 1210
    },
    {
        "bookingid": 2423
    },
    {
        "bookingid": 6253
    },
    {
        "bookingid": 115
    },
    {
        "bookingid": 5237
    },
    {
        "bookingid": 3348
    },
    {
        "bookingid": 6638
    },
    {
        "bookingid": 2801
    },
    {
        "bookingid": 7381
    },
    {
        "bookingid": 2376
    },
    {
        "bookingid": 5634
    },
    {
        "bookingid": 6837
    },
    {
        "bookingid": 5209
    },
    {
        "bookingid": 2894
    },
    {
        "bookingid": 442
    },
    {
        "bookingid": 267
    },
    {
        "bookingid": 4214
    },
    {
        "bookingid": 5741
    },
    {
        "bookingid": 3718
    },
    {
        "bookingid": 3420
    },
    {
        "bookingid": 6532
    },
    {
        "bookingid": 3063
    },
    {
        "bookingid": 4824
    },
    {
        "bookingid": 1677
    },
    {
        "bookingid": 7111
    },
    {
        "bookingid": 6104
    },
    {
        "bookingid": 2939
    },
    {
        "bookingid": 6184
    },
    {
        "bookingid": 5595
    },
    {
        "bookingid": 2367
    },
    {
        "bookingid": 1971
    },
    {
        "bookingid": 4271
    },
    {
        "bookingid": 5379
    },
    {
        "bookingid": 390
    },
    {
        "bookingid": 3799
    },
    {
        "bookingid": 3793
    },
    {
        "bookingid": 3930
    },
    {
        "bookingid": 752
    },
    {
        "bookingid": 6292
    },
    {
        "bookingid": 1873
    },
    {
        "bookingid": 6229
    },
    {
        "bookingid": 2579
    },
    {
        "bookingid": 7229
    },
    {
        "bookingid": 4473
    },
    {
        "bookingid": 6841
    },
    {
        "bookingid": 3869
    },
    {
        "bookingid": 6579
    },
    {
        "bookingid": 1387
    },
    {
        "bookingid": 5935
    },
    {
        "bookingid": 281
    },
    {
        "bookingid": 6276
    },
    {
        "bookingid": 3430
    },
    {
        "bookingid": 636
    },
    {
        "bookingid": 6501
    },
    {
        "bookingid": 6187
    },
    {
        "bookingid": 2408
    },
    {
        "bookingid": 2100
    },
    {
        "bookingid": 482
    },
    {
        "bookingid": 2447
    },
    {
        "bookingid": 6479
    },
    {
        "bookingid": 6692
    },
    {
        "bookingid": 6360
    },
    {
        "bookingid": 5736
    },
    {
        "bookingid": 6710
    },
    {
        "bookingid": 674
    },
    {
        "bookingid": 4839
    },
    {
        "bookingid": 493
    },
    {
        "bookingid": 2560
    },
    {
        "bookingid": 2936
    },
    {
        "bookingid": 5930
    },
    {
        "bookingid": 2327
    },
    {
        "bookingid": 994
    },
    {
        "bookingid": 4661
    },
    {
        "bookingid": 1220
    },
    {
        "bookingid": 5252
    },
    {
        "bookingid": 6660
    },
    {
        "bookingid": 5347
    },
    {
        "bookingid": 5740
    },
    {
        "bookingid": 7110
    },
    {
        "bookingid": 4298
    },
    {
        "bookingid": 2609
    },
    {
        "bookingid": 645
    },
    {
        "bookingid": 1486
    },
    {
        "bookingid": 2612
    },
    {
        "bookingid": 6457
    },
    {
        "bookingid": 5746
    },
    {
        "bookingid": 4802
    },
    {
        "bookingid": 6438
    },
    {
        "bookingid": 3953
    },
    {
        "bookingid": 2745
    },
    {
        "bookingid": 3503
    },
    {
        "bookingid": 1176
    },
    {
        "bookingid": 872
    },
    {
        "bookingid": 1215
    },
    {
        "bookingid": 801
    },
    {
        "bookingid": 1045
    },
    {
        "bookingid": 433
    },
    {
        "bookingid": 4643
    },
    {
        "bookingid": 3011
    },
    {
        "bookingid": 6451
    },
    {
        "bookingid": 3334
    },
    {
        "bookingid": 5628
    },
    {
        "bookingid": 7181
    },
    {
        "bookingid": 3369
    },
    {
        "bookingid": 6567
    },
    {
        "bookingid": 5692
    },
    {
        "bookingid": 836
    },
    {
        "bookingid": 7126
    },
    {
        "bookingid": 3131
    },
    {
        "bookingid": 1947
    },
    {
        "bookingid": 6045
    },
    {
        "bookingid": 4685
    },
    {
        "bookingid": 2982
    },
    {
        "bookingid": 202
    },
    {
        "bookingid": 344
    },
    {
        "bookingid": 460
    },
    {
        "bookingid": 5183
    },
    {
        "bookingid": 4189
    },
    {
        "bookingid": 2490
    },
    {
        "bookingid": 5714
    },
    {
        "bookingid": 2508
    },
    {
        "bookingid": 3929
    },
    {
        "bookingid": 7174
    },
    {
        "bookingid": 4614
    },
    {
        "bookingid": 1667
    },
    {
        "bookingid": 2716
    },
    {
        "bookingid": 504
    },
    {
        "bookingid": 61
    },
    {
        "bookingid": 5748
    },
    {
        "bookingid": 3449
    },
    {
        "bookingid": 175
    },
    {
        "bookingid": 5543
    },
    {
        "bookingid": 3175
    },
    {
        "bookingid": 3088
    },
    {
        "bookingid": 3231
    },
    {
        "bookingid": 6309
    },
    {
        "bookingid": 2102
    },
    {
        "bookingid": 5978
    },
    {
        "bookingid": 1630
    },
    {
        "bookingid": 5310
    },
    {
        "bookingid": 6956
    },
    {
        "bookingid": 5914
    },
    {
        "bookingid": 69
    },
    {
        "bookingid": 3197
    },
    {
        "bookingid": 4565
    },
    {
        "bookingid": 934
    },
    {
        "bookingid": 6176
    },
    {
        "bookingid": 4971
    },
    {
        "bookingid": 6574
    },
    {
        "bookingid": 930
    },
    {
        "bookingid": 6941
    },
    {
        "bookingid": 832
    },
    {
        "bookingid": 3399
    },
    {
        "bookingid": 847
    },
    {
        "bookingid": 3036
    },
    {
        "bookingid": 4270
    },
    {
        "bookingid": 6777
    },
    {
        "bookingid": 5940
    },
    {
        "bookingid": 2421
    },
    {
        "bookingid": 1803
    },
    {
        "bookingid": 7207
    },
    {
        "bookingid": 1008
    },
    {
        "bookingid": 5774
    },
    {
        "bookingid": 2639
    },
    {
        "bookingid": 946
    },
    {
        "bookingid": 2916
    },
    {
        "bookingid": 6036
    },
    {
        "bookingid": 1203
    },
    {
        "bookingid": 4710
    },
    {
        "bookingid": 6096
    },
    {
        "bookingid": 2088
    },
    {
        "bookingid": 1695
    },
    {
        "bookingid": 6175
    },
    {
        "bookingid": 3563
    },
    {
        "bookingid": 4540
    },
    {
        "bookingid": 747
    },
    {
        "bookingid": 1121
    },
    {
        "bookingid": 1563
    },
    {
        "bookingid": 6661
    },
    {
        "bookingid": 654
    },
    {
        "bookingid": 6402
    },
    {
        "bookingid": 3185
    },
    {
        "bookingid": 3831
    },
    {
        "bookingid": 6054
    },
    {
        "bookingid": 20
    },
    {
        "bookingid": 1095
    },
    {
        "bookingid": 4812
    },
    {
        "bookingid": 262
    },
    {
        "bookingid": 4527
    },
    {
        "bookingid": 3253
    },
    {
        "bookingid": 2472
    },
    {
        "bookingid": 4965
    },
    {
        "bookingid": 1649
    },
    {
        "bookingid": 3840
    },
    {
        "bookingid": 2383
    },
    {
        "bookingid": 6269
    },
    {
        "bookingid": 713
    },
    {
        "bookingid": 195
    },
    {
        "bookingid": 6472
    },
    {
        "bookingid": 547
    },
    {
        "bookingid": 765
    },
    {
        "bookingid": 2236
    },
    {
        "bookingid": 4130
    },
    {
        "bookingid": 2254
    },
    {
        "bookingid": 4711
    },
    {
        "bookingid": 647
    },
    {
        "bookingid": 1454
    },
    {
        "bookingid": 2464
    },
    {
        "bookingid": 6440
    },
    {
        "bookingid": 5463
    },
    {
        "bookingid": 981
    },
    {
        "bookingid": 2974
    },
    {
        "bookingid": 142
    },
    {
        "bookingid": 5560
    },
    {
        "bookingid": 6072
    },
    {
        "bookingid": 4818
    },
    {
        "bookingid": 2779
    },
    {
        "bookingid": 3862
    },
    {
        "bookingid": 5850
    },
    {
        "bookingid": 6337
    },
    {
        "bookingid": 1498
    },
    {
        "bookingid": 6214
    },
    {
        "bookingid": 6547
    },
    {
        "bookingid": 1744
    },
    {
        "bookingid": 5903
    },
    {
        "bookingid": 355
    },
    {
        "bookingid": 5129
    },
    {
        "bookingid": 1736
    },
    {
        "bookingid": 5586
    },
    {
        "bookingid": 5470
    },
    {
        "bookingid": 1929
    },
    {
        "bookingid": 7356
    },
    {
        "bookingid": 2110
    },
    {
        "bookingid": 4132
    },
    {
        "bookingid": 4224
    },
    {
        "bookingid": 1041
    },
    {
        "bookingid": 384
    },
    {
        "bookingid": 4885
    },
    {
        "bookingid": 683
    },
    {
        "bookingid": 3218
    },
    {
        "bookingid": 1342
    },
    {
        "bookingid": 2821
    },
    {
        "bookingid": 4206
    },
    {
        "bookingid": 1134
    },
    {
        "bookingid": 3006
    },
    {
        "bookingid": 448
    },
    {
        "bookingid": 3186
    },
    {
        "bookingid": 1263
    },
    {
        "bookingid": 2387
    },
    {
        "bookingid": 120
    },
    {
        "bookingid": 1510
    },
    {
        "bookingid": 6101
    },
    {
        "bookingid": 6622
    },
    {
        "bookingid": 2997
    },
    {
        "bookingid": 6656
    },
    {
        "bookingid": 2872
    },
    {
        "bookingid": 5186
    },
    {
        "bookingid": 6450
    },
    {
        "bookingid": 5108
    },
    {
        "bookingid": 5210
    },
    {
        "bookingid": 5190
    },
    {
        "bookingid": 3238
    },
    {
        "bookingid": 5993
    },
    {
        "bookingid": 266
    },
    {
        "bookingid": 3362
    },
    {
        "bookingid": 1081
    },
    {
        "bookingid": 4843
    },
    {
        "bookingid": 6080
    },
    {
        "bookingid": 6162
    },
    {
        "bookingid": 239
    },
    {
        "bookingid": 5912
    },
    {
        "bookingid": 6508
    },
    {
        "bookingid": 5739
    },
    {
        "bookingid": 3571
    },
    {
        "bookingid": 2877
    },
    {
        "bookingid": 2218
    },
    {
        "bookingid": 2308
    },
    {
        "bookingid": 3446
    },
    {
        "bookingid": 900
    },
    {
        "bookingid": 6178
    },
    {
        "bookingid": 7237
    },
    {
        "bookingid": 6986
    },
    {
        "bookingid": 3361
    },
    {
        "bookingid": 6227
    },
    {
        "bookingid": 6745
    },
    {
        "bookingid": 475
    },
    {
        "bookingid": 1501
    },
    {
        "bookingid": 3042
    },
    {
        "bookingid": 7006
    },
    {
        "bookingid": 2914
    },
    {
        "bookingid": 2864
    },
    {
        "bookingid": 4311
    },
    {
        "bookingid": 3890
    },
    {
        "bookingid": 2276
    },
    {
        "bookingid": 2069
    },
    {
        "bookingid": 5738
    },
    {
        "bookingid": 1514
    },
    {
        "bookingid": 4737
    },
    {
        "bookingid": 4774
    },
    {
        "bookingid": 1676
    },
    {
        "bookingid": 4294
    },
    {
        "bookingid": 2221
    },
    {
        "bookingid": 534
    },
    {
        "bookingid": 5203
    },
    {
        "bookingid": 821
    },
    {
        "bookingid": 5521
    },
    {
        "bookingid": 107
    },
    {
        "bookingid": 1118
    },
    {
        "bookingid": 3892
    },
    {
        "bookingid": 845
    },
    {
        "bookingid": 4923
    },
    {
        "bookingid": 3235
    },
    {
        "bookingid": 787
    },
    {
        "bookingid": 2767
    },
    {
        "bookingid": 435
    },
    {
        "bookingid": 282
    },
    {
        "bookingid": 1278
    },
    {
        "bookingid": 7322
    },
    {
        "bookingid": 5587
    },
    {
        "bookingid": 6285
    },
    {
        "bookingid": 1983
    },
    {
        "bookingid": 5538
    },
    {
        "bookingid": 3347
    },
    {
        "bookingid": 4390
    },
    {
        "bookingid": 3678
    },
    {
        "bookingid": 5182
    },
    {
        "bookingid": 4581
    },
    {
        "bookingid": 291
    },
    {
        "bookingid": 3746
    },
    {
        "bookingid": 6881
    },
    {
        "bookingid": 5154
    },
    {
        "bookingid": 1019
    },
    {
        "bookingid": 6347
    },
    {
        "bookingid": 3437
    },
    {
        "bookingid": 255
    },
    {
        "bookingid": 5929
    },
    {
        "bookingid": 2200
    },
    {
        "bookingid": 3659
    },
    {
        "bookingid": 1398
    },
    {
        "bookingid": 4013
    },
    {
        "bookingid": 309
    },
    {
        "bookingid": 601
    },
    {
        "bookingid": 5507
    },
    {
        "bookingid": 6377
    },
    {
        "bookingid": 5045
    },
    {
        "bookingid": 2901
    },
    {
        "bookingid": 277
    },
    {
        "bookingid": 6540
    },
    {
        "bookingid": 5373
    },
    {
        "bookingid": 123
    },
    {
        "bookingid": 3181
    },
    {
        "bookingid": 3883
    },
    {
        "bookingid": 3828
    },
    {
        "bookingid": 1252
    },
    {
        "bookingid": 5804
    },
    {
        "bookingid": 3156
    },
    {
        "bookingid": 5973
    },
    {
        "bookingid": 6548
    },
    {
        "bookingid": 2085
    },
    {
        "bookingid": 4326
    },
    {
        "bookingid": 6358
    },
    {
        "bookingid": 305
    },
    {
        "bookingid": 7063
    },
    {
        "bookingid": 5889
    },
    {
        "bookingid": 1457
    },
    {
        "bookingid": 939
    },
    {
        "bookingid": 2178
    },
    {
        "bookingid": 3052
    },
    {
        "bookingid": 3691
    },
    {
        "bookingid": 407
    },
    {
        "bookingid": 7156
    },
    {
        "bookingid": 4081
    },
    {
        "bookingid": 367
    },
    {
        "bookingid": 3885
    },
    {
        "bookingid": 2404
    },
    {
        "bookingid": 2557
    },
    {
        "bookingid": 1420
    },
    {
        "bookingid": 1132
    },
    {
        "bookingid": 6280
    },
    {
        "bookingid": 2956
    },
    {
        "bookingid": 3816
    },
    {
        "bookingid": 2915
    },
    {
        "bookingid": 28
    },
    {
        "bookingid": 4065
    },
    {
        "bookingid": 1503
    },
    {
        "bookingid": 3853
    },
    {
        "bookingid": 6478
    },
    {
        "bookingid": 1168
    },
    {
        "bookingid": 2185
    },
    {
        "bookingid": 4935
    },
    {
        "bookingid": 3288
    },
    {
        "bookingid": 927
    },
    {
        "bookingid": 1905
    },
    {
        "bookingid": 6339
    },
    {
        "bookingid": 692
    },
    {
        "bookingid": 3823
    },
    {
        "bookingid": 3877
    },
    {
        "bookingid": 637
    },
    {
        "bookingid": 6669
    },
    {
        "bookingid": 721
    },
    {
        "bookingid": 6152
    },
    {
        "bookingid": 1887
    },
    {
        "bookingid": 5232
    },
    {
        "bookingid": 4403
    },
    {
        "bookingid": 3671
    },
    {
        "bookingid": 5318
    },
    {
        "bookingid": 1537
    },
    {
        "bookingid": 2304
    },
    {
        "bookingid": 3608
    },
    {
        "bookingid": 2025
    },
    {
        "bookingid": 5208
    },
    {
        "bookingid": 3233
    },
    {
        "bookingid": 7424
    },
    {
        "bookingid": 3843
    },
    {
        "bookingid": 671
    },
    {
        "bookingid": 4734
    },
    {
        "bookingid": 4244
    },
    {
        "bookingid": 5547
    },
    {
        "bookingid": 156
    },
    {
        "bookingid": 3709
    },
    {
        "bookingid": 3046
    },
    {
        "bookingid": 2338
    },
    {
        "bookingid": 2241
    },
    {
        "bookingid": 5761
    },
    {
        "bookingid": 6134
    },
    {
        "bookingid": 4620
    },
    {
        "bookingid": 4292
    },
    {
        "bookingid": 2632
    },
    {
        "bookingid": 5630
    },
    {
        "bookingid": 3750
    },
    {
        "bookingid": 2289
    },
    {
        "bookingid": 6514
    },
    {
        "bookingid": 611
    },
    {
        "bookingid": 6701
    },
    {
        "bookingid": 7418
    },
    {
        "bookingid": 5610
    },
    {
        "bookingid": 7280
    },
    {
        "bookingid": 4454
    },
    {
        "bookingid": 652
    },
    {
        "bookingid": 3976
    },
    {
        "bookingid": 5849
    },
    {
        "bookingid": 2458
    },
    {
        "bookingid": 6858
    },
    {
        "bookingid": 6333
    },
    {
        "bookingid": 4639
    },
    {
        "bookingid": 86
    },
    {
        "bookingid": 1593
    },
    {
        "bookingid": 1561
    },
    {
        "bookingid": 6475
    },
    {
        "bookingid": 7403
    },
    {
        "bookingid": 2159
    },
    {
        "bookingid": 2895
    },
    {
        "bookingid": 4345
    },
    {
        "bookingid": 5319
    },
    {
        "bookingid": 21
    },
    {
        "bookingid": 3926
    },
    {
        "bookingid": 1169
    },
    {
        "bookingid": 418
    },
    {
        "bookingid": 2494
    },
    {
        "bookingid": 4665
    },
    {
        "bookingid": 1809
    },
    {
        "bookingid": 4192
    },
    {
        "bookingid": 4570
    },
    {
        "bookingid": 2504
    },
    {
        "bookingid": 6194
    },
    {
        "bookingid": 1090
    },
    {
        "bookingid": 1699
    },
    {
        "bookingid": 3949
    },
    {
        "bookingid": 285
    },
    {
        "bookingid": 7056
    },
    {
        "bookingid": 2768
    },
    {
        "bookingid": 3426
    },
    {
        "bookingid": 7399
    },
    {
        "bookingid": 4121
    },
    {
        "bookingid": 1395
    },
    {
        "bookingid": 5726
    },
    {
        "bookingid": 2139
    },
    {
        "bookingid": 6191
    },
    {
        "bookingid": 2511
    },
    {
        "bookingid": 2660
    },
    {
        "bookingid": 1036
    },
    {
        "bookingid": 3533
    },
    {
        "bookingid": 2873
    },
    {
        "bookingid": 2875
    },
    {
        "bookingid": 4832
    },
    {
        "bookingid": 426
    },
    {
        "bookingid": 2832
    },
    {
        "bookingid": 3909
    },
    {
        "bookingid": 573
    },
    {
        "bookingid": 2981
    },
    {
        "bookingid": 4452
    },
    {
        "bookingid": 167
    },
    {
        "bookingid": 7276
    },
    {
        "bookingid": 5835
    },
    {
        "bookingid": 2961
    },
    {
        "bookingid": 7263
    },
    {
        "bookingid": 1989
    },
    {
        "bookingid": 3905
    },
    {
        "bookingid": 828
    },
    {
        "bookingid": 2524
    },
    {
        "bookingid": 6496
    },
    {
        "bookingid": 6260
    },
    {
        "bookingid": 1530
    },
    {
        "bookingid": 2857
    },
    {
        "bookingid": 3638
    },
    {
        "bookingid": 1369
    },
    {
        "bookingid": 1840
    },
    {
        "bookingid": 4283
    },
    {
        "bookingid": 7099
    },
    {
        "bookingid": 339
    },
    {
        "bookingid": 6798
    },
    {
        "bookingid": 336
    },
    {
        "bookingid": 6521
    },
    {
        "bookingid": 5103
    },
    {
        "bookingid": 7223
    },
    {
        "bookingid": 1933
    },
    {
        "bookingid": 3897
    },
    {
        "bookingid": 5826
    },
    {
        "bookingid": 3829
    },
    {
        "bookingid": 3687
    },
    {
        "bookingid": 4005
    },
    {
        "bookingid": 3133
    },
    {
        "bookingid": 6958
    },
    {
        "bookingid": 1707
    },
    {
        "bookingid": 2805
    },
    {
        "bookingid": 538
    },
    {
        "bookingid": 6001
    },
    {
        "bookingid": 7178
    },
    {
        "bookingid": 1763
    },
    {
        "bookingid": 6246
    },
    {
        "bookingid": 5408
    },
    {
        "bookingid": 731
    },
    {
        "bookingid": 2157
    },
    {
        "bookingid": 7334
    },
    {
        "bookingid": 6892
    },
    {
        "bookingid": 6048
    },
    {
        "bookingid": 5905
    },
    {
        "bookingid": 5019
    },
    {
        "bookingid": 3475
    },
    {
        "bookingid": 7140
    },
    {
        "bookingid": 3927
    },
    {
        "bookingid": 5712
    },
    {
        "bookingid": 5018
    },
    {
        "bookingid": 5083
    },
    {
        "bookingid": 2593
    },
    {
        "bookingid": 1344
    },
    {
        "bookingid": 3412
    },
    {
        "bookingid": 2061
    },
    {
        "bookingid": 1290
    },
    {
        "bookingid": 4171
    },
    {
        "bookingid": 2346
    },
    {
        "bookingid": 3262
    },
    {
        "bookingid": 5536
    },
    {
        "bookingid": 4983
    },
    {
        "bookingid": 5514
    },
    {
        "bookingid": 3688
    },
    {
        "bookingid": 2152
    },
    {
        "bookingid": 4364
    },
    {
        "bookingid": 1891
    },
    {
        "bookingid": 1902
    },
    {
        "bookingid": 2630
    },
    {
        "bookingid": 6913
    },
    {
        "bookingid": 4954
    },
    {
        "bookingid": 2135
    },
    {
        "bookingid": 1304
    },
    {
        "bookingid": 1538
    },
    {
        "bookingid": 4682
    },
    {
        "bookingid": 121
    },
    {
        "bookingid": 3629
    },
    {
        "bookingid": 2871
    },
    {
        "bookingid": 5184
    },
    {
        "bookingid": 6216
    },
    {
        "bookingid": 1319
    },
    {
        "bookingid": 2926
    },
    {
        "bookingid": 6559
    },
    {
        "bookingid": 6708
    },
    {
        "bookingid": 4898
    },
    {
        "bookingid": 6528
    },
    {
        "bookingid": 6211
    },
    {
        "bookingid": 4593
    },
    {
        "bookingid": 258
    },
    {
        "bookingid": 940
    },
    {
        "bookingid": 6524
    },
    {
        "bookingid": 2866
    },
    {
        "bookingid": 5139
    },
    {
        "bookingid": 1920
    },
    {
        "bookingid": 3490
    },
    {
        "bookingid": 2285
    },
    {
        "bookingid": 1466
    },
    {
        "bookingid": 4949
    },
    {
        "bookingid": 5700
    },
    {
        "bookingid": 430
    },
    {
        "bookingid": 6786
    },
    {
        "bookingid": 1052
    },
    {
        "bookingid": 4212
    },
    {
        "bookingid": 3100
    },
    {
        "bookingid": 4278
    },
    {
        "bookingid": 7145
    },
    {
        "bookingid": 1360
    },
    {
        "bookingid": 6164
    },
    {
        "bookingid": 1327
    },
    {
        "bookingid": 4124
    },
    {
        "bookingid": 4743
    },
    {
        "bookingid": 2566
    },
    {
        "bookingid": 6832
    },
    {
        "bookingid": 3232
    },
    {
        "bookingid": 3857
    },
    {
        "bookingid": 4176
    },
    {
        "bookingid": 2166
    },
    {
        "bookingid": 6507
    },
    {
        "bookingid": 6224
    },
    {
        "bookingid": 406
    },
    {
        "bookingid": 417
    },
    {
        "bookingid": 596
    },
    {
        "bookingid": 707
    },
    {
        "bookingid": 2017
    },
    {
        "bookingid": 6817
    },
    {
        "bookingid": 3410
    },
    {
        "bookingid": 2193
    },
    {
        "bookingid": 5660
    },
    {
        "bookingid": 2626
    },
    {
        "bookingid": 3250
    },
    {
        "bookingid": 5939
    },
    {
        "bookingid": 456
    },
    {
        "bookingid": 2330
    },
    {
        "bookingid": 5230
    },
    {
        "bookingid": 48
    },
    {
        "bookingid": 3263
    },
    {
        "bookingid": 7061
    },
    {
        "bookingid": 4933
    },
    {
        "bookingid": 5468
    },
    {
        "bookingid": 2323
    },
    {
        "bookingid": 80
    },
    {
        "bookingid": 5218
    },
    {
        "bookingid": 152
    },
    {
        "bookingid": 4627
    },
    {
        "bookingid": 878
    },
    {
        "bookingid": 4775
    },
    {
        "bookingid": 3005
    },
    {
        "bookingid": 5121
    },
    {
        "bookingid": 4732
    },
    {
        "bookingid": 7422
    },
    {
        "bookingid": 665
    },
    {
        "bookingid": 73
    },
    {
        "bookingid": 6648
    },
    {
        "bookingid": 6610
    },
    {
        "bookingid": 7306
    },
    {
        "bookingid": 4233
    },
    {
        "bookingid": 4117
    },
    {
        "bookingid": 5608
    },
    {
        "bookingid": 4813
    },
    {
        "bookingid": 2763
    },
    {
        "bookingid": 5786
    },
    {
        "bookingid": 1069
    },
    {
        "bookingid": 984
    },
    {
        "bookingid": 2521
    },
    {
        "bookingid": 1795
    },
    {
        "bookingid": 2190
    },
    {
        "bookingid": 1009
    },
    {
        "bookingid": 4917
    },
    {
        "bookingid": 3474
    },
    {
        "bookingid": 6542
    },
    {
        "bookingid": 3139
    },
    {
        "bookingid": 2249
    },
    {
        "bookingid": 6874
    },
    {
        "bookingid": 576
    },
    {
        "bookingid": 5025
    },
    {
        "bookingid": 7299
    },
    {
        "bookingid": 3403
    },
    {
        "bookingid": 5566
    },
    {
        "bookingid": 43
    },
    {
        "bookingid": 3044
    },
    {
        "bookingid": 806
    },
    {
        "bookingid": 5448
    },
    {
        "bookingid": 6939
    },
    {
        "bookingid": 1771
    },
    {
        "bookingid": 325
    },
    {
        "bookingid": 4772
    },
    {
        "bookingid": 7189
    },
    {
        "bookingid": 4269
    },
    {
        "bookingid": 6099
    },
    {
        "bookingid": 5988
    },
    {
        "bookingid": 4008
    },
    {
        "bookingid": 5386
    },
    {
        "bookingid": 5089
    },
    {
        "bookingid": 1909
    },
    {
        "bookingid": 4921
    },
    {
        "bookingid": 3212
    },
    {
        "bookingid": 1200
    },
    {
        "bookingid": 3280
    },
    {
        "bookingid": 1222
    },
    {
        "bookingid": 1908
    },
    {
        "bookingid": 4552
    },
    {
        "bookingid": 4251
    },
    {
        "bookingid": 6713
    },
    {
        "bookingid": 3649
    },
    {
        "bookingid": 2773
    },
    {
        "bookingid": 6511
    },
    {
        "bookingid": 1851
    },
    {
        "bookingid": 4948
    },
    {
        "bookingid": 5682
    },
    {
        "bookingid": 4295
    },
    {
        "bookingid": 4634
    },
    {
        "bookingid": 1010
    },
    {
        "bookingid": 5175
    },
    {
        "bookingid": 864
    },
    {
        "bookingid": 7233
    },
    {
        "bookingid": 3118
    },
    {
        "bookingid": 412
    },
    {
        "bookingid": 2333
    },
    {
        "bookingid": 7038
    },
    {
        "bookingid": 4357
    },
    {
        "bookingid": 4507
    },
    {
        "bookingid": 3963
    },
    {
        "bookingid": 6757
    },
    {
        "bookingid": 1042
    },
    {
        "bookingid": 1858
    },
    {
        "bookingid": 178
    },
    {
        "bookingid": 97
    },
    {
        "bookingid": 4409
    },
    {
        "bookingid": 6388
    },
    {
        "bookingid": 6122
    },
    {
        "bookingid": 4370
    },
    {
        "bookingid": 7009
    },
    {
        "bookingid": 5625
    },
    {
        "bookingid": 6010
    },
    {
        "bookingid": 6213
    },
    {
        "bookingid": 6972
    },
    {
        "bookingid": 1999
    },
    {
        "bookingid": 6313
    },
    {
        "bookingid": 5439
    },
    {
        "bookingid": 6633
    },
    {
        "bookingid": 7281
    },
    {
        "bookingid": 135
    },
    {
        "bookingid": 1788
    },
    {
        "bookingid": 274
    },
    {
        "bookingid": 1119
    },
    {
        "bookingid": 6738
    },
    {
        "bookingid": 2509
    },
    {
        "bookingid": 6650
    },
    {
        "bookingid": 1393
    },
    {
        "bookingid": 1129
    },
    {
        "bookingid": 2830
    },
    {
        "bookingid": 1627
    },
    {
        "bookingid": 416
    },
    {
        "bookingid": 5342
    },
    {
        "bookingid": 2457
    },
    {
        "bookingid": 4873
    },
    {
        "bookingid": 1554
    },
    {
        "bookingid": 4579
    },
    {
        "bookingid": 775
    },
    {
        "bookingid": 2758
    },
    {
        "bookingid": 7232
    },
    {
        "bookingid": 4484
    },
    {
        "bookingid": 6510
    },
    {
        "bookingid": 7138
    },
    {
        "bookingid": 1038
    },
    {
        "bookingid": 5188
    },
    {
        "bookingid": 3721
    },
    {
        "bookingid": 4998
    },
    {
        "bookingid": 1339
    },
    {
        "bookingid": 6859
    },
    {
        "bookingid": 3082
    },
    {
        "bookingid": 2489
    },
    {
        "bookingid": 562
    },
    {
        "bookingid": 677
    },
    {
        "bookingid": 5244
    },
    {
        "bookingid": 6712
    },
    {
        "bookingid": 6056
    },
    {
        "bookingid": 4135
    },
    {
        "bookingid": 5036
    },
    {
        "bookingid": 753
    },
    {
        "bookingid": 7074
    },
    {
        "bookingid": 3642
    },
    {
        "bookingid": 7085
    },
    {
        "bookingid": 7457
    },
    {
        "bookingid": 4547
    },
    {
        "bookingid": 1973
    },
    {
        "bookingid": 1604
    },
    {
        "bookingid": 791
    },
    {
        "bookingid": 3645
    },
    {
        "bookingid": 811
    },
    {
        "bookingid": 3173
    },
    {
        "bookingid": 1424
    },
    {
        "bookingid": 6411
    },
    {
        "bookingid": 236
    },
    {
        "bookingid": 7
    },
    {
        "bookingid": 30
    },
    {
        "bookingid": 1461
    },
    {
        "bookingid": 3026
    },
    {
        "bookingid": 6031
    },
    {
        "bookingid": 704
    },
    {
        "bookingid": 6485
    },
    {
        "bookingid": 1855
    },
    {
        "bookingid": 3411
    },
    {
        "bookingid": 4796
    },
    {
        "bookingid": 1408
    },
    {
        "bookingid": 4433
    },
    {
        "bookingid": 1906
    },
    {
        "bookingid": 1664
    },
    {
        "bookingid": 1522
    },
    {
        "bookingid": 6421
    },
    {
        "bookingid": 5148
    },
    {
        "bookingid": 2682
    },
    {
        "bookingid": 19
    },
    {
        "bookingid": 915
    },
    {
        "bookingid": 1364
    },
    {
        "bookingid": 1303
    },
    {
        "bookingid": 830
    },
    {
        "bookingid": 1445
    },
    {
        "bookingid": 5983
    },
    {
        "bookingid": 1317
    },
    {
        "bookingid": 109
    },
    {
        "bookingid": 3942
    },
    {
        "bookingid": 2267
    },
    {
        "bookingid": 1107
    },
    {
        "bookingid": 5165
    },
    {
        "bookingid": 5875
    },
    {
        "bookingid": 3912
    },
    {
        "bookingid": 2095
    },
    {
        "bookingid": 1755
    },
    {
        "bookingid": 4161
    },
    {
        "bookingid": 44
    },
    {
        "bookingid": 1087
    },
    {
        "bookingid": 4591
    },
    {
        "bookingid": 1671
    },
    {
        "bookingid": 6613
    },
    {
        "bookingid": 414
    },
    {
        "bookingid": 2288
    },
    {
        "bookingid": 5115
    },
    {
        "bookingid": 2156
    },
    {
        "bookingid": 3626
    },
    {
        "bookingid": 2902
    },
    {
        "bookingid": 7239
    },
    {
        "bookingid": 4464
    },
    {
        "bookingid": 4625
    },
    {
        "bookingid": 5199
    },
    {
        "bookingid": 798
    },
    {
        "bookingid": 2108
    },
    {
        "bookingid": 6343
    },
    {
        "bookingid": 6861
    },
    {
        "bookingid": 474
    },
    {
        "bookingid": 7220
    },
    {
        "bookingid": 6720
    },
    {
        "bookingid": 725
    },
    {
        "bookingid": 2089
    },
    {
        "bookingid": 6381
    },
    {
        "bookingid": 478
    },
    {
        "bookingid": 1122
    },
    {
        "bookingid": 2083
    },
    {
        "bookingid": 3295
    },
    {
        "bookingid": 5122
    },
    {
        "bookingid": 6398
    },
    {
        "bookingid": 4327
    },
    {
        "bookingid": 3483
    },
    {
        "bookingid": 6112
    },
    {
        "bookingid": 5380
    },
    {
        "bookingid": 5596
    },
    {
        "bookingid": 6802
    },
    {
        "bookingid": 453
    },
    {
        "bookingid": 1778
    },
    {
        "bookingid": 680
    },
    {
        "bookingid": 2018
    },
    {
        "bookingid": 4101
    },
    {
        "bookingid": 6873
    },
    {
        "bookingid": 1684
    },
    {
        "bookingid": 2098
    },
    {
        "bookingid": 1350
    },
    {
        "bookingid": 1371
    },
    {
        "bookingid": 6346
    },
    {
        "bookingid": 5222
    },
    {
        "bookingid": 5193
    },
    {
        "bookingid": 184
    },
    {
        "bookingid": 2739
    },
    {
        "bookingid": 2932
    },
    {
        "bookingid": 1066
    },
    {
        "bookingid": 5756
    },
    {
        "bookingid": 2164
    },
    {
        "bookingid": 6583
    },
    {
        "bookingid": 2125
    },
    {
        "bookingid": 5185
    },
    {
        "bookingid": 1817
    },
    {
        "bookingid": 1055
    },
    {
        "bookingid": 3562
    },
    {
        "bookingid": 6631
    },
    {
        "bookingid": 2097
    },
    {
        "bookingid": 449
    },
    {
        "bookingid": 910
    },
    {
        "bookingid": 228
    },
    {
        "bookingid": 502
    },
    {
        "bookingid": 4769
    },
    {
        "bookingid": 6891
    },
    {
        "bookingid": 2920
    },
    {
        "bookingid": 7435
    },
    {
        "bookingid": 6883
    },
    {
        "bookingid": 2774
    },
    {
        "bookingid": 6295
    },
    {
        "bookingid": 2364
    },
    {
        "bookingid": 1701
    },
    {
        "bookingid": 1496
    },
    {
        "bookingid": 6565
    },
    {
        "bookingid": 5816
    },
    {
        "bookingid": 3215
    },
    {
        "bookingid": 2071
    },
    {
        "bookingid": 421
    },
    {
        "bookingid": 1108
    },
    {
        "bookingid": 5156
    },
    {
        "bookingid": 757
    },
    {
        "bookingid": 353
    },
    {
        "bookingid": 759
    },
    {
        "bookingid": 7078
    },
    {
        "bookingid": 921
    },
    {
        "bookingid": 4758
    },
    {
        "bookingid": 5984
    },
    {
        "bookingid": 5997
    },
    {
        "bookingid": 7348
    },
    {
        "bookingid": 1093
    },
    {
        "bookingid": 2749
    },
    {
        "bookingid": 490
    },
    {
        "bookingid": 6025
    },
    {
        "bookingid": 1167
    },
    {
        "bookingid": 1392
    },
    {
        "bookingid": 6156
    },
    {
        "bookingid": 1547
    },
    {
        "bookingid": 7312
    },
    {
        "bookingid": 105
    },
    {
        "bookingid": 4422
    },
    {
        "bookingid": 3701
    },
    {
        "bookingid": 2555
    },
    {
        "bookingid": 1747
    },
    {
        "bookingid": 1238
    },
    {
        "bookingid": 4195
    },
    {
        "bookingid": 2723
    },
    {
        "bookingid": 6828
    },
    {
        "bookingid": 5361
    },
    {
        "bookingid": 5735
    },
    {
        "bookingid": 4725
    },
    {
        "bookingid": 1281
    },
    {
        "bookingid": 4721
    },
    {
        "bookingid": 444
    },
    {
        "bookingid": 5331
    },
    {
        "bookingid": 146
    },
    {
        "bookingid": 5233
    },
    {
        "bookingid": 5749
    },
    {
        "bookingid": 2350
    },
    {
        "bookingid": 7164
    },
    {
        "bookingid": 5056
    },
    {
        "bookingid": 2651
    },
    {
        "bookingid": 655
    },
    {
        "bookingid": 793
    },
    {
        "bookingid": 4146
    },
    {
        "bookingid": 3269
    },
    {
        "bookingid": 1450
    },
    {
        "bookingid": 191
    },
    {
        "bookingid": 1105
    },
    {
        "bookingid": 987
    },
    {
        "bookingid": 6492
    },
    {
        "bookingid": 350
    },
    {
        "bookingid": 5838
    },
    {
        "bookingid": 6803
    },
    {
        "bookingid": 2409
    },
    {
        "bookingid": 6338
    },
    {
        "bookingid": 1721
    },
    {
        "bookingid": 4912
    },
    {
        "bookingid": 4455
    },
    {
        "bookingid": 950
    },
    {
        "bookingid": 2738
    },
    {
        "bookingid": 5691
    },
    {
        "bookingid": 2281
    },
    {
        "bookingid": 3811
    },
    {
        "bookingid": 4113
    },
    {
        "bookingid": 6037
    },
    {
        "bookingid": 2496
    },
    {
        "bookingid": 1441
    },
    {
        "bookingid": 2363
    },
    {
        "bookingid": 5559
    },
    {
        "bookingid": 3468
    },
    {
        "bookingid": 4201
    },
    {
        "bookingid": 3895
    },
    {
        "bookingid": 6836
    },
    {
        "bookingid": 3873
    },
    {
        "bookingid": 1713
    },
    {
        "bookingid": 1076
    },
    {
        "bookingid": 1564
    },
    {
        "bookingid": 7337
    },
    {
        "bookingid": 3600
    },
    {
        "bookingid": 5254
    },
    {
        "bookingid": 1101
    },
    {
        "bookingid": 4861
    },
    {
        "bookingid": 2607
    },
    {
        "bookingid": 6228
    },
    {
        "bookingid": 4782
    },
    {
        "bookingid": 5664
    },
    {
        "bookingid": 2206
    },
    {
        "bookingid": 3252
    },
    {
        "bookingid": 2074
    },
    {
        "bookingid": 1868
    },
    {
        "bookingid": 3924
    },
    {
        "bookingid": 3152
    },
    {
        "bookingid": 3383
    },
    {
        "bookingid": 5438
    },
    {
        "bookingid": 5652
    },
    {
        "bookingid": 2246
    },
    {
        "bookingid": 6330
    },
    {
        "bookingid": 7389
    },
    {
        "bookingid": 232
    },
    {
        "bookingid": 1680
    },
    {
        "bookingid": 5708
    },
    {
        "bookingid": 7054
    },
    {
        "bookingid": 2001
    },
    {
        "bookingid": 4535
    },
    {
        "bookingid": 4673
    },
    {
        "bookingid": 2050
    },
    {
        "bookingid": 6375
    },
    {
        "bookingid": 4351
    },
    {
        "bookingid": 5245
    },
    {
        "bookingid": 7351
    },
    {
        "bookingid": 6604
    },
    {
        "bookingid": 3660
    },
    {
        "bookingid": 5403
    },
    {
        "bookingid": 4078
    },
    {
        "bookingid": 3561
    },
    {
        "bookingid": 1051
    },
    {
        "bookingid": 5942
    },
    {
        "bookingid": 5118
    },
    {
        "bookingid": 898
    },
    {
        "bookingid": 3389
    },
    {
        "bookingid": 5848
    },
    {
        "bookingid": 4463
    },
    {
        "bookingid": 2534
    },
    {
        "bookingid": 2145
    },
    {
        "bookingid": 2548
    },
    {
        "bookingid": 5600
    },
    {
        "bookingid": 2594
    },
    {
        "bookingid": 5918
    },
    {
        "bookingid": 5533
    },
    {
        "bookingid": 5070
    },
    {
        "bookingid": 4580
    },
    {
        "bookingid": 6998
    },
    {
        "bookingid": 2054
    },
    {
        "bookingid": 6132
    },
    {
        "bookingid": 2527
    },
    {
        "bookingid": 4050
    },
    {
        "bookingid": 6355
    },
    {
        "bookingid": 5642
    },
    {
        "bookingid": 6787
    },
    {
        "bookingid": 7096
    },
    {
        "bookingid": 7060
    },
    {
        "bookingid": 3741
    },
    {
        "bookingid": 295
    },
    {
        "bookingid": 5602
    },
    {
        "bookingid": 5885
    },
    {
        "bookingid": 6366
    },
    {
        "bookingid": 1482
    },
    {
        "bookingid": 2784
    },
    {
        "bookingid": 4239
    },
    {
        "bookingid": 5897
    },
    {
        "bookingid": 686
    },
    {
        "bookingid": 3228
    },
    {
        "bookingid": 1033
    },
    {
        "bookingid": 6022
    },
    {
        "bookingid": 1410
    },
    {
        "bookingid": 6605
    },
    {
        "bookingid": 485
    },
    {
        "bookingid": 6917
    },
    {
        "bookingid": 7219
    },
    {
        "bookingid": 6394
    },
    {
        "bookingid": 2141
    },
    {
        "bookingid": 2361
    },
    {
        "bookingid": 1124
    },
    {
        "bookingid": 2806
    },
    {
        "bookingid": 4160
    },
    {
        "bookingid": 5074
    },
    {
        "bookingid": 2740
    },
    {
        "bookingid": 5568
    },
    {
        "bookingid": 5535
    },
    {
        "bookingid": 1716
    },
    {
        "bookingid": 6934
    },
    {
        "bookingid": 1751
    },
    {
        "bookingid": 5934
    },
    {
        "bookingid": 1617
    },
    {
        "bookingid": 1968
    },
    {
        "bookingid": 6872
    },
    {
        "bookingid": 3969
    },
    {
        "bookingid": 6849
    },
    {
        "bookingid": 2586
    },
    {
        "bookingid": 1885
    },
    {
        "bookingid": 5333
    },
    {
        "bookingid": 2507
    },
    {
        "bookingid": 7097
    },
    {
        "bookingid": 4162
    },
    {
        "bookingid": 3494
    },
    {
        "bookingid": 6427
    },
    {
        "bookingid": 2140
    },
    {
        "bookingid": 265
    },
    {
        "bookingid": 5886
    },
    {
        "bookingid": 1856
    },
    {
        "bookingid": 5389
    },
    {
        "bookingid": 1237
    },
    {
        "bookingid": 299
    },
    {
        "bookingid": 2618
    },
    {
        "bookingid": 3784
    },
    {
        "bookingid": 4369
    },
    {
        "bookingid": 5981
    },
    {
        "bookingid": 4513
    },
    {
        "bookingid": 1359
    },
    {
        "bookingid": 5874
    },
    {
        "bookingid": 6768
    },
    {
        "bookingid": 1945
    },
    {
        "bookingid": 4950
    },
    {
        "bookingid": 875
    },
    {
        "bookingid": 2598
    },
    {
        "bookingid": 6035
    },
    {
        "bookingid": 2834
    },
    {
        "bookingid": 4248
    },
    {
        "bookingid": 2811
    },
    {
        "bookingid": 1806
    },
    {
        "bookingid": 1064
    },
    {
        "bookingid": 7186
    },
    {
        "bookingid": 3574
    },
    {
        "bookingid": 27
    },
    {
        "bookingid": 1775
    },
    {
        "bookingid": 6896
    },
    {
        "bookingid": 245
    },
    {
        "bookingid": 6773
    },
    {
        "bookingid": 2953
    },
    {
        "bookingid": 3801
    },
    {
        "bookingid": 3504
    },
    {
        "bookingid": 4585
    },
    {
        "bookingid": 632
    },
    {
        "bookingid": 4663
    },
    {
        "bookingid": 1927
    },
    {
        "bookingid": 6281
    },
    {
        "bookingid": 1515
    },
    {
        "bookingid": 6594
    },
    {
        "bookingid": 1024
    },
    {
        "bookingid": 6688
    },
    {
        "bookingid": 3223
    },
    {
        "bookingid": 5113
    },
    {
        "bookingid": 3838
    },
    {
        "bookingid": 3168
    },
    {
        "bookingid": 7460
    },
    {
        "bookingid": 5703
    },
    {
        "bookingid": 6007
    },
    {
        "bookingid": 1729
    },
    {
        "bookingid": 5778
    },
    {
        "bookingid": 6127
    },
    {
        "bookingid": 3568
    },
    {
        "bookingid": 2142
    },
    {
        "bookingid": 76
    },
    {
        "bookingid": 1388
    },
    {
        "bookingid": 3592
    },
    {
        "bookingid": 3498
    },
    {
        "bookingid": 577
    },
    {
        "bookingid": 625
    },
    {
        "bookingid": 4046
    },
    {
        "bookingid": 4925
    },
    {
        "bookingid": 6245
    },
    {
        "bookingid": 6580
    },
    {
        "bookingid": 7191
    },
    {
        "bookingid": 6860
    },
    {
        "bookingid": 1329
    },
    {
        "bookingid": 5504
    },
    {
        "bookingid": 2869
    },
    {
        "bookingid": 6466
    },
    {
        "bookingid": 3654
    },
    {
        "bookingid": 4352
    },
    {
        "bookingid": 5557
    },
    {
        "bookingid": 1953
    },
    {
        "bookingid": 7373
    },
    {
        "bookingid": 6271
    },
    {
        "bookingid": 5626
    },
    {
        "bookingid": 1768
    },
    {
        "bookingid": 7271
    },
    {
        "bookingid": 3073
    },
    {
        "bookingid": 3249
    },
    {
        "bookingid": 7454
    },
    {
        "bookingid": 5087
    },
    {
        "bookingid": 2751
    },
    {
        "bookingid": 5313
    },
    {
        "bookingid": 4395
    },
    {
        "bookingid": 6911
    },
    {
        "bookingid": 4343
    },
    {
        "bookingid": 3962
    },
    {
        "bookingid": 5665
    },
    {
        "bookingid": 5818
    },
    {
        "bookingid": 1190
    },
    {
        "bookingid": 52
    },
    {
        "bookingid": 7116
    },
    {
        "bookingid": 4631
    },
    {
        "bookingid": 2650
    },
    {
        "bookingid": 294
    },
    {
        "bookingid": 4291
    },
    {
        "bookingid": 5936
    },
    {
        "bookingid": 4109
    },
    {
        "bookingid": 3287
    },
    {
        "bookingid": 3478
    },
    {
        "bookingid": 4009
    },
    {
        "bookingid": 4564
    },
    {
        "bookingid": 287
    },
    {
        "bookingid": 837
    },
    {
        "bookingid": 6560
    },
    {
        "bookingid": 6311
    },
    {
        "bookingid": 1535
    },
    {
        "bookingid": 40
    },
    {
        "bookingid": 6192
    },
    {
        "bookingid": 2107
    },
    {
        "bookingid": 2478
    },
    {
        "bookingid": 3281
    },
    {
        "bookingid": 1325
    },
    {
        "bookingid": 1569
    },
    {
        "bookingid": 6655
    },
    {
        "bookingid": 1049
    },
    {
        "bookingid": 5004
    },
    {
        "bookingid": 6519
    },
    {
        "bookingid": 4659
    },
    {
        "bookingid": 2816
    },
    {
        "bookingid": 2176
    },
    {
        "bookingid": 5065
    },
    {
        "bookingid": 3825
    },
    {
        "bookingid": 2230
    },
    {
        "bookingid": 1573
    },
    {
        "bookingid": 1982
    },
    {
        "bookingid": 7291
    },
    {
        "bookingid": 7154
    },
    {
        "bookingid": 4319
    },
    {
        "bookingid": 1274
    },
    {
        "bookingid": 122
    },
    {
        "bookingid": 512
    },
    {
        "bookingid": 4613
    },
    {
        "bookingid": 2400
    },
    {
        "bookingid": 4894
    },
    {
        "bookingid": 7048
    },
    {
        "bookingid": 1012
    },
    {
        "bookingid": 4574
    },
    {
        "bookingid": 5637
    },
    {
        "bookingid": 3952
    },
    {
        "bookingid": 4986
    },
    {
        "bookingid": 4118
    },
    {
        "bookingid": 1083
    },
    {
        "bookingid": 6383
    },
    {
        "bookingid": 3172
    },
    {
        "bookingid": 6123
    },
    {
        "bookingid": 5519
    },
    {
        "bookingid": 6307
    },
    {
        "bookingid": 7075
    },
    {
        "bookingid": 4509
    },
    {
        "bookingid": 181
    },
    {
        "bookingid": 5694
    },
    {
        "bookingid": 7408
    },
    {
        "bookingid": 2303
    },
    {
        "bookingid": 4979
    },
    {
        "bookingid": 2076
    },
    {
        "bookingid": 1726
    },
    {
        "bookingid": 1074
    },
    {
        "bookingid": 1658
    },
    {
        "bookingid": 4014
    },
    {
        "bookingid": 4800
    },
    {
        "bookingid": 3193
    },
    {
        "bookingid": 5332
    },
    {
        "bookingid": 248
    },
    {
        "bookingid": 62
    },
    {
        "bookingid": 3326
    },
    {
        "bookingid": 5381
    },
    {
        "bookingid": 2803
    },
    {
        "bookingid": 5910
    },
    {
        "bookingid": 6378
    },
    {
        "bookingid": 6969
    },
    {
        "bookingid": 7170
    },
    {
        "bookingid": 5292
    },
    {
        "bookingid": 7045
    },
    {
        "bookingid": 549
    },
    {
        "bookingid": 6696
    },
    {
        "bookingid": 3879
    },
    {
        "bookingid": 6974
    },
    {
        "bookingid": 7122
    },
    {
        "bookingid": 5306
    },
    {
        "bookingid": 3460
    },
    {
        "bookingid": 1672
    },
    {
        "bookingid": 1375
    },
    {
        "bookingid": 6257
    },
    {
        "bookingid": 2686
    },
    {
        "bookingid": 941
    },
    {
        "bookingid": 1520
    },
    {
        "bookingid": 51
    },
    {
        "bookingid": 1391
    },
    {
        "bookingid": 6794
    },
    {
        "bookingid": 3830
    },
    {
        "bookingid": 7098
    },
    {
        "bookingid": 3809
    },
    {
        "bookingid": 1508
    },
    {
        "bookingid": 983
    },
    {
        "bookingid": 211
    },
    {
        "bookingid": 5931
    },
    {
        "bookingid": 4016
    },
    {
        "bookingid": 2471
    },
    {
        "bookingid": 476
    },
    {
        "bookingid": 4141
    },
    {
        "bookingid": 5397
    },
    {
        "bookingid": 2011
    },
    {
        "bookingid": 6513
    },
    {
        "bookingid": 2030
    },
    {
        "bookingid": 2149
    },
    {
        "bookingid": 6208
    },
    {
        "bookingid": 6145
    },
    {
        "bookingid": 153
    },
    {
        "bookingid": 6585
    },
    {
        "bookingid": 134
    },
    {
        "bookingid": 5041
    },
    {
        "bookingid": 3573
    },
    {
        "bookingid": 5921
    },
    {
        "bookingid": 6005
    },
    {
        "bookingid": 6953
    },
    {
        "bookingid": 6993
    },
    {
        "bookingid": 157
    },
    {
        "bookingid": 2115
    },
    {
        "bookingid": 68
    },
    {
        "bookingid": 6977
    },
    {
        "bookingid": 1333
    },
    {
        "bookingid": 7184
    },
    {
        "bookingid": 3093
    },
    {
        "bookingid": 2812
    },
    {
        "bookingid": 4069
    },
    {
        "bookingid": 1559
    },
    {
        "bookingid": 3355
    },
    {
        "bookingid": 3609
    },
    {
        "bookingid": 376
    },
    {
        "bookingid": 5309
    },
    {
        "bookingid": 4443
    },
    {
        "bookingid": 4350
    },
    {
        "bookingid": 7192
    },
    {
        "bookingid": 1576
    },
    {
        "bookingid": 4736
    },
    {
        "bookingid": 1487
    },
    {
        "bookingid": 7342
    },
    {
        "bookingid": 3757
    },
    {
        "bookingid": 6460
    },
    {
        "bookingid": 4679
    },
    {
        "bookingid": 2292
    },
    {
        "bookingid": 2261
    },
    {
        "bookingid": 5932
    },
    {
        "bookingid": 5035
    },
    {
        "bookingid": 1489
    },
    {
        "bookingid": 455
    },
    {
        "bookingid": 2023
    },
    {
        "bookingid": 866
    },
    {
        "bookingid": 5563
    },
    {
        "bookingid": 6952
    },
    {
        "bookingid": 4047
    },
    {
        "bookingid": 3907
    },
    {
        "bookingid": 1639
    },
    {
        "bookingid": 1305
    },
    {
        "bookingid": 2137
    },
    {
        "bookingid": 1425
    },
    {
        "bookingid": 6197
    },
    {
        "bookingid": 2226
    },
    {
        "bookingid": 7073
    },
    {
        "bookingid": 7412
    },
    {
        "bookingid": 3431
    },
    {
        "bookingid": 2144
    },
    {
        "bookingid": 2493
    },
    {
        "bookingid": 385
    },
    {
        "bookingid": 1257
    },
    {
        "bookingid": 3240
    },
    {
        "bookingid": 5402
    },
    {
        "bookingid": 4815
    },
    {
        "bookingid": 7217
    },
    {
        "bookingid": 6915
    },
    {
        "bookingid": 4234
    },
    {
        "bookingid": 4038
    },
    {
        "bookingid": 6454
    },
    {
        "bookingid": 3256
    },
    {
        "bookingid": 1161
    },
    {
        "bookingid": 4435
    },
    {
        "bookingid": 5683
    },
    {
        "bookingid": 3549
    },
    {
        "bookingid": 996
    },
    {
        "bookingid": 4316
    },
    {
        "bookingid": 3286
    },
    {
        "bookingid": 4724
    },
    {
        "bookingid": 7314
    },
    {
        "bookingid": 4448
    },
    {
        "bookingid": 409
    },
    {
        "bookingid": 6077
    },
    {
        "bookingid": 7004
    },
    {
        "bookingid": 6240
    },
    {
        "bookingid": 4149
    },
    {
        "bookingid": 3271
    },
    {
        "bookingid": 2833
    },
    {
        "bookingid": 2391
    },
    {
        "bookingid": 5160
    },
    {
        "bookingid": 3367
    },
    {
        "bookingid": 6791
    },
    {
        "bookingid": 2477
    },
    {
        "bookingid": 3471
    },
    {
        "bookingid": 3887
    },
    {
        "bookingid": 5840
    },
    {
        "bookingid": 5979
    },
    {
        "bookingid": 1007
    },
    {
        "bookingid": 26
    },
    {
        "bookingid": 1451
    },
    {
        "bookingid": 5031
    },
    {
        "bookingid": 5192
    },
    {
        "bookingid": 2483
    },
    {
        "bookingid": 138
    },
    {
        "bookingid": 3030
    },
    {
        "bookingid": 991
    },
    {
        "bookingid": 3
    },
    {
        "bookingid": 1456
    },
    {
        "bookingid": 7057
    },
    {
        "bookingid": 770
    },
    {
        "bookingid": 3896
    },
    {
        "bookingid": 6082
    },
    {
        "bookingid": 2419
    },
    {
        "bookingid": 2813
    },
    {
        "bookingid": 3312
    },
    {
        "bookingid": 807
    },
    {
        "bookingid": 4555
    },
    {
        "bookingid": 976
    },
    {
        "bookingid": 373
    },
    {
        "bookingid": 2523
    },
    {
        "bookingid": 5937
    },
    {
        "bookingid": 6250
    },
    {
        "bookingid": 4783
    },
    {
        "bookingid": 1020
    },
    {
        "bookingid": 5531
    },
    {
        "bookingid": 1539
    },
    {
        "bookingid": 3550
    },
    {
        "bookingid": 5733
    },
    {
        "bookingid": 445
    },
    {
        "bookingid": 4450
    },
    {
        "bookingid": 3164
    },
    {
        "bookingid": 2431
    },
    {
        "bookingid": 5067
    },
    {
        "bookingid": 3427
    },
    {
        "bookingid": 6931
    },
    {
        "bookingid": 4045
    },
    {
        "bookingid": 1549
    },
    {
        "bookingid": 4304
    },
    {
        "bookingid": 2439
    },
    {
        "bookingid": 3314
    },
    {
        "bookingid": 2067
    },
    {
        "bookingid": 5730
    },
    {
        "bookingid": 764
    },
    {
        "bookingid": 4636
    },
    {
        "bookingid": 4103
    },
    {
        "bookingid": 5406
    },
    {
        "bookingid": 2662
    },
    {
        "bookingid": 1223
    },
    {
        "bookingid": 3570
    },
    {
        "bookingid": 5729
    },
    {
        "bookingid": 5235
    },
    {
        "bookingid": 6442
    },
    {
        "bookingid": 2005
    },
    {
        "bookingid": 477
    },
    {
        "bookingid": 5662
    },
    {
        "bookingid": 3069
    },
    {
        "bookingid": 1689
    },
    {
        "bookingid": 4728
    },
    {
        "bookingid": 2568
    },
    {
        "bookingid": 6850
    },
    {
        "bookingid": 6425
    },
    {
        "bookingid": 7395
    },
    {
        "bookingid": 6090
    },
    {
        "bookingid": 5109
    },
    {
        "bookingid": 5197
    },
    {
        "bookingid": 2790
    },
    {
        "bookingid": 3137
    },
    {
        "bookingid": 117
    },
    {
        "bookingid": 1476
    },
    {
        "bookingid": 6761
    },
    {
        "bookingid": 4266
    },
    {
        "bookingid": 6149
    },
    {
        "bookingid": 3321
    },
    {
        "bookingid": 446
    },
    {
        "bookingid": 4862
    },
    {
        "bookingid": 3451
    },
    {
        "bookingid": 1141
    },
    {
        "bookingid": 2476
    },
    {
        "bookingid": 877
    },
    {
        "bookingid": 2037
    },
    {
        "bookingid": 5858
    },
    {
        "bookingid": 3008
    },
    {
        "bookingid": 1867
    },
    {
        "bookingid": 2143
    },
    {
        "bookingid": 814
    },
    {
        "bookingid": 6200
    },
    {
        "bookingid": 67
    },
    {
        "bookingid": 719
    },
    {
        "bookingid": 7090
    },
    {
        "bookingid": 5785
    },
    {
        "bookingid": 1980
    },
    {
        "bookingid": 46
    },
    {
        "bookingid": 1460
    },
    {
        "bookingid": 4110
    },
    {
        "bookingid": 1494
    },
    {
        "bookingid": 2558
    },
    {
        "bookingid": 4528
    },
    {
        "bookingid": 662
    },
    {
        "bookingid": 7376
    },
    {
        "bookingid": 931
    },
    {
        "bookingid": 2202
    },
    {
        "bookingid": 6237
    },
    {
        "bookingid": 4061
    },
    {
        "bookingid": 696
    },
    {
        "bookingid": 2638
    },
    {
        "bookingid": 3194
    },
    {
        "bookingid": 7375
    },
    {
        "bookingid": 1271
    },
    {
        "bookingid": 7390
    },
    {
        "bookingid": 11
    },
    {
        "bookingid": 4608
    },
    {
        "bookingid": 2597
    },
    {
        "bookingid": 6259
    },
    {
        "bookingid": 5987
    },
    {
        "bookingid": 3956
    },
    {
        "bookingid": 1323
    },
    {
        "bookingid": 2259
    },
    {
        "bookingid": 3724
    },
    {
        "bookingid": 2518
    },
    {
        "bookingid": 2627
    },
    {
        "bookingid": 4993
    },
    {
        "bookingid": 6154
    },
    {
        "bookingid": 1382
    },
    {
        "bookingid": 528
    },
    {
        "bookingid": 3366
    },
    {
        "bookingid": 1178
    },
    {
        "bookingid": 2172
    },
    {
        "bookingid": 1807
    },
    {
        "bookingid": 7413
    },
    {
        "bookingid": 5486
    },
    {
        "bookingid": 3111
    },
    {
        "bookingid": 4931
    },
    {
        "bookingid": 6326
    },
    {
        "bookingid": 82
    },
    {
        "bookingid": 5315
    },
    {
        "bookingid": 4853
    },
    {
        "bookingid": 334
    },
    {
        "bookingid": 3213
    },
    {
        "bookingid": 4003
    },
    {
        "bookingid": 6119
    },
    {
        "bookingid": 7010
    },
    {
        "bookingid": 1205
    },
    {
        "bookingid": 3122
    },
    {
        "bookingid": 5497
    },
    {
        "bookingid": 2645
    },
    {
        "bookingid": 24
    },
    {
        "bookingid": 6206
    },
    {
        "bookingid": 2608
    },
    {
        "bookingid": 6413
    },
    {
        "bookingid": 2004
    },
    {
        "bookingid": 6816
    },
    {
        "bookingid": 1481
    },
    {
        "bookingid": 4384
    },
    {
        "bookingid": 6033
    },
    {
        "bookingid": 6924
    },
    {
        "bookingid": 7441
    },
    {
        "bookingid": 6294
    },
    {
        "bookingid": 4258
    },
    {
        "bookingid": 1120
    },
    {
        "bookingid": 3320
    },
    {
        "bookingid": 1912
    },
    {
        "bookingid": 5522
    },
    {
        "bookingid": 4432
    },
    {
        "bookingid": 1911
    },
    {
        "bookingid": 3010
    },
    {
        "bookingid": 7168
    },
    {
        "bookingid": 2015
    },
    {
        "bookingid": 668
    },
    {
        "bookingid": 4804
    },
    {
        "bookingid": 3418
    },
    {
        "bookingid": 894
    },
    {
        "bookingid": 3098
    },
    {
        "bookingid": 4731
    },
    {
        "bookingid": 3679
    },
    {
        "bookingid": 1401
    },
    {
        "bookingid": 710
    },
    {
        "bookingid": 4788
    },
    {
        "bookingid": 4566
    },
    {
        "bookingid": 4817
    },
    {
        "bookingid": 841
    },
    {
        "bookingid": 5896
    },
    {
        "bookingid": 1310
    },
    {
        "bookingid": 1
    },
    {
        "bookingid": 5787
    },
    {
        "bookingid": 2182
    },
    {
        "bookingid": 1602
    },
    {
        "bookingid": 3971
    },
    {
        "bookingid": 5326
    },
    {
        "bookingid": 4915
    },
    {
        "bookingid": 4530
    },
    {
        "bookingid": 6672
    },
    {
        "bookingid": 341
    },
    {
        "bookingid": 185
    },
    {
        "bookingid": 4514
    },
    {
        "bookingid": 6076
    },
    {
        "bookingid": 2082
    },
    {
        "bookingid": 578
    },
    {
        "bookingid": 342
    },
    {
        "bookingid": 2848
    },
    {
        "bookingid": 2425
    },
    {
        "bookingid": 3045
    },
    {
        "bookingid": 1951
    },
    {
        "bookingid": 6804
    },
    {
        "bookingid": 7367
    },
    {
        "bookingid": 5413
    },
    {
        "bookingid": 616
    },
    {
        "bookingid": 6668
    },
    {
        "bookingid": 1853
    },
    {
        "bookingid": 6166
    },
    {
        "bookingid": 751
    },
    {
        "bookingid": 179
    },
    {
        "bookingid": 1403
    },
    {
        "bookingid": 2492
    },
    {
        "bookingid": 5323
    },
    {
        "bookingid": 6168
    },
    {
        "bookingid": 2712
    },
    {
        "bookingid": 954
    },
    {
        "bookingid": 6109
    },
    {
        "bookingid": 2675
    },
    {
        "bookingid": 3184
    },
    {
        "bookingid": 6999
    },
    {
        "bookingid": 7359
    },
    {
        "bookingid": 7032
    },
    {
        "bookingid": 3695
    },
    {
        "bookingid": 6328
    },
    {
        "bookingid": 162
    },
    {
        "bookingid": 4479
    },
    {
        "bookingid": 2856
    },
    {
        "bookingid": 6954
    },
    {
        "bookingid": 4926
    },
    {
        "bookingid": 2985
    },
    {
        "bookingid": 6826
    },
    {
        "bookingid": 5281
    },
    {
        "bookingid": 2678
    },
    {
        "bookingid": 773
    },
    {
        "bookingid": 6887
    },
    {
        "bookingid": 2572
    },
    {
        "bookingid": 5883
    },
    {
        "bookingid": 1919
    },
    {
        "bookingid": 4077
    },
    {
        "bookingid": 7400
    },
    {
        "bookingid": 49
    },
    {
        "bookingid": 920
    },
    {
        "bookingid": 3075
    },
    {
        "bookingid": 6140
    },
    {
        "bookingid": 2186
    },
    {
        "bookingid": 131
    },
    {
        "bookingid": 1018
    },
    {
        "bookingid": 4583
    },
    {
        "bookingid": 3424
    },
    {
        "bookingid": 4138
    },
    {
        "bookingid": 6937
    },
    {
        "bookingid": 5974
    },
    {
        "bookingid": 6880
    },
    {
        "bookingid": 317
    },
    {
        "bookingid": 2212
    },
    {
        "bookingid": 3844
    },
    {
        "bookingid": 331
    },
    {
        "bookingid": 7354
    },
    {
        "bookingid": 5262
    },
    {
        "bookingid": 2300
    },
    {
        "bookingid": 3048
    },
    {
        "bookingid": 5009
    },
    {
        "bookingid": 7210
    },
    {
        "bookingid": 313
    },
    {
        "bookingid": 4791
    },
    {
        "bookingid": 5819
    },
    {
        "bookingid": 2103
    },
    {
        "bookingid": 3525
    },
    {
        "bookingid": 3165
    },
    {
        "bookingid": 3459
    },
    {
        "bookingid": 2949
    },
    {
        "bookingid": 1075
    },
    {
        "bookingid": 6961
    },
    {
        "bookingid": 3333
    },
    {
        "bookingid": 4100
    },
    {
        "bookingid": 6108
    },
    {
        "bookingid": 4692
    },
    {
        "bookingid": 7194
    },
    {
        "bookingid": 555
    },
    {
        "bookingid": 4751
    },
    {
        "bookingid": 310
    },
    {
        "bookingid": 7296
    },
    {
        "bookingid": 4367
    },
    {
        "bookingid": 2234
    },
    {
        "bookingid": 3116
    },
    {
        "bookingid": 3388
    },
    {
        "bookingid": 6997
    },
    {
        "bookingid": 4172
    },
    {
        "bookingid": 5757
    },
    {
        "bookingid": 6139
    },
    {
        "bookingid": 7044
    },
    {
        "bookingid": 916
    },
    {
        "bookingid": 1026
    },
    {
        "bookingid": 4340
    },
    {
        "bookingid": 3501
    },
    {
        "bookingid": 2406
    },
    {
        "bookingid": 5526
    },
    {
        "bookingid": 2730
    },
    {
        "bookingid": 1785
    },
    {
        "bookingid": 1781
    },
    {
        "bookingid": 6362
    },
    {
        "bookingid": 240
    },
    {
        "bookingid": 4495
    },
    {
        "bookingid": 5698
    },
    {
        "bookingid": 164
    },
    {
        "bookingid": 1418
    },
    {
        "bookingid": 3532
    },
    {
        "bookingid": 7388
    },
    {
        "bookingid": 2531
    },
    {
        "bookingid": 4859
    },
    {
        "bookingid": 2681
    },
    {
        "bookingid": 842
    },
    {
        "bookingid": 2605
    },
    {
        "bookingid": 523
    },
    {
        "bookingid": 6058
    },
    {
        "bookingid": 7016
    },
    {
        "bookingid": 3951
    },
    {
        "bookingid": 3615
    },
    {
        "bookingid": 5977
    },
    {
        "bookingid": 4238
    },
    {
        "bookingid": 6842
    },
    {
        "bookingid": 2646
    },
    {
        "bookingid": 982
    },
    {
        "bookingid": 5894
    },
    {
        "bookingid": 4040
    },
    {
        "bookingid": 362
    },
    {
        "bookingid": 4264
    },
    {
        "bookingid": 466
    },
    {
        "bookingid": 4430
    },
    {
        "bookingid": 2669
    },
    {
        "bookingid": 701
    },
    {
        "bookingid": 1148
    },
    {
        "bookingid": 5715
    },
    {
        "bookingid": 5688
    },
    {
        "bookingid": 348
    },
    {
        "bookingid": 3247
    },
    {
        "bookingid": 1791
    },
    {
        "bookingid": 2764
    },
    {
        "bookingid": 4324
    },
    {
        "bookingid": 4204
    },
    {
        "bookingid": 1245
    },
    {
        "bookingid": 4361
    },
    {
        "bookingid": 1691
    },
    {
        "bookingid": 5335
    },
    {
        "bookingid": 2177
    },
    {
        "bookingid": 2620
    },
    {
        "bookingid": 551
    },
    {
        "bookingid": 5820
    },
    {
        "bookingid": 5550
    },
    {
        "bookingid": 4062
    },
    {
        "bookingid": 6441
    },
    {
        "bookingid": 2131
    },
    {
        "bookingid": 2347
    },
    {
        "bookingid": 7165
    },
    {
        "bookingid": 3792
    },
    {
        "bookingid": 6312
    },
    {
        "bookingid": 4042
    },
    {
        "bookingid": 1984
    },
    {
        "bookingid": 6092
    },
    {
        "bookingid": 5383
    },
    {
        "bookingid": 2491
    },
    {
        "bookingid": 781
    },
    {
        "bookingid": 3391
    },
    {
        "bookingid": 1184
    },
    {
        "bookingid": 1397
    },
    {
        "bookingid": 1975
    },
    {
        "bookingid": 1242
    },
    {
        "bookingid": 5679
    },
    {
        "bookingid": 2000
    },
    {
        "bookingid": 4371
    },
    {
        "bookingid": 5469
    },
    {
        "bookingid": 1366
    },
    {
        "bookingid": 1179
    },
    {
        "bookingid": 7294
    },
    {
        "bookingid": 3065
    },
    {
        "bookingid": 3814
    },
    {
        "bookingid": 3220
    },
    {
        "bookingid": 4243
    },
    {
        "bookingid": 620
    },
    {
        "bookingid": 5825
    },
    {
        "bookingid": 613
    },
    {
        "bookingid": 1936
    },
    {
        "bookingid": 2737
    },
    {
        "bookingid": 2326
    },
    {
        "bookingid": 2168
    },
    {
        "bookingid": 2441
    },
    {
        "bookingid": 3720
    },
    {
        "bookingid": 242
    },
    {
        "bookingid": 6230
    },
    {
        "bookingid": 6523
    },
    {
        "bookingid": 6006
    },
    {
        "bookingid": 2885
    },
    {
        "bookingid": 5278
    },
    {
        "bookingid": 3765
    },
    {
        "bookingid": 6862
    },
    {
        "bookingid": 3049
    },
    {
        "bookingid": 6847
    },
    {
        "bookingid": 4870
    },
    {
        "bookingid": 2757
    },
    {
        "bookingid": 7041
    },
    {
        "bookingid": 4750
    },
    {
        "bookingid": 5465
    },
    {
        "bookingid": 3171
    },
    {
        "bookingid": 5598
    },
    {
        "bookingid": 3120
    },
    {
        "bookingid": 5266
    },
    {
        "bookingid": 7368
    },
    {
        "bookingid": 3655
    },
    {
        "bookingid": 2983
    },
    {
        "bookingid": 5802
    },
    {
        "bookingid": 6525
    },
    {
        "bookingid": 7287
    },
    {
        "bookingid": 6593
    },
    {
        "bookingid": 1232
    },
    {
        "bookingid": 3665
    },
    {
        "bookingid": 795
    },
    {
        "bookingid": 1898
    },
    {
        "bookingid": 3323
    },
    {
        "bookingid": 5611
    },
    {
        "bookingid": 1844
    },
    {
        "bookingid": 6639
    },
    {
        "bookingid": 2809
    },
    {
        "bookingid": 6703
    },
    {
        "bookingid": 6602
    },
    {
        "bookingid": 401
    },
    {
        "bookingid": 2180
    },
    {
        "bookingid": 2777
    },
    {
        "bookingid": 1368
    },
    {
        "bookingid": 463
    },
    {
        "bookingid": 1239
    },
    {
        "bookingid": 148
    },
    {
        "bookingid": 6274
    },
    {
        "bookingid": 3328
    },
    {
        "bookingid": 2049
    },
    {
        "bookingid": 4406
    },
    {
        "bookingid": 1372
    },
    {
        "bookingid": 3703
    },
    {
        "bookingid": 7251
    },
    {
        "bookingid": 4652
    },
    {
        "bookingid": 2271
    },
    {
        "bookingid": 3127
    },
    {
        "bookingid": 5130
    },
    {
        "bookingid": 5008
    },
    {
        "bookingid": 3715
    },
    {
        "bookingid": 4209
    },
    {
        "bookingid": 3415
    },
    {
        "bookingid": 6480
    },
    {
        "bookingid": 1111
    },
    {
        "bookingid": 1165
    },
    {
        "bookingid": 5227
    },
    {
        "bookingid": 4778
    },
    {
        "bookingid": 5938
    },
    {
        "bookingid": 6407
    },
    {
        "bookingid": 5410
    },
    {
        "bookingid": 314
    },
    {
        "bookingid": 1790
    },
    {
        "bookingid": 1629
    },
    {
        "bookingid": 1954
    },
    {
        "bookingid": 7072
    },
    {
        "bookingid": 5673
    },
    {
        "bookingid": 7349
    },
    {
        "bookingid": 1448
    },
    {
        "bookingid": 3136
    },
    {
        "bookingid": 4786
    },
    {
        "bookingid": 575
    },
    {
        "bookingid": 3607
    },
    {
        "bookingid": 5147
    },
    {
        "bookingid": 3149
    },
    {
        "bookingid": 5922
    },
    {
        "bookingid": 66
    },
    {
        "bookingid": 5356
    },
    {
        "bookingid": 4287
    },
    {
        "bookingid": 5496
    },
    {
        "bookingid": 4387
    },
    {
        "bookingid": 1275
    },
    {
        "bookingid": 5418
    },
    {
        "bookingid": 5150
    },
    {
        "bookingid": 6324
    },
    {
        "bookingid": 5866
    },
    {
        "bookingid": 3107
    },
    {
        "bookingid": 6820
    },
    {
        "bookingid": 6100
    },
    {
        "bookingid": 6857
    },
    {
        "bookingid": 6498
    },
    {
        "bookingid": 6852
    },
    {
        "bookingid": 3986
    },
    {
        "bookingid": 1568
    },
    {
        "bookingid": 189
    },
    {
        "bookingid": 4854
    },
    {
        "bookingid": 1300
    },
    {
        "bookingid": 3920
    },
    {
        "bookingid": 257
    },
    {
        "bookingid": 443
    },
    {
        "bookingid": 6231
    },
    {
        "bookingid": 6630
    },
    {
        "bookingid": 4070
    },
    {
        "bookingid": 5146
    },
    {
        "bookingid": 7227
    },
    {
        "bookingid": 6979
    },
    {
        "bookingid": 2863
    },
    {
        "bookingid": 5052
    },
    {
        "bookingid": 6195
    },
    {
        "bookingid": 5830
    },
    {
        "bookingid": 3423
    },
    {
        "bookingid": 2120
    },
    {
        "bookingid": 286
    },
    {
        "bookingid": 3796
    },
    {
        "bookingid": 2291
    },
    {
        "bookingid": 1164
    },
    {
        "bookingid": 4717
    },
    {
        "bookingid": 3547
    },
    {
        "bookingid": 251
    },
    {
        "bookingid": 3623
    },
    {
        "bookingid": 4071
    },
    {
        "bookingid": 5810
    },
    {
        "bookingid": 6957
    },
    {
        "bookingid": 6422
    },
    {
        "bookingid": 4425
    },
    {
        "bookingid": 3404
    },
    {
        "bookingid": 1562
    },
    {
        "bookingid": 6314
    },
    {
        "bookingid": 3754
    },
    {
        "bookingid": 3628
    },
    {
        "bookingid": 4984
    },
    {
        "bookingid": 1634
    },
    {
        "bookingid": 4419
    },
    {
        "bookingid": 5093
    },
    {
        "bookingid": 4468
    },
    {
        "bookingid": 2578
    },
    {
        "bookingid": 1133
    },
    {
        "bookingid": 624
    },
    {
        "bookingid": 4674
    },
    {
        "bookingid": 6596
    },
    {
        "bookingid": 4978
    },
    {
        "bookingid": 4537
    },
    {
        "bookingid": 420
    },
    {
        "bookingid": 4293
    },
    {
        "bookingid": 5580
    },
    {
        "bookingid": 4073
    },
    {
        "bookingid": 6784
    },
    {
        "bookingid": 5705
    },
    {
        "bookingid": 3143
    },
    {
        "bookingid": 5585
    },
    {
        "bookingid": 5836
    },
    {
        "bookingid": 5806
    },
    {
        "bookingid": 7256
    },
    {
        "bookingid": 5898
    },
    {
        "bookingid": 13
    },
    {
        "bookingid": 926
    },
    {
        "bookingid": 1025
    },
    {
        "bookingid": 1004
    },
    {
        "bookingid": 6417
    },
    {
        "bookingid": 3989
    },
    {
        "bookingid": 7385
    },
    {
        "bookingid": 7040
    },
    {
        "bookingid": 2917
    },
    {
        "bookingid": 3191
    },
    {
        "bookingid": 4144
    },
    {
        "bookingid": 4485
    },
    {
        "bookingid": 215
    },
    {
        "bookingid": 4697
    },
    {
        "bookingid": 4322
    },
    {
        "bookingid": 2318
    },
    {
        "bookingid": 1394
    },
    {
        "bookingid": 2950
    },
    {
        "bookingid": 292
    },
    {
        "bookingid": 4365
    },
    {
        "bookingid": 1924
    },
    {
        "bookingid": 6725
    },
    {
        "bookingid": 4939
    },
    {
        "bookingid": 1636
    },
    {
        "bookingid": 689
    },
    {
        "bookingid": 5263
    },
    {
        "bookingid": 7141
    },
    {
        "bookingid": 5784
    },
    {
        "bookingid": 5453
    },
    {
        "bookingid": 1845
    },
    {
        "bookingid": 3745
    },
    {
        "bookingid": 3579
    },
    {
        "bookingid": 5447
    },
    {
        "bookingid": 3555
    },
    {
        "bookingid": 5466
    },
    {
        "bookingid": 3939
    },
    {
        "bookingid": 4891
    },
    {
        "bookingid": 4746
    },
    {
        "bookingid": 3443
    },
    {
        "bookingid": 3733
    },
    {
        "bookingid": 4482
    },
    {
        "bookingid": 1198
    },
    {
        "bookingid": 2007
    },
    {
        "bookingid": 2184
    },
    {
        "bookingid": 3768
    },
    {
        "bookingid": 4412
    },
    {
        "bookingid": 4541
    },
    {
        "bookingid": 5759
    },
    {
        "bookingid": 3447
    },
    {
        "bookingid": 2309
    },
    {
        "bookingid": 2868
    },
    {
        "bookingid": 3452
    },
    {
        "bookingid": 3644
    },
    {
        "bookingid": 6205
    },
    {
        "bookingid": 5173
    },
    {
        "bookingid": 905
    },
    {
        "bookingid": 7279
    },
    {
        "bookingid": 1216
    },
    {
        "bookingid": 3708
    },
    {
        "bookingid": 7321
    },
    {
        "bookingid": 3343
    },
    {
        "bookingid": 4733
    },
    {
        "bookingid": 5382
    },
    {
        "bookingid": 1529
    },
    {
        "bookingid": 880
    },
    {
        "bookingid": 5028
    },
    {
        "bookingid": 705
    },
    {
        "bookingid": 4140
    },
    {
        "bookingid": 4150
    },
    {
        "bookingid": 510
    },
    {
        "bookingid": 5994
    },
    {
        "bookingid": 4250
    },
    {
        "bookingid": 6866
    },
    {
        "bookingid": 3854
    },
    {
        "bookingid": 216
    },
    {
        "bookingid": 5798
    },
    {
        "bookingid": 4469
    },
    {
        "bookingid": 1185
    },
    {
        "bookingid": 5643
    },
    {
        "bookingid": 947
    },
    {
        "bookingid": 5057
    },
    {
        "bookingid": 7323
    },
    {
        "bookingid": 2352
    },
    {
        "bookingid": 1981
    },
    {
        "bookingid": 7029
    },
    {
        "bookingid": 3773
    },
    {
        "bookingid": 6619
    },
    {
        "bookingid": 2345
    },
    {
        "bookingid": 74
    },
    {
        "bookingid": 2121
    },
    {
        "bookingid": 4054
    },
    {
        "bookingid": 2473
    },
    {
        "bookingid": 2912
    },
    {
        "bookingid": 4027
    },
    {
        "bookingid": 1328
    },
    {
        "bookingid": 605
    },
    {
        "bookingid": 2306
    },
    {
        "bookingid": 5180
    },
    {
        "bookingid": 557
    },
    {
        "bookingid": 1415
    },
    {
        "bookingid": 5437
    },
    {
        "bookingid": 1697
    },
    {
        "bookingid": 4355
    },
    {
        "bookingid": 5678
    },
    {
        "bookingid": 4763
    },
    {
        "bookingid": 14
    },
    {
        "bookingid": 4376
    },
    {
        "bookingid": 2498
    },
    {
        "bookingid": 145
    },
    {
        "bookingid": 5298
    },
    {
        "bookingid": 1340
    },
    {
        "bookingid": 2783
    },
    {
        "bookingid": 7173
    },
    {
        "bookingid": 3664
    },
    {
        "bookingid": 388
    },
    {
        "bookingid": 3815
    },
    {
        "bookingid": 3697
    },
    {
        "bookingid": 2734
    },
    {
        "bookingid": 5618
    },
    {
        "bookingid": 2394
    },
    {
        "bookingid": 5168
    },
    {
        "bookingid": 1143
    },
    {
        "bookingid": 7451
    },
    {
        "bookingid": 1173
    },
    {
        "bookingid": 1061
    },
    {
        "bookingid": 7014
    },
    {
        "bookingid": 5047
    },
    {
        "bookingid": 6663
    },
    {
        "bookingid": 3480
    },
    {
        "bookingid": 923
    },
    {
        "bookingid": 6576
    },
    {
        "bookingid": 3521
    },
    {
        "bookingid": 128
    },
    {
        "bookingid": 3537
    },
    {
        "bookingid": 2652
    },
    {
        "bookingid": 3259
    },
    {
        "bookingid": 2847
    },
    {
        "bookingid": 1545
    },
    {
        "bookingid": 273
    },
    {
        "bookingid": 3641
    },
    {
        "bookingid": 2904
    },
    {
        "bookingid": 5341
    },
    {
        "bookingid": 2263
    },
    {
        "bookingid": 1116
    },
    {
        "bookingid": 4953
    },
    {
        "bookingid": 5405
    },
    {
        "bookingid": 4827
    },
    {
        "bookingid": 7317
    },
    {
        "bookingid": 3957
    },
    {
        "bookingid": 2836
    },
    {
        "bookingid": 5711
    },
    {
        "bookingid": 57
    },
    {
        "bookingid": 3094
    },
    {
        "bookingid": 133
    },
    {
        "bookingid": 2086
    },
    {
        "bookingid": 370
    },
    {
        "bookingid": 4164
    },
    {
        "bookingid": 6380
    },
    {
        "bookingid": 1675
    },
    {
        "bookingid": 4776
    },
    {
        "bookingid": 4681
    },
    {
        "bookingid": 7135
    },
    {
        "bookingid": 635
    },
    {
        "bookingid": 6845
    },
    {
        "bookingid": 3587
    },
    {
        "bookingid": 1749
    },
    {
        "bookingid": 1642
    },
    {
        "bookingid": 6686
    },
    {
        "bookingid": 166
    },
    {
        "bookingid": 4771
    },
    {
        "bookingid": 724
    },
    {
        "bookingid": 392
    },
    {
        "bookingid": 6050
    },
    {
        "bookingid": 5828
    },
    {
        "bookingid": 39
    },
    {
        "bookingid": 1913
    },
    {
        "bookingid": 3405
    },
    {
        "bookingid": 5114
    },
    {
        "bookingid": 6889
    },
    {
        "bookingid": 1273
    },
    {
        "bookingid": 2245
    },
    {
        "bookingid": 4575
    },
    {
        "bookingid": 4955
    },
    {
        "bookingid": 4451
    },
    {
        "bookingid": 3414
    },
    {
        "bookingid": 6587
    },
    {
        "bookingid": 1389
    },
    {
        "bookingid": 5824
    },
    {
        "bookingid": 6906
    },
    {
        "bookingid": 2312
    },
    {
        "bookingid": 1682
    },
    {
        "bookingid": 6351
    },
    {
        "bookingid": 4088
    },
    {
        "bookingid": 2127
    },
    {
        "bookingid": 2742
    },
    {
        "bookingid": 6085
    },
    {
        "bookingid": 6584
    },
    {
        "bookingid": 2220
    },
    {
        "bookingid": 399
    },
    {
        "bookingid": 776
    },
    {
        "bookingid": 2797
    },
    {
        "bookingid": 992
    },
    {
        "bookingid": 3783
    },
    {
        "bookingid": 6167
    },
    {
        "bookingid": 1363
    },
    {
        "bookingid": 3380
    },
    {
        "bookingid": 1324
    },
    {
        "bookingid": 2570
    },
    {
        "bookingid": 5605
    },
    {
        "bookingid": 2294
    },
    {
        "bookingid": 1931
    },
    {
        "bookingid": 2133
    },
    {
        "bookingid": 4522
    },
    {
        "bookingid": 4028
    },
    {
        "bookingid": 1861
    },
    {
        "bookingid": 1254
    },
    {
        "bookingid": 2066
    },
    {
        "bookingid": 261
    },
    {
        "bookingid": 1419
    },
    {
        "bookingid": 3983
    },
    {
        "bookingid": 4230
    },
    {
        "bookingid": 5440
    },
    {
        "bookingid": 6495
    },
    {
        "bookingid": 6909
    },
    {
        "bookingid": 382
    },
    {
        "bookingid": 784
    },
    {
        "bookingid": 6607
    },
    {
        "bookingid": 6293
    },
    {
        "bookingid": 2908
    },
    {
        "bookingid": 2173
    },
    {
        "bookingid": 4228
    },
    {
        "bookingid": 4441
    },
    {
        "bookingid": 2746
    },
    {
        "bookingid": 2996
    },
    {
        "bookingid": 7245
    },
    {
        "bookingid": 237
    },
    {
        "bookingid": 4302
    },
    {
        "bookingid": 4973
    },
    {
        "bookingid": 3301
    },
    {
        "bookingid": 3214
    },
    {
        "bookingid": 932
    },
    {
        "bookingid": 1000
    },
    {
        "bookingid": 6268
    },
    {
        "bookingid": 5338
    },
    {
        "bookingid": 5427
    },
    {
        "bookingid": 5207
    },
    {
        "bookingid": 7353
    },
    {
        "bookingid": 2887
    },
    {
        "bookingid": 520
    },
    {
        "bookingid": 2828
    },
    {
        "bookingid": 1170
    },
    {
        "bookingid": 767
    },
    {
        "bookingid": 5881
    },
    {
        "bookingid": 858
    },
    {
        "bookingid": 3710
    },
    {
        "bookingid": 3385
    },
    {
        "bookingid": 6762
    },
    {
        "bookingid": 3298
    },
    {
        "bookingid": 6071
    },
    {
        "bookingid": 4335
    },
    {
        "bookingid": 889
    },
    {
        "bookingid": 6936
    },
    {
        "bookingid": 3551
    },
    {
        "bookingid": 3856
    },
    {
        "bookingid": 428
    },
    {
        "bookingid": 6970
    },
    {
        "bookingid": 5493
    },
    {
        "bookingid": 3880
    },
    {
        "bookingid": 2647
    },
    {
        "bookingid": 1053
    },
    {
        "bookingid": 1330
    },
    {
        "bookingid": 58
    },
    {
        "bookingid": 5457
    },
    {
        "bookingid": 7357
    },
    {
        "bookingid": 5895
    },
    {
        "bookingid": 2999
    },
    {
        "bookingid": 4534
    },
    {
        "bookingid": 564
    },
    {
        "bookingid": 1815
    },
    {
        "bookingid": 3159
    },
    {
        "bookingid": 7089
    },
    {
        "bookingid": 3640
    },
    {
        "bookingid": 522
    },
    {
        "bookingid": 6038
    },
    {
        "bookingid": 2945
    },
    {
        "bookingid": 1678
    },
    {
        "bookingid": 4726
    },
    {
        "bookingid": 3808
    },
    {
        "bookingid": 3109
    },
    {
        "bookingid": 1700
    },
    {
        "bookingid": 4052
    },
    {
        "bookingid": 4622
    },
    {
        "bookingid": 3706
    },
    {
        "bookingid": 5884
    },
    {
        "bookingid": 5880
    },
    {
        "bookingid": 3092
    },
    {
        "bookingid": 188
    },
    {
        "bookingid": 5415
    },
    {
        "bookingid": 3336
    },
    {
        "bookingid": 6772
    },
    {
        "bookingid": 6003
    },
    {
        "bookingid": 3394
    },
    {
        "bookingid": 3693
    },
    {
        "bookingid": 4879
    },
    {
        "bookingid": 2016
    },
    {
        "bookingid": 1663
    },
    {
        "bookingid": 6671
    },
    {
        "bookingid": 2420
    },
    {
        "bookingid": 3265
    },
    {
        "bookingid": 7436
    },
    {
        "bookingid": 1347
    },
    {
        "bookingid": 2876
    },
    {
        "bookingid": 4386
    },
    {
        "bookingid": 3031
    },
    {
        "bookingid": 2265
    },
    {
        "bookingid": 1944
    },
    {
        "bookingid": 6215
    },
    {
        "bookingid": 3583
    },
    {
        "bookingid": 7378
    },
    {
        "bookingid": 6601
    },
    {
        "bookingid": 3101
    },
    {
        "bookingid": 2964
    },
    {
        "bookingid": 526
    },
    {
        "bookingid": 1623
    },
    {
        "bookingid": 730
    },
    {
        "bookingid": 7028
    },
    {
        "bookingid": 1349
    },
    {
        "bookingid": 888
    },
    {
        "bookingid": 1196
    },
    {
        "bookingid": 6552
    },
    {
        "bookingid": 2238
    },
    {
        "bookingid": 6554
    },
    {
        "bookingid": 4375
    },
    {
        "bookingid": 393
    },
    {
        "bookingid": 4582
    },
    {
        "bookingid": 4076
    },
    {
        "bookingid": 5832
    },
    {
        "bookingid": 4501
    },
    {
        "bookingid": 6728
    },
    {
        "bookingid": 4023
    },
    {
        "bookingid": 4474
    },
    {
        "bookingid": 1472
    },
    {
        "bookingid": 3344
    },
    {
        "bookingid": 2657
    },
    {
        "bookingid": 198
    },
    {
        "bookingid": 222
    },
    {
        "bookingid": 1618
    },
    {
        "bookingid": 5758
    },
    {
        "bookingid": 2412
    },
    {
        "bookingid": 7195
    },
    {
        "bookingid": 4959
    },
    {
        "bookingid": 3413
    },
    {
        "bookingid": 4480
    },
    {
        "bookingid": 569
    },
    {
        "bookingid": 55
    },
    {
        "bookingid": 5442
    },
    {
        "bookingid": 6255
    },
    {
        "bookingid": 2564
    },
    {
        "bookingid": 263
    },
    {
        "bookingid": 6808
    },
    {
        "bookingid": 3349
    },
    {
        "bookingid": 4936
    },
    {
        "bookingid": 1432
    },
    {
        "bookingid": 4260
    },
    {
        "bookingid": 7142
    },
    {
        "bookingid": 3740
    },
    {
        "bookingid": 672
    },
    {
        "bookingid": 1745
    },
    {
        "bookingid": 2795
    },
    {
        "bookingid": 2817
    },
    {
        "bookingid": 4075
    },
    {
        "bookingid": 3841
    },
    {
        "bookingid": 2205
    },
    {
        "bookingid": 7394
    },
    {
        "bookingid": 1758
    },
    {
        "bookingid": 956
    },
    {
        "bookingid": 6589
    },
    {
        "bookingid": 60
    },
    {
        "bookingid": 4177
    },
    {
        "bookingid": 5567
    },
    {
        "bookingid": 2051
    },
    {
        "bookingid": 64
    },
    {
        "bookingid": 6682
    },
    {
        "bookingid": 2948
    },
    {
        "bookingid": 269
    },
    {
        "bookingid": 6545
    },
    {
        "bookingid": 4792
    },
    {
        "bookingid": 5375
    },
    {
        "bookingid": 6483
    },
    {
        "bookingid": 4550
    },
    {
        "bookingid": 1532
    },
    {
        "bookingid": 70
    },
    {
        "bookingid": 6235
    },
    {
        "bookingid": 5055
    },
    {
        "bookingid": 1159
    },
    {
        "bookingid": 90
    },
    {
        "bookingid": 5127
    },
    {
        "bookingid": 610
    },
    {
        "bookingid": 6060
    },
    {
        "bookingid": 2769
    },
    {
        "bookingid": 1462
    },
    {
        "bookingid": 5620
    },
    {
        "bookingid": 6578
    },
    {
        "bookingid": 2545
    },
    {
        "bookingid": 108
    },
    {
        "bookingid": 2014
    },
    {
        "bookingid": 684
    },
    {
        "bookingid": 2591
    },
    {
        "bookingid": 4122
    },
    {
        "bookingid": 2389
    },
    {
        "bookingid": 4279
    },
    {
        "bookingid": 6822
    },
    {
        "bookingid": 4701
    },
    {
        "bookingid": 4671
    },
    {
        "bookingid": 1526
    },
    {
        "bookingid": 4996
    },
    {
        "bookingid": 136
    },
    {
        "bookingid": 1291
    },
    {
        "bookingid": 4252
    },
    {
        "bookingid": 7407
    },
    {
        "bookingid": 5384
    },
    {
        "bookingid": 4905
    },
    {
        "bookingid": 7458
    },
    {
        "bookingid": 960
    },
    {
        "bookingid": 1565
    },
    {
        "bookingid": 5690
    },
    {
        "bookingid": 2266
    },
    {
        "bookingid": 1767
    },
    {
        "bookingid": 7026
    },
    {
        "bookingid": 3211
    },
    {
        "bookingid": 5768
    },
    {
        "bookingid": 3123
    },
    {
        "bookingid": 7129
    },
    {
        "bookingid": 820
    },
    {
        "bookingid": 4709
    },
    {
        "bookingid": 4500
    },
    {
        "bookingid": 369
    },
    {
        "bookingid": 4153
    },
    {
        "bookingid": 3777
    },
    {
        "bookingid": 1632
    },
    {
        "bookingid": 3487
    },
    {
        "bookingid": 4735
    },
    {
        "bookingid": 3578
    },
    {
        "bookingid": 1784
    },
    {
        "bookingid": 2059
    },
    {
        "bookingid": 4909
    },
    {
        "bookingid": 7062
    },
    {
        "bookingid": 7268
    },
    {
        "bookingid": 599
    },
    {
        "bookingid": 1662
    },
    {
        "bookingid": 7012
    },
    {
        "bookingid": 4945
    },
    {
        "bookingid": 1060
    },
    {
        "bookingid": 2702
    },
    {
        "bookingid": 3338
    },
    {
        "bookingid": 3925
    },
    {
        "bookingid": 6846
    },
    {
        "bookingid": 3436
    },
    {
        "bookingid": 2878
    },
    {
        "bookingid": 1595
    },
    {
        "bookingid": 1875
    },
    {
        "bookingid": 3322
    },
    {
        "bookingid": 566
    },
    {
        "bookingid": 3559
    },
    {
        "bookingid": 3522
    },
    {
        "bookingid": 3012
    },
    {
        "bookingid": 3966
    },
    {
        "bookingid": 6714
    },
    {
        "bookingid": 96
    },
    {
        "bookingid": 565
    },
    {
        "bookingid": 5080
    },
    {
        "bookingid": 3387
    },
    {
        "bookingid": 6643
    },
    {
        "bookingid": 2170
    },
    {
        "bookingid": 5215
    },
    {
        "bookingid": 6561
    },
    {
        "bookingid": 869
    },
    {
        "bookingid": 1884
    },
    {
        "bookingid": 4165
    },
    {
        "bookingid": 1899
    },
    {
        "bookingid": 1821
    },
    {
        "bookingid": 4120
    },
    {
        "bookingid": 2553
    },
    {
        "bookingid": 371
    },
    {
        "bookingid": 4930
    },
    {
        "bookingid": 6625
    },
    {
        "bookingid": 234
    },
    {
        "bookingid": 3014
    },
    {
        "bookingid": 933
    },
    {
        "bookingid": 2371
    },
    {
        "bookingid": 6032
    },
    {
        "bookingid": 6444
    },
    {
        "bookingid": 3515
    },
    {
        "bookingid": 3802
    },
    {
        "bookingid": 6325
    },
    {
        "bookingid": 5359
    },
    {
        "bookingid": 6504
    },
    {
        "bookingid": 2841
    },
    {
        "bookingid": 6267
    },
    {
        "bookingid": 6898
    },
    {
        "bookingid": 35
    },
    {
        "bookingid": 6052
    },
    {
        "bookingid": 6614
    },
    {
        "bookingid": 6649
    },
    {
        "bookingid": 6598
    },
    {
        "bookingid": 3400
    },
    {
        "bookingid": 5131
    },
    {
        "bookingid": 6678
    },
    {
        "bookingid": 2113
    },
    {
        "bookingid": 2047
    },
    {
        "bookingid": 6461
    },
    {
        "bookingid": 6024
    },
    {
        "bookingid": 4767
    },
    {
        "bookingid": 5593
    },
    {
        "bookingid": 4488
    },
    {
        "bookingid": 3704
    },
    {
        "bookingid": 2386
    },
    {
        "bookingid": 84
    },
    {
        "bookingid": 3577
    },
    {
        "bookingid": 2867
    },
    {
        "bookingid": 4906
    },
    {
        "bookingid": 859
    },
    {
        "bookingid": 6788
    },
    {
        "bookingid": 7077
    },
    {
        "bookingid": 220
    },
    {
        "bookingid": 6657
    },
    {
        "bookingid": 4524
    },
    {
        "bookingid": 7341
    },
    {
        "bookingid": 7070
    },
    {
        "bookingid": 6173
    },
    {
        "bookingid": 2957
    },
    {
        "bookingid": 7167
    },
    {
        "bookingid": 2752
    },
    {
        "bookingid": 4693
    },
    {
        "bookingid": 3526
    },
    {
        "bookingid": 6049
    },
    {
        "bookingid": 5268
    },
    {
        "bookingid": 132
    },
    {
        "bookingid": 7421
    },
    {
        "bookingid": 4705
    },
    {
        "bookingid": 2398
    },
    {
        "bookingid": 7252
    },
    {
        "bookingid": 2227
    },
    {
        "bookingid": 2905
    },
    {
        "bookingid": 3121
    },
    {
        "bookingid": 2505
    },
    {
        "bookingid": 235
    },
    {
        "bookingid": 5378
    },
    {
        "bookingid": 4083
    },
    {
        "bookingid": 3661
    },
    {
        "bookingid": 330
    },
    {
        "bookingid": 1099
    },
    {
        "bookingid": 2968
    },
    {
        "bookingid": 5646
    },
    {
        "bookingid": 6433
    },
    {
        "bookingid": 912
    },
    {
        "bookingid": 1100
    },
    {
        "bookingid": 271
    },
    {
        "bookingid": 7091
    },
    {
        "bookingid": 4629
    },
    {
        "bookingid": 7043
    },
    {
        "bookingid": 5783
    },
    {
        "bookingid": 6443
    },
    {
        "bookingid": 6075
    },
    {
        "bookingid": 609
    },
    {
        "bookingid": 5701
    },
    {
        "bookingid": 5524
    },
    {
        "bookingid": 1830
    },
    {
        "bookingid": 1727
    },
    {
        "bookingid": 3602
    },
    {
        "bookingid": 3536
    },
    {
        "bookingid": 4465
    },
    {
        "bookingid": 1280
    },
    {
        "bookingid": 5765
    },
    {
        "bookingid": 5001
    },
    {
        "bookingid": 6063
    },
    {
        "bookingid": 3154
    },
    {
        "bookingid": 5803
    },
    {
        "bookingid": 2991
    },
    {
        "bookingid": 5212
    },
    {
        "bookingid": 1089
    },
    {
        "bookingid": 3365
    },
    {
        "bookingid": 6254
    },
    {
        "bookingid": 7013
    },
    {
        "bookingid": 2239
    },
    {
        "bookingid": 2727
    },
    {
        "bookingid": 5213
    },
    {
        "bookingid": 6329
    },
    {
        "bookingid": 1759
    },
    {
        "bookingid": 4163
    },
    {
        "bookingid": 352
    },
    {
        "bookingid": 5980
    },
    {
        "bookingid": 804
    },
    {
        "bookingid": 6135
    },
    {
        "bookingid": 3140
    },
    {
        "bookingid": 4784
    },
    {
        "bookingid": 3979
    },
    {
        "bookingid": 3457
    },
    {
        "bookingid": 6399
    },
    {
        "bookingid": 3727
    },
    {
        "bookingid": 2792
    },
    {
        "bookingid": 3827
    },
    {
        "bookingid": 5779
    },
    {
        "bookingid": 2336
    },
    {
        "bookingid": 3560
    },
    {
        "bookingid": 3079
    },
    {
        "bookingid": 4348
    },
    {
        "bookingid": 2731
    },
    {
        "bookingid": 1370
    },
    {
        "bookingid": 590
    },
    {
        "bookingid": 6632
    },
    {
        "bookingid": 1901
    },
    {
        "bookingid": 5300
    },
    {
        "bookingid": 374
    },
    {
        "bookingid": 1334
    },
    {
        "bookingid": 5670
    },
    {
        "bookingid": 6534
    },
    {
        "bookingid": 3163
    },
    {
        "bookingid": 4883
    },
    {
        "bookingid": 3657
    },
    {
        "bookingid": 5971
    },
    {
        "bookingid": 326
    },
    {
        "bookingid": 7366
    },
    {
        "bookingid": 472
    },
    {
        "bookingid": 1294
    },
    {
        "bookingid": 4995
    },
    {
        "bookingid": 6266
    },
    {
        "bookingid": 2019
    },
    {
        "bookingid": 2378
    },
    {
        "bookingid": 3108
    },
    {
        "bookingid": 3169
    },
    {
        "bookingid": 3187
    },
    {
        "bookingid": 2710
    },
    {
        "bookingid": 3643
    },
    {
        "bookingid": 809
    },
    {
        "bookingid": 5426
    },
    {
        "bookingid": 6825
    },
    {
        "bookingid": 1986
    },
    {
        "bookingid": 4410
    },
    {
        "bookingid": 5499
    },
    {
        "bookingid": 2250
    },
    {
        "bookingid": 1103
    },
    {
        "bookingid": 1157
    },
    {
        "bookingid": 1825
    },
    {
        "bookingid": 4650
    },
    {
        "bookingid": 229
    },
    {
        "bookingid": 104
    },
    {
        "bookingid": 2631
    },
    {
        "bookingid": 3330
    },
    {
        "bookingid": 4868
    },
    {
        "bookingid": 8
    },
    {
        "bookingid": 4086
    },
    {
        "bookingid": 1314
    },
    {
        "bookingid": 6531
    },
    {
        "bookingid": 688
    },
    {
        "bookingid": 651
    },
    {
        "bookingid": 2237
    },
    {
        "bookingid": 411
    },
    {
        "bookingid": 4373
    },
    {
        "bookingid": 6517
    },
    {
        "bookingid": 10
    },
    {
        "bookingid": 2282
    },
    {
        "bookingid": 3567
    },
    {
        "bookingid": 3300
    },
    {
        "bookingid": 2244
    },
    {
        "bookingid": 4963
    },
    {
        "bookingid": 3584
    },
    {
        "bookingid": 2429
    },
    {
        "bookingid": 6155
    },
    {
        "bookingid": 3261
    },
    {
        "bookingid": 6635
    },
    {
        "bookingid": 1670
    },
    {
        "bookingid": 1206
    },
    {
        "bookingid": 3060
    },
    {
        "bookingid": 1022
    },
    {
        "bookingid": 1423
    },
    {
        "bookingid": 227
    },
    {
        "bookingid": 1505
    },
    {
        "bookingid": 5658
    },
    {
        "bookingid": 2252
    },
    {
        "bookingid": 6569
    },
    {
        "bookingid": 1197
    },
    {
        "bookingid": 3368
    },
    {
        "bookingid": 5221
    },
    {
        "bookingid": 1804
    },
    {
        "bookingid": 6179
    },
    {
        "bookingid": 2891
    },
    {
        "bookingid": 6793
    },
    {
        "bookingid": 7377
    },
    {
        "bookingid": 7221
    },
    {
        "bookingid": 6409
    },
    {
        "bookingid": 4895
    },
    {
        "bookingid": 5556
    },
    {
        "bookingid": 7327
    },
    {
        "bookingid": 2794
    },
    {
        "bookingid": 760
    },
    {
        "bookingid": 810
    },
    {
        "bookingid": 6493
    },
    {
        "bookingid": 6034
    },
    {
        "bookingid": 7225
    },
    {
        "bookingid": 6700
    },
    {
        "bookingid": 7120
    },
    {
        "bookingid": 2192
    },
    {
        "bookingid": 3297
    },
    {
        "bookingid": 3714
    },
    {
        "bookingid": 1990
    },
    {
        "bookingid": 4927
    },
    {
        "bookingid": 7430
    },
    {
        "bookingid": 720
    },
    {
        "bookingid": 5217
    },
    {
        "bookingid": 1130
    },
    {
        "bookingid": 2619
    },
    {
        "bookingid": 3535
    },
    {
        "bookingid": 2417
    },
    {
        "bookingid": 3618
    },
    {
        "bookingid": 5907
    },
    {
        "bookingid": 6412
    },
    {
        "bookingid": 4185
    },
    {
        "bookingid": 6796
    },
    {
        "bookingid": 1650
    },
    {
        "bookingid": 6331
    },
    {
        "bookingid": 3923
    },
    {
        "bookingid": 6805
    },
    {
        "bookingid": 5717
    },
    {
        "bookingid": 7423
    },
    {
        "bookingid": 3752
    },
    {
        "bookingid": 6239
    },
    {
        "bookingid": 1820
    },
    {
        "bookingid": 7149
    },
    {
        "bookingid": 2277
    },
    {
        "bookingid": 5068
    },
    {
        "bookingid": 5280
    },
    {
        "bookingid": 1478
    },
    {
        "bookingid": 838
    },
    {
        "bookingid": 2732
    },
    {
        "bookingid": 6356
    },
    {
        "bookingid": 2087
    },
    {
        "bookingid": 6014
    },
    {
        "bookingid": 201
    },
    {
        "bookingid": 6505
    },
    {
        "bookingid": 7459
    },
    {
        "bookingid": 6429
    },
    {
        "bookingid": 5039
    },
    {
        "bookingid": 1782
    },
    {
        "bookingid": 213
    },
    {
        "bookingid": 2240
    },
    {
        "bookingid": 1966
    },
    {
        "bookingid": 3981
    },
    {
        "bookingid": 6142
    },
    {
        "bookingid": 3650
    },
    {
        "bookingid": 2322
    },
    {
        "bookingid": 4669
    },
    {
        "bookingid": 5941
    },
    {
        "bookingid": 1619
    },
    {
        "bookingid": 5467
    },
    {
        "bookingid": 4680
    },
    {
        "bookingid": 2691
    },
    {
        "bookingid": 3200
    },
    {
        "bookingid": 7182
    },
    {
        "bookingid": 6057
    },
    {
        "bookingid": 7345
    },
    {
        "bookingid": 2251
    },
    {
        "bookingid": 2943
    },
    {
        "bookingid": 3047
    },
    {
        "bookingid": 7008
    },
    {
        "bookingid": 553
    },
    {
        "bookingid": 2449
    },
    {
        "bookingid": 5085
    },
    {
        "bookingid": 6755
    },
    {
        "bookingid": 7066
    },
    {
        "bookingid": 6323
    },
    {
        "bookingid": 4940
    },
    {
        "bookingid": 1862
    },
    {
        "bookingid": 884
    },
    {
        "bookingid": 6490
    },
    {
        "bookingid": 6995
    },
    {
        "bookingid": 4470
    },
    {
        "bookingid": 2442
    },
    {
        "bookingid": 4616
    },
    {
        "bookingid": 5054
    },
    {
        "bookingid": 3632
    },
    {
        "bookingid": 7201
    },
    {
        "bookingid": 4637
    },
    {
        "bookingid": 4106
    },
    {
        "bookingid": 3652
    },
    {
        "bookingid": 1718
    },
    {
        "bookingid": 311
    },
    {
        "bookingid": 6743
    },
    {
        "bookingid": 1796
    },
    {
        "bookingid": 231
    },
    {
        "bookingid": 4401
    },
    {
        "bookingid": 6642
    },
    {
        "bookingid": 7152
    },
    {
        "bookingid": 2515
    },
    {
        "bookingid": 6907
    },
    {
        "bookingid": 7328
    },
    {
        "bookingid": 301
    },
    {
        "bookingid": 2356
    },
    {
        "bookingid": 1588
    },
    {
        "bookingid": 5422
    },
    {
        "bookingid": 5498
    },
    {
        "bookingid": 6679
    },
    {
        "bookingid": 4382
    },
    {
        "bookingid": 2701
    },
    {
        "bookingid": 1429
    },
    {
        "bookingid": 1841
    },
    {
        "bookingid": 3851
    },
    {
        "bookingid": 7137
    },
    {
        "bookingid": 7187
    },
    {
        "bookingid": 7398
    },
    {
        "bookingid": 5021
    },
    {
        "bookingid": 5644
    },
    {
        "bookingid": 2786
    },
    {
        "bookingid": 6489
    },
    {
        "bookingid": 5120
    },
    {
        "bookingid": 6876
    },
    {
        "bookingid": 3455
    },
    {
        "bookingid": 540
    },
    {
        "bookingid": 2685
    },
    {
        "bookingid": 1773
    },
    {
        "bookingid": 42
    },
    {
        "bookingid": 5908
    },
    {
        "bookingid": 7166
    },
    {
        "bookingid": 2884
    },
    {
        "bookingid": 3902
    },
    {
        "bookingid": 3340
    },
    {
        "bookingid": 1833
    },
    {
        "bookingid": 7425
    },
    {
        "bookingid": 6623
    },
    {
        "bookingid": 1816
    },
    {
        "bookingid": 147
    },
    {
        "bookingid": 3725
    },
    {
        "bookingid": 3482
    },
    {
        "bookingid": 6070
    },
    {
        "bookingid": 6916
    },
    {
        "bookingid": 7365
    },
    {
        "bookingid": 496
    },
    {
        "bookingid": 4502
    },
    {
        "bookingid": 492
    },
    {
        "bookingid": 4668
    },
    {
        "bookingid": 2952
    },
    {
        "bookingid": 5363
    },
    {
        "bookingid": 3614
    },
    {
        "bookingid": 1378
    },
    {
        "bookingid": 4323
    },
    {
        "bookingid": 6300
    },
    {
        "bookingid": 7213
    },
    {
        "bookingid": 7311
    },
    {
        "bookingid": 5606
    },
    {
        "bookingid": 4297
    },
    {
        "bookingid": 1225
    },
    {
        "bookingid": 3899
    },
    {
        "bookingid": 6426
    },
    {
        "bookingid": 5577
    },
    {
        "bookingid": 5782
    },
    {
        "bookingid": 4761
    },
    {
        "bookingid": 1524
    },
    {
        "bookingid": 6689
    },
    {
        "bookingid": 3788
    },
    {
        "bookingid": 2154
    },
    {
        "bookingid": 5142
    },
    {
        "bookingid": 697
    },
    {
        "bookingid": 1714
    },
    {
        "bookingid": 1315
    },
    {
        "bookingid": 2222
    },
    {
        "bookingid": 6645
    },
    {
        "bookingid": 4035
    },
    {
        "bookingid": 5157
    },
    {
        "bookingid": 2488
    },
    {
        "bookingid": 7254
    },
    {
        "bookingid": 5965
    },
    {
        "bookingid": 4842
    },
    {
        "bookingid": 180
    },
    {
        "bookingid": 694
    },
    {
        "bookingid": 2704
    },
    {
        "bookingid": 7106
    },
    {
        "bookingid": 4670
    },
    {
        "bookingid": 1706
    },
    {
        "bookingid": 3150
    },
    {
        "bookingid": 6695
    },
    {
        "bookingid": 3673
    },
    {
        "bookingid": 1088
    },
    {
        "bookingid": 5474
    },
    {
        "bookingid": 4698
    },
    {
        "bookingid": 2307
    },
    {
        "bookingid": 103
    },
    {
        "bookingid": 3867
    },
    {
        "bookingid": 3097
    },
    {
        "bookingid": 4985
    },
    {
        "bookingid": 6537
    },
    {
        "bookingid": 5250
    },
    {
        "bookingid": 452
    },
    {
        "bookingid": 2506
    },
    {
        "bookingid": 6129
    },
    {
        "bookingid": 1609
    },
    {
        "bookingid": 278
    },
    {
        "bookingid": 6410
    },
    {
        "bookingid": 1587
    },
    {
        "bookingid": 5269
    },
    {
        "bookingid": 5992
    },
    {
        "bookingid": 5277
    },
    {
        "bookingid": 4342
    },
    {
        "bookingid": 6680
    },
    {
        "bookingid": 6900
    },
    {
        "bookingid": 3115
    },
    {
        "bookingid": 4712
    },
    {
        "bookingid": 1776
    },
    {
        "bookingid": 327
    },
    {
        "bookingid": 2787
    },
    {
        "bookingid": 863
    },
    {
        "bookingid": 2706
    },
    {
        "bookingid": 5842
    },
    {
        "bookingid": 6414
    },
    {
        "bookingid": 5962
    },
    {
        "bookingid": 3192
    },
    {
        "bookingid": 3586
    },
    {
        "bookingid": 6617
    },
    {
        "bookingid": 4797
    },
    {
        "bookingid": 4018
    },
    {
        "bookingid": 6904
    },
    {
        "bookingid": 5094
    },
    {
        "bookingid": 6812
    },
    {
        "bookingid": 2583
    },
    {
        "bookingid": 937
    },
    {
        "bookingid": 203
    },
    {
        "bookingid": 2683
    },
    {
        "bookingid": 4970
    },
    {
        "bookingid": 4286
    },
    {
        "bookingid": 1195
    },
    {
        "bookingid": 4048
    },
    {
        "bookingid": 3726
    },
    {
        "bookingid": 283
    },
    {
        "bookingid": 5755
    },
    {
        "bookingid": 5554
    },
    {
        "bookingid": 1657
    },
    {
        "bookingid": 6942
    },
    {
        "bookingid": 340
    },
    {
        "bookingid": 4394
    },
    {
        "bookingid": 3680
    },
    {
        "bookingid": 5856
    },
    {
        "bookingid": 2954
    },
    {
        "bookingid": 360
    },
    {
        "bookingid": 7136
    },
    {
        "bookingid": 7242
    },
    {
        "bookingid": 2930
    },
    {
        "bookingid": 3918
    },
    {
        "bookingid": 3335
    },
    {
        "bookingid": 2077
    },
    {
        "bookingid": 2962
    },
    {
        "bookingid": 3677
    },
    {
        "bookingid": 500
    },
    {
        "bookingid": 7240
    },
    {
        "bookingid": 1551
    },
    {
        "bookingid": 1907
    },
    {
        "bookingid": 3859
    },
    {
        "bookingid": 700
    },
    {
        "bookingid": 2021
    },
    {
        "bookingid": 5873
    },
    {
        "bookingid": 6535
    },
    {
        "bookingid": 6086
    },
    {
        "bookingid": 5540
    },
    {
        "bookingid": 2128
    },
    {
        "bookingid": 1834
    },
    {
        "bookingid": 5562
    },
    {
        "bookingid": 6557
    },
    {
        "bookingid": 4183
    },
    {
        "bookingid": 3226
    },
    {
        "bookingid": 4994
    },
    {
        "bookingid": 6121
    },
    {
        "bookingid": 7119
    },
    {
        "bookingid": 3682
    },
    {
        "bookingid": 789
    },
    {
        "bookingid": 6452
    },
    {
        "bookingid": 2517
    },
    {
        "bookingid": 5976
    },
    {
        "bookingid": 4483
    },
    {
        "bookingid": 2101
    },
    {
        "bookingid": 2201
    },
    {
        "bookingid": 5773
    },
    {
        "bookingid": 706
    },
    {
        "bookingid": 5321
    },
    {
        "bookingid": 225
    },
    {
        "bookingid": 2337
    },
    {
        "bookingid": 6871
    },
    {
        "bookingid": 6089
    },
    {
        "bookingid": 3751
    },
    {
        "bookingid": 7095
    },
    {
        "bookingid": 5166
    },
    {
        "bookingid": 6921
    },
    {
        "bookingid": 2819
    },
    {
        "bookingid": 3593
    },
    {
        "bookingid": 150
    },
    {
        "bookingid": 3461
    },
    {
        "bookingid": 2728
    },
    {
        "bookingid": 4049
    },
    {
        "bookingid": 226
    },
    {
        "bookingid": 4504
    },
    {
        "bookingid": 5479
    },
    {
        "bookingid": 5672
    },
    {
        "bookingid": 4829
    },
    {
        "bookingid": 4544
    },
    {
        "bookingid": 5348
    },
    {
        "bookingid": 7086
    },
    {
        "bookingid": 6453
    },
    {
        "bookingid": 4562
    },
    {
        "bookingid": 1871
    },
    {
        "bookingid": 745
    },
    {
        "bookingid": 111
    },
    {
        "bookingid": 2595
    },
    {
        "bookingid": 580
    },
    {
        "bookingid": 3985
    },
    {
        "bookingid": 7155
    },
    {
        "bookingid": 5772
    },
    {
        "bookingid": 89
    },
    {
        "bookingid": 1421
    },
    {
        "bookingid": 4229
    },
    {
        "bookingid": 3486
    },
    {
        "bookingid": 3931
    },
    {
        "bookingid": 5255
    },
    {
        "bookingid": 6499
    },
    {
        "bookingid": 5986
    },
    {
        "bookingid": 1690
    },
    {
        "bookingid": 7313
    },
    {
        "bookingid": 149
    },
    {
        "bookingid": 772
    },
    {
        "bookingid": 561
    },
    {
        "bookingid": 1969
    },
    {
        "bookingid": 4911
    },
    {
        "bookingid": 3445
    },
    {
        "bookingid": 6844
    },
    {
        "bookingid": 3961
    },
    {
        "bookingid": 415
    },
    {
        "bookingid": 1469
    },
    {
        "bookingid": 6181
    },
    {
        "bookingid": 1586
    },
    {
        "bookingid": 3847
    },
    {
        "bookingid": 5603
    },
    {
        "bookingid": 1512
    },
    {
        "bookingid": 3605
    },
    {
        "bookingid": 5138
    },
    {
        "bookingid": 6212
    },
    {
        "bookingid": 831
    },
    {
        "bookingid": 5675
    },
    {
        "bookingid": 4559
    },
    {
        "bookingid": 6573
    },
    {
        "bookingid": 6290
    },
    {
        "bookingid": 7409
    },
    {
        "bookingid": 2148
    },
    {
        "bookingid": 4720
    },
    {
        "bookingid": 2510
    },
    {
        "bookingid": 2624
    },
    {
        "bookingid": 2194
    },
    {
        "bookingid": 4704
    },
    {
        "bookingid": 5236
    },
    {
        "bookingid": 2970
    },
    {
        "bookingid": 1638
    },
    {
        "bookingid": 3188
    },
    {
        "bookingid": 617
    },
    {
        "bookingid": 6677
    },
    {
        "bookingid": 5189
    },
    {
        "bookingid": 5030
    },
    {
        "bookingid": 6603
    },
    {
        "bookingid": 4043
    },
    {
        "bookingid": 3653
    },
    {
        "bookingid": 2923
    },
    {
        "bookingid": 4819
    },
    {
        "bookingid": 6241
    },
    {
        "bookingid": 6621
    },
    {
        "bookingid": 2973
    },
    {
        "bookingid": 4924
    },
    {
        "bookingid": 2036
    },
    {
        "bookingid": 2759
    },
    {
        "bookingid": 6448
    },
    {
        "bookingid": 2858
    },
    {
        "bookingid": 22
    },
    {
        "bookingid": 887
    },
    {
        "bookingid": 4467
    },
    {
        "bookingid": 5058
    },
    {
        "bookingid": 3597
    },
    {
        "bookingid": 4592
    },
    {
        "bookingid": 826
    },
    {
        "bookingid": 527
    },
    {
        "bookingid": 6727
    },
    {
        "bookingid": 2122
    },
    {
        "bookingid": 3674
    },
    {
        "bookingid": 4010
    },
    {
        "bookingid": 324
    },
    {
        "bookingid": 4288
    },
    {
        "bookingid": 5623
    },
    {
        "bookingid": 5259
    },
    {
        "bookingid": 7269
    },
    {
        "bookingid": 4532
    },
    {
        "bookingid": 6706
    },
    {
        "bookingid": 630
    },
    {
        "bookingid": 5607
    },
    {
        "bookingid": 1722
    },
    {
        "bookingid": 1852
    },
    {
        "bookingid": 1740
    },
    {
        "bookingid": 5132
    },
    {
        "bookingid": 2530
    },
    {
        "bookingid": 5411
    },
    {
        "bookingid": 3392
    },
    {
        "bookingid": 6265
    },
    {
        "bookingid": 909
    },
    {
        "bookingid": 835
    },
    {
        "bookingid": 5720
    },
    {
        "bookingid": 685
    },
    {
        "bookingid": 1187
    },
    {
        "bookingid": 3506
    },
    {
        "bookingid": 860
    },
    {
        "bookingid": 7185
    },
    {
        "bookingid": 968
    },
    {
        "bookingid": 641
    },
    {
        "bookingid": 2433
    },
    {
        "bookingid": 649
    },
    {
        "bookingid": 6136
    },
    {
        "bookingid": 4621
    },
    {
        "bookingid": 5357
    },
    {
        "bookingid": 5614
    },
    {
        "bookingid": 358
    },
    {
        "bookingid": 1150
    },
    {
        "bookingid": 1422
    },
    {
        "bookingid": 3994
    },
    {
        "bookingid": 1390
    },
    {
        "bookingid": 1277
    },
    {
        "bookingid": 1123
    },
    {
        "bookingid": 780
    },
    {
        "bookingid": 5416
    },
    {
        "bookingid": 4445
    },
    {
        "bookingid": 6481
    },
    {
        "bookingid": 865
    },
    {
        "bookingid": 5509
    },
    {
        "bookingid": 1470
    },
    {
        "bookingid": 2321
    },
    {
        "bookingid": 1777
    },
    {
        "bookingid": 5809
    },
    {
        "bookingid": 546
    },
    {
        "bookingid": 2664
    },
    {
        "bookingid": 4902
    },
    {
        "bookingid": 2191
    },
    {
        "bookingid": 5502
    },
    {
        "bookingid": 3359
    },
    {
        "bookingid": 93
    },
    {
        "bookingid": 2724
    },
    {
        "bookingid": 400
    },
    {
        "bookingid": 6486
    },
    {
        "bookingid": 3070
    },
    {
        "bookingid": 4216
    },
    {
        "bookingid": 1054
    },
    {
        "bookingid": 6150
    },
    {
        "bookingid": 4420
    },
    {
        "bookingid": 45
    },
    {
        "bookingid": 4805
    },
    {
        "bookingid": 3779
    },
    {
        "bookingid": 3755
    },
    {
        "bookingid": 6944
    },
    {
        "bookingid": 2256
    },
    {
        "bookingid": 366
    },
    {
        "bookingid": 5590
    },
    {
        "bookingid": 5534
    },
    {
        "bookingid": 4823
    },
    {
        "bookingid": 7437
    },
    {
        "bookingid": 1571
    },
    {
        "bookingid": 247
    },
    {
        "bookingid": 7088
    },
    {
        "bookingid": 7272
    },
    {
        "bookingid": 6782
    },
    {
        "bookingid": 1752
    },
    {
        "bookingid": 4489
    },
    {
        "bookingid": 570
    },
    {
        "bookingid": 929
    },
    {
        "bookingid": 2951
    },
    {
        "bookingid": 5366
    },
    {
        "bookingid": 1438
    },
    {
        "bookingid": 5916
    },
    {
        "bookingid": 54
    },
    {
        "bookingid": 4368
    },
    {
        "bookingid": 1193
    },
    {
        "bookingid": 7340
    },
    {
        "bookingid": 3129
    },
    {
        "bookingid": 6125
    },
    {
        "bookingid": 3663
    },
    {
        "bookingid": 2888
    },
    {
        "bookingid": 1889
    },
    {
        "bookingid": 5551
    },
    {
        "bookingid": 7039
    },
    {
        "bookingid": 5588
    },
    {
        "bookingid": 5555
    },
    {
        "bookingid": 5863
    },
    {
        "bookingid": 3789
    },
    {
        "bookingid": 2382
    },
    {
        "bookingid": 1730
    },
    {
        "bookingid": 5084
    },
    {
        "bookingid": 4642
    },
    {
        "bookingid": 17
    },
    {
        "bookingid": 958
    },
    {
        "bookingid": 2653
    },
    {
        "bookingid": 4178
    },
    {
        "bookingid": 3588
    },
    {
        "bookingid": 5689
    },
    {
        "bookingid": 4856
    },
    {
        "bookingid": 408
    },
    {
        "bookingid": 3268
    },
    {
        "bookingid": 2319
    },
    {
        "bookingid": 1964
    },
    {
        "bookingid": 516
    },
    {
        "bookingid": 6729
    },
    {
        "bookingid": 2656
    },
    {
        "bookingid": 1077
    },
    {
        "bookingid": 4718
    },
    {
        "bookingid": 7202
    },
    {
        "bookingid": 114
    },
    {
        "bookingid": 3702
    },
    {
        "bookingid": 6634
    },
    {
        "bookingid": 5017
    },
    {
        "bookingid": 4218
    },
    {
        "bookingid": 4179
    },
    {
        "bookingid": 3901
    },
    {
        "bookingid": 2761
    },
    {
        "bookingid": 1443
    },
    {
        "bookingid": 5513
    },
    {
        "bookingid": 3206
    },
    {
        "bookingid": 5575
    },
    {
        "bookingid": 5954
    },
    {
        "bookingid": 1613
    },
    {
        "bookingid": 1102
    },
    {
        "bookingid": 892
    },
    {
        "bookingid": 1506
    },
    {
        "bookingid": 4347
    },
    {
        "bookingid": 5676
    },
    {
        "bookingid": 6306
    },
    {
        "bookingid": 2602
    },
    {
        "bookingid": 4835
    },
    {
        "bookingid": 2978
    },
    {
        "bookingid": 219
    },
    {
        "bookingid": 177
    },
    {
        "bookingid": 2635
    },
    {
        "bookingid": 1201
    },
    {
        "bookingid": 2960
    },
    {
        "bookingid": 3448
    },
    {
        "bookingid": 1946
    },
    {
        "bookingid": 6955
    },
    {
        "bookingid": 3813
    },
    {
        "bookingid": 1943
    },
    {
        "bookingid": 966
    },
    {
        "bookingid": 1720
    },
    {
        "bookingid": 7339
    },
    {
        "bookingid": 308
    },
    {
        "bookingid": 673
    },
    {
        "bookingid": 1348
    },
    {
        "bookingid": 508
    },
    {
        "bookingid": 38
    },
    {
        "bookingid": 2698
    },
    {
        "bookingid": 3493
    },
    {
        "bookingid": 3676
    },
    {
        "bookingid": 7308
    },
    {
        "bookingid": 365
    },
    {
        "bookingid": 6781
    },
    {
        "bookingid": 7419
    },
    {
        "bookingid": 4471
    },
    {
        "bookingid": 2344
    },
    {
        "bookingid": 337
    },
    {
        "bookingid": 3845
    },
    {
        "bookingid": 6612
    },
    {
        "bookingid": 2726
    },
    {
        "bookingid": 199
    },
    {
        "bookingid": 5754
    },
    {
        "bookingid": 259
    },
    {
        "bookingid": 1693
    },
    {
        "bookingid": 506
    },
    {
        "bookingid": 3748
    },
    {
        "bookingid": 6624
    },
    {
        "bookingid": 4937
    },
    {
        "bookingid": 1556
    },
    {
        "bookingid": 6353
    },
    {
        "bookingid": 465
    },
    {
        "bookingid": 345
    },
    {
        "bookingid": 2693
    },
    {
        "bookingid": 4126
    },
    {
        "bookingid": 5553
    },
    {
        "bookingid": 16
    },
    {
        "bookingid": 3938
    },
    {
        "bookingid": 3519
    },
    {
        "bookingid": 1233
    },
    {
        "bookingid": 4174
    },
    {
        "bookingid": 159
    },
    {
        "bookingid": 6575
    },
    {
        "bookingid": 3842
    },
    {
        "bookingid": 5581
    },
    {
        "bookingid": 4116
    },
    {
        "bookingid": 1251
    },
    {
        "bookingid": 816
    },
    {
        "bookingid": 4600
    },
    {
        "bookingid": 439
    },
    {
        "bookingid": 3416
    },
    {
        "bookingid": 3934
    },
    {
        "bookingid": 2385
    },
    {
        "bookingid": 5917
    },
    {
        "bookingid": 2865
    },
    {
        "bookingid": 4699
    },
    {
        "bookingid": 3785
    },
    {
        "bookingid": 434
    },
    {
        "bookingid": 4004
    },
    {
        "bookingid": 4022
    },
    {
        "bookingid": 4053
    },
    {
        "bookingid": 1353
    },
    {
        "bookingid": 3096
    },
    {
        "bookingid": 1584
    },
    {
        "bookingid": 6459
    },
    {
        "bookingid": 1507
    },
    {
        "bookingid": 5488
    },
    {
        "bookingid": 3935
    },
    {
        "bookingid": 4259
    },
    {
        "bookingid": 3769
    },
    {
        "bookingid": 3135
    },
    {
        "bookingid": 850
    },
    {
        "bookingid": 5953
    },
    {
        "bookingid": 7042
    },
    {
        "bookingid": 6018
    },
    {
        "bookingid": 2118
    },
    {
        "bookingid": 4017
    },
    {
        "bookingid": 7286
    },
    {
        "bookingid": 2129
    },
    {
        "bookingid": 4571
    },
    {
        "bookingid": 6373
    },
    {
        "bookingid": 2886
    },
    {
        "bookingid": 1789
    },
    {
        "bookingid": 1260
    },
    {
        "bookingid": 4262
    },
    {
        "bookingid": 47
    },
    {
        "bookingid": 1156
    },
    {
        "bookingid": 5713
    },
    {
        "bookingid": 6379
    },
    {
        "bookingid": 1289
    },
    {
        "bookingid": 5234
    },
    {
        "bookingid": 4876
    },
    {
        "bookingid": 377
    },
    {
        "bookingid": 6011
    },
    {
        "bookingid": 6566
    },
    {
        "bookingid": 4223
    },
    {
        "bookingid": 4133
    },
    {
        "bookingid": 3834
    },
    {
        "bookingid": 2581
    },
    {
        "bookingid": 3141
    },
    {
        "bookingid": 3039
    },
    {
        "bookingid": 5478
    },
    {
        "bookingid": 2544
    },
    {
        "bookingid": 4904
    },
    {
        "bookingid": 6282
    },
    {
        "bookingid": 6067
    },
    {
        "bookingid": 5943
    },
    {
        "bookingid": 1757
    },
    {
        "bookingid": 5337
    },
    {
        "bookingid": 125
    },
    {
        "bookingid": 5995
    },
    {
        "bookingid": 7079
    },
    {
        "bookingid": 6463
    },
    {
        "bookingid": 1531
    },
    {
        "bookingid": 2443
    },
    {
        "bookingid": 748
    },
    {
        "bookingid": 1428
    },
    {
        "bookingid": 429
    },
    {
        "bookingid": 3130
    },
    {
        "bookingid": 908
    },
    {
        "bookingid": 6226
    },
    {
        "bookingid": 1829
    },
    {
        "bookingid": 7105
    },
    {
        "bookingid": 2295
    },
    {
        "bookingid": 2096
    },
    {
        "bookingid": 4845
    },
    {
        "bookingid": 2709
    },
    {
        "bookingid": 1249
    },
    {
        "bookingid": 7295
    },
    {
        "bookingid": 4744
    },
    {
        "bookingid": 5734
    },
    {
        "bookingid": 2463
    },
    {
        "bookingid": 6627
    },
    {
        "bookingid": 5899
    },
    {
        "bookingid": 4383
    },
    {
        "bookingid": 6520
    },
    {
        "bookingid": 3500
    },
    {
        "bookingid": 3329
    },
    {
        "bookingid": 3617
    },
    {
        "bookingid": 3372
    },
    {
        "bookingid": 6691
    },
    {
        "bookingid": 3035
    },
    {
        "bookingid": 6971
    },
    {
        "bookingid": 380
    },
    {
        "bookingid": 6279
    },
    {
        "bookingid": 2987
    },
    {
        "bookingid": 6991
    },
    {
        "bookingid": 656
    },
    {
        "bookingid": 3236
    },
    {
        "bookingid": 2116
    },
    {
        "bookingid": 293
    },
    {
        "bookingid": 424
    },
    {
        "bookingid": 4604
    },
    {
        "bookingid": 5592
    },
    {
        "bookingid": 3246
    },
    {
        "bookingid": 4099
    },
    {
        "bookingid": 1646
    },
    {
        "bookingid": 3395
    },
    {
        "bookingid": 999
    },
    {
        "bookingid": 6925
    },
    {
        "bookingid": 595
    },
    {
        "bookingid": 1139
    },
    {
        "bookingid": 997
    },
    {
        "bookingid": 7249
    },
    {
        "bookingid": 4331
    },
    {
        "bookingid": 6009
    },
    {
        "bookingid": 2854
    },
    {
        "bookingid": 2549
    },
    {
        "bookingid": 1412
    },
    {
        "bookingid": 505
    },
    {
        "bookingid": 6019
    },
    {
        "bookingid": 3866
    },
    {
        "bookingid": 503
    },
    {
        "bookingid": 5957
    },
    {
        "bookingid": 698
    },
    {
        "bookingid": 12
    },
    {
        "bookingid": 4051
    },
    {
        "bookingid": 1673
    },
    {
        "bookingid": 4848
    },
    {
        "bookingid": 3936
    },
    {
        "bookingid": 5451
    },
    {
        "bookingid": 2357
    },
    {
        "bookingid": 6405
    },
    {
        "bookingid": 6374
    },
    {
        "bookingid": 1144
    },
    {
        "bookingid": 7205
    },
    {
        "bookingid": 2980
    },
    {
        "bookingid": 3007
    },
    {
        "bookingid": 893
    },
    {
        "bookingid": 4211
    },
    {
        "bookingid": 7022
    },
    {
        "bookingid": 354
    },
    {
        "bookingid": 1292
    },
    {
        "bookingid": 4444
    },
    {
        "bookingid": 3575
    },
    {
        "bookingid": 5159
    },
    {
        "bookingid": 2353
    },
    {
        "bookingid": 4688
    },
    {
        "bookingid": 1140
    },
    {
        "bookingid": 2896
    },
    {
        "bookingid": 3296
    },
    {
        "bookingid": 5790
    },
    {
        "bookingid": 6435
    },
    {
        "bookingid": 1376
    },
    {
        "bookingid": 2430
    },
    {
        "bookingid": 5731
    },
    {
        "bookingid": 6020
    },
    {
        "bookingid": 4320
    },
    {
        "bookingid": 3190
    },
    {
        "bookingid": 2427
    },
    {
        "bookingid": 2708
    },
    {
        "bookingid": 6753
    }
]
]]></system-out>
    <system-err><![CDATA[SLF4J: Failed to load class "org.slf4j.impl.StaticLoggerBinder".
SLF4J: Defaulting to no-operation (NOP) logger implementation
SLF4J: See http://www.slf4j.org/codes.html#StaticLoggerBinder for further details.
]]></system-err>
  </testcase>
  <testcase name="PingRequest" classname="RestAssuredProject.Restful_bookerTest" time="0">
    <system-out><![CDATA[HTTP/1.1 201 Created
Server: Cowboy
Connection: keep-alive
X-Powered-By: Express
Content-Type: text/plain; charset=utf-8
Content-Length: 7
Etag: W/"7-rM9AyJuqT6iOan/xHh+AW+7K/T8"
Date: Sun, 19 Feb 2023 16:58:37 GMT
Via: 1.1 vegur

Created
]]></system-out>
  </testcase>
  <testcase name="testPost" classname="RestAssuredProject.Restful_bookerTest" time="0.308">
    <system-out><![CDATA[HTTP/1.1 200 OK
Server: Cowboy
Connection: keep-alive
X-Powered-By: Express
Content-Type: application/json; charset=utf-8
Content-Length: 203
Etag: W/"cb-60F2lB1kS6h9P/ifYbIgqFlKUpc"
Date: Sun, 19 Feb 2023 16:58:37 GMT
Via: 1.1 vegur

{
    "bookingid": 7473,
    "booking": {
        "firstname": "NaniRam",
        "lastname": "Bhujel",
        "totalprice": 1000,
        "depositpaid": true,
        "bookingdates": {
            "checkin": "2018-01-01",
            "checkout": "2019-01-01"
        },
        "additionalneeds": "Breakfast"
    }
}
]]></system-out>
  </testcase>
  <testcase name="testPostusingJsonLibrary" classname="RestAssuredProject.Restful_bookerTest" time="0.167">
    <system-out><![CDATA[HTTP/1.1 200 OK
Server: Cowboy
Connection: keep-alive
X-Powered-By: Express
Content-Type: application/json; charset=utf-8
Content-Length: 212
Etag: W/"d4-r7aXQhd/p+mJfLYUUeFOXzwKd00"
Date: Sun, 19 Feb 2023 16:58:38 GMT
Via: 1.1 vegur

{
    "bookingid": 7482,
    "booking": {
        "firstname": "NNaniRam",
        "lastname": "BBhujel",
        "totalprice": 1000,
        "depositpaid": true,
        "bookingdates": {
            "checkin": "2023-01-01",
            "checkout": "2023-01-10"
        },
        "additionalneeds": "Lunch and Dinner"
    }
}
]]></system-out>
  </testcase>
  <testcase name="filterByID" classname="RestAssuredProject.Restful_bookerTest" time="0.145">
    <system-out><![CDATA[HTTP/1.1 200 OK
Server: Cowboy
Connection: keep-alive
X-Powered-By: Express
Content-Type: application/json; charset=utf-8
Content-Length: 141
Etag: W/"8d-LXSBVQYv34r0kiERokvm2alv/5o"
Date: Sun, 19 Feb 2023 16:58:38 GMT
Via: 1.1 vegur

{
    "firstname": "Eric",
    "lastname": "Jackson",
    "totalprice": 945,
    "depositpaid": true,
    "bookingdates": {
        "checkin": "2019-09-18",
        "checkout": "2021-12-20"
    }
}
]]></system-out>
  </testcase>
  <testcase name="CreateToken" classname="RestAssuredProject.Restful_bookerTest" time="0.147">
    <system-out><![CDATA[HTTP/1.1 200 OK
Server: Cowboy
Connection: keep-alive
X-Powered-By: Express
Content-Type: application/json; charset=utf-8
Content-Length: 27
Etag: W/"1b-7wxtJRz+8lOIMieRuyerjGIU86w"
Date: Sun, 19 Feb 2023 16:58:38 GMT
Via: 1.1 vegur

{
    "token": "ced8552e0153dea"
}
]]></system-out>
  </testcase>
  <testcase name="PutRequest" classname="RestAssuredProject.Restful_bookerTest" time="0.183">
    <system-out><![CDATA[HTTP/1.1 200 OK
Server: Cowboy
Connection: keep-alive
X-Powered-By: Express
Content-Type: application/json; charset=utf-8
Content-Length: 163
Etag: W/"a3-LDRTwtWbiOrbVVDWLhCzokpDpzo"
Date: Sun, 19 Feb 2023 16:58:38 GMT
Via: 1.1 vegur

{
    "firstname": "jack",
    "lastname": "MA",
    "totalprice": 1100,
    "depositpaid": true,
    "bookingdates": {
        "checkin": "2021-01-01",
        "checkout": "2021-02-01"
    },
    "additionalneeds": "Lunch"
}
]]></system-out>
  </testcase>
  <testcase name="testDelete" classname="RestAssuredProject.Restful_bookerTest" time="0.141">
    <failure message="1 expectation failed.&#10;Expected status code &lt;201&gt; but was &lt;405&gt;.&#10;" type="java.lang.AssertionError"><![CDATA[java.lang.AssertionError: 
1 expectation failed.
Expected status code <201> but was <405>.

	at java.base/jdk.internal.reflect.DirectConstructorHandleAccessor.newInstance(DirectConstructorHandleAccessor.java:67)
	at java.base/java.lang.reflect.Constructor.newInstanceWithCaller(Constructor.java:500)
	at java.base/java.lang.reflect.Constructor.newInstance(Constructor.java:484)
	at org.codehaus.groovy.reflection.CachedConstructor.invoke(CachedConstructor.java:73)
	at org.codehaus.groovy.runtime.callsite.ConstructorSite$ConstructorSiteNoUnwrapNoCoerce.callConstructor(ConstructorSite.java:108)
	at org.codehaus.groovy.runtime.callsite.CallSiteArray.defaultCallConstructor(CallSiteArray.java:57)
	at org.codehaus.groovy.runtime.callsite.AbstractCallSite.callConstructor(AbstractCallSite.java:263)
	at org.codehaus.groovy.runtime.callsite.AbstractCallSite.callConstructor(AbstractCallSite.java:277)
	at io.restassured.internal.ResponseSpecificationImpl$HamcrestAssertionClosure.validate(ResponseSpecificationImpl.groovy:512)
	at io.restassured.internal.ResponseSpecificationImpl$HamcrestAssertionClosure$validate$1.call(Unknown Source)
	at io.restassured.internal.ResponseSpecificationImpl.validateResponseIfRequired(ResponseSpecificationImpl.groovy:696)
	at io.restassured.internal.ResponseSpecificationImpl.this$2$validateResponseIfRequired(ResponseSpecificationImpl.groovy)
	at java.base/jdk.internal.reflect.DirectMethodHandleAccessor.invoke(DirectMethodHandleAccessor.java:104)
	at java.base/java.lang.reflect.Method.invoke(Method.java:578)
	at org.codehaus.groovy.runtime.callsite.PlainObjectMetaMethodSite.doInvoke(PlainObjectMetaMethodSite.java:43)
	at org.codehaus.groovy.runtime.callsite.PogoMetaMethodSite$PogoCachedMethodSiteNoUnwrapNoCoerce.invoke(PogoMetaMethodSite.java:198)
	at org.codehaus.groovy.runtime.callsite.PogoMetaMethodSite.callCurrent(PogoMetaMethodSite.java:62)
	at org.codehaus.groovy.runtime.callsite.AbstractCallSite.callCurrent(AbstractCallSite.java:185)
	at io.restassured.internal.ResponseSpecificationImpl.statusCode(ResponseSpecificationImpl.groovy:135)
	at io.restassured.specification.ResponseSpecification$statusCode$0.callCurrent(Unknown Source)
	at io.restassured.internal.ResponseSpecificationImpl.statusCode(ResponseSpecificationImpl.groovy:143)
	at io.restassured.internal.ValidatableResponseOptionsImpl.statusCode(ValidatableResponseOptionsImpl.java:89)
	at RestAssuredProject.Restful_bookerTest.testDelete(Restful_bookerTest.java:179)
	at java.base/jdk.internal.reflect.DirectMethodHandleAccessor.invoke(DirectMethodHandleAccessor.java:104)
	at java.base/java.lang.reflect.Method.invoke(Method.java:578)
	at org.testng.internal.invokers.MethodInvocationHelper.invokeMethod(MethodInvocationHelper.java:139)
	at org.testng.internal.invokers.TestInvoker.invokeMethod(TestInvoker.java:677)
	at org.testng.internal.invokers.TestInvoker.invokeTestMethod(TestInvoker.java:221)
	at org.testng.internal.invokers.MethodRunner.runInSequence(MethodRunner.java:50)
	at org.testng.internal.invokers.TestInvoker$MethodInvocationAgent.invoke(TestInvoker.java:969)
	at org.testng.internal.invokers.TestInvoker.invokeTestMethods(TestInvoker.java:194)
	at org.testng.internal.invokers.TestMethodWorker.invokeTestMethods(TestMethodWorker.java:148)
	at org.testng.internal.invokers.TestMethodWorker.run(TestMethodWorker.java:128)
	at java.base/java.util.ArrayList.forEach(ArrayList.java:1511)
	at org.testng.TestRunner.privateRun(TestRunner.java:829)
	at org.testng.TestRunner.run(TestRunner.java:602)
	at org.testng.SuiteRunner.runTest(SuiteRunner.java:437)
	at org.testng.SuiteRunner.runSequentially(SuiteRunner.java:431)
	at org.testng.SuiteRunner.privateRun(SuiteRunner.java:391)
	at org.testng.SuiteRunner.run(SuiteRunner.java:330)
	at org.testng.SuiteRunnerWorker.runSuite(SuiteRunnerWorker.java:52)
	at org.testng.SuiteRunnerWorker.run(SuiteRunnerWorker.java:95)
	at org.testng.TestNG.runSuitesSequentially(TestNG.java:1256)
	at org.testng.TestNG.runSuitesLocally(TestNG.java:1176)
	at org.testng.TestNG.runSuites(TestNG.java:1099)
	at org.testng.TestNG.run(TestNG.java:1067)
	at org.apache.maven.surefire.testng.TestNGExecutor.run(TestNGExecutor.java:151)
	at org.apache.maven.surefire.testng.TestNGDirectoryTestSuite.executeSingleClass(TestNGDirectoryTestSuite.java:111)
	at org.apache.maven.surefire.testng.TestNGDirectoryTestSuite.execute(TestNGDirectoryTestSuite.java:98)
	at org.apache.maven.surefire.testng.TestNGProvider.invoke(TestNGProvider.java:155)
	at org.apache.maven.surefire.booter.ForkedBooter.runSuitesInProcess(ForkedBooter.java:456)
	at org.apache.maven.surefire.booter.ForkedBooter.execute(ForkedBooter.java:169)
	at org.apache.maven.surefire.booter.ForkedBooter.run(ForkedBooter.java:595)
	at org.apache.maven.surefire.booter.ForkedBooter.main(ForkedBooter.java:581)
]]></failure>
  </testcase>
  <testcase name="testPartialUpdate" classname="RestAssuredProject.Restful_bookerTest" time="0.144">
    <system-out><![CDATA[HTTP/1.1 200 OK
Server: Cowboy
Connection: keep-alive
X-Powered-By: Express
Content-Type: application/json; charset=utf-8
Content-Length: 169
Etag: W/"a9-Jw18uHogFeeL2eYChzXRWgLUFzM"
Date: Sun, 19 Feb 2023 16:58:38 GMT
Via: 1.1 vegur

{
    "firstname": "jack",
    "lastname": "MAmaa",
    "totalprice": 541,
    "depositpaid": true,
    "bookingdates": {
        "checkin": "2015-05-06",
        "checkout": "2016-11-29"
    },
    "additionalneeds": "Breakfast"
}
]]></system-out>
  </testcase>
  <testcase name="filterByValidName" classname="RestAssuredProject.Restful_bookerTest" time="0.15">
    <system-out><![CDATA[HTTP/1.1 200 OK
Server: Cowboy
Connection: keep-alive
X-Powered-By: Express
Content-Type: application/json; charset=utf-8
Content-Length: 36
Etag: W/"24-omHEHkW5babAaeohK4Ukn1khMgE"
Date: Sun, 19 Feb 2023 16:58:39 GMT
Via: 1.1 vegur

[
    {
        "bookingid": 6
    },
    {
        "bookingid": 7142
    }
]
]]></system-out>
  </testcase>
</testsuite>